[2025-06-14T06:56:37.092+0000] {processor.py:161} INFO - Started process (PID=103) to work on /home/airflow/.local/lib/python3.8/site-packages/airflow/example_dags/example_sla_dag.py
[2025-06-14T06:56:37.103+0000] {processor.py:830} INFO - Processing file /home/airflow/.local/lib/python3.8/site-packages/airflow/example_dags/example_sla_dag.py for tasks to queue
[2025-06-14T06:56:37.107+0000] {logging_mixin.py:188} INFO - [2025-06-14T06:56:37.107+0000] {dagbag.py:538} INFO - Filling up the DagBag from /home/airflow/.local/lib/python3.8/site-packages/airflow/example_dags/example_sla_dag.py
[2025-06-14T06:56:37.125+0000] {processor.py:840} INFO - DAG(s) 'example_sla_dag' retrieved from /home/airflow/.local/lib/python3.8/site-packages/airflow/example_dags/example_sla_dag.py
[2025-06-14T06:56:37.316+0000] {logging_mixin.py:188} INFO - [2025-06-14T06:56:37.315+0000] {dag.py:3036} INFO - Sync 1 DAGs
[2025-06-14T06:56:37.361+0000] {logging_mixin.py:188} INFO - [2025-06-14T06:56:37.360+0000] {dag.py:3823} INFO - Setting next_dagrun for example_sla_dag to 2025-06-14 06:54:00+00:00, run_after=2025-06-14 06:56:00+00:00
[2025-06-14T06:56:37.412+0000] {processor.py:183} INFO - Processing /home/airflow/.local/lib/python3.8/site-packages/airflow/example_dags/example_sla_dag.py took 0.324 seconds
[2025-06-14T06:57:08.102+0000] {processor.py:161} INFO - Started process (PID=158) to work on /home/airflow/.local/lib/python3.8/site-packages/airflow/example_dags/example_sla_dag.py
[2025-06-14T06:57:08.106+0000] {processor.py:830} INFO - Processing file /home/airflow/.local/lib/python3.8/site-packages/airflow/example_dags/example_sla_dag.py for tasks to queue
[2025-06-14T06:57:08.109+0000] {logging_mixin.py:188} INFO - [2025-06-14T06:57:08.109+0000] {dagbag.py:538} INFO - Filling up the DagBag from /home/airflow/.local/lib/python3.8/site-packages/airflow/example_dags/example_sla_dag.py
[2025-06-14T06:57:08.117+0000] {processor.py:840} INFO - DAG(s) 'example_sla_dag' retrieved from /home/airflow/.local/lib/python3.8/site-packages/airflow/example_dags/example_sla_dag.py
[2025-06-14T06:57:08.138+0000] {logging_mixin.py:188} INFO - [2025-06-14T06:57:08.137+0000] {dag.py:3036} INFO - Sync 1 DAGs
[2025-06-14T06:57:08.165+0000] {logging_mixin.py:188} INFO - [2025-06-14T06:57:08.164+0000] {dag.py:3823} INFO - Setting next_dagrun for example_sla_dag to 2025-06-14 06:54:00+00:00, run_after=2025-06-14 06:56:00+00:00
[2025-06-14T06:57:08.188+0000] {processor.py:183} INFO - Processing /home/airflow/.local/lib/python3.8/site-packages/airflow/example_dags/example_sla_dag.py took 0.091 seconds
[2025-06-14T06:57:39.111+0000] {processor.py:161} INFO - Started process (PID=213) to work on /home/airflow/.local/lib/python3.8/site-packages/airflow/example_dags/example_sla_dag.py
[2025-06-14T06:57:39.113+0000] {processor.py:830} INFO - Processing file /home/airflow/.local/lib/python3.8/site-packages/airflow/example_dags/example_sla_dag.py for tasks to queue
[2025-06-14T06:57:39.117+0000] {logging_mixin.py:188} INFO - [2025-06-14T06:57:39.116+0000] {dagbag.py:538} INFO - Filling up the DagBag from /home/airflow/.local/lib/python3.8/site-packages/airflow/example_dags/example_sla_dag.py
[2025-06-14T06:57:39.128+0000] {processor.py:840} INFO - DAG(s) 'example_sla_dag' retrieved from /home/airflow/.local/lib/python3.8/site-packages/airflow/example_dags/example_sla_dag.py
[2025-06-14T06:57:39.164+0000] {logging_mixin.py:188} INFO - [2025-06-14T06:57:39.164+0000] {dag.py:3036} INFO - Sync 1 DAGs
[2025-06-14T06:57:39.209+0000] {logging_mixin.py:188} INFO - [2025-06-14T06:57:39.209+0000] {dag.py:3823} INFO - Setting next_dagrun for example_sla_dag to 2025-06-14 06:54:00+00:00, run_after=2025-06-14 06:56:00+00:00
[2025-06-14T06:57:39.243+0000] {processor.py:183} INFO - Processing /home/airflow/.local/lib/python3.8/site-packages/airflow/example_dags/example_sla_dag.py took 0.136 seconds
[2025-06-14T06:58:09.369+0000] {processor.py:161} INFO - Started process (PID=268) to work on /home/airflow/.local/lib/python3.8/site-packages/airflow/example_dags/example_sla_dag.py
[2025-06-14T06:58:09.370+0000] {processor.py:830} INFO - Processing file /home/airflow/.local/lib/python3.8/site-packages/airflow/example_dags/example_sla_dag.py for tasks to queue
[2025-06-14T06:58:09.374+0000] {logging_mixin.py:188} INFO - [2025-06-14T06:58:09.373+0000] {dagbag.py:538} INFO - Filling up the DagBag from /home/airflow/.local/lib/python3.8/site-packages/airflow/example_dags/example_sla_dag.py
[2025-06-14T06:58:09.384+0000] {processor.py:840} INFO - DAG(s) 'example_sla_dag' retrieved from /home/airflow/.local/lib/python3.8/site-packages/airflow/example_dags/example_sla_dag.py
[2025-06-14T06:58:09.407+0000] {logging_mixin.py:188} INFO - [2025-06-14T06:58:09.407+0000] {dag.py:3036} INFO - Sync 1 DAGs
[2025-06-14T06:58:09.440+0000] {logging_mixin.py:188} INFO - [2025-06-14T06:58:09.440+0000] {dag.py:3823} INFO - Setting next_dagrun for example_sla_dag to 2025-06-14 06:56:00+00:00, run_after=2025-06-14 06:58:00+00:00
[2025-06-14T06:58:09.478+0000] {processor.py:183} INFO - Processing /home/airflow/.local/lib/python3.8/site-packages/airflow/example_dags/example_sla_dag.py took 0.113 seconds
[2025-06-14T06:58:39.608+0000] {processor.py:161} INFO - Started process (PID=323) to work on /home/airflow/.local/lib/python3.8/site-packages/airflow/example_dags/example_sla_dag.py
[2025-06-14T06:58:39.610+0000] {processor.py:830} INFO - Processing file /home/airflow/.local/lib/python3.8/site-packages/airflow/example_dags/example_sla_dag.py for tasks to queue
[2025-06-14T06:58:39.612+0000] {logging_mixin.py:188} INFO - [2025-06-14T06:58:39.612+0000] {dagbag.py:538} INFO - Filling up the DagBag from /home/airflow/.local/lib/python3.8/site-packages/airflow/example_dags/example_sla_dag.py
[2025-06-14T06:58:39.626+0000] {processor.py:840} INFO - DAG(s) 'example_sla_dag' retrieved from /home/airflow/.local/lib/python3.8/site-packages/airflow/example_dags/example_sla_dag.py
[2025-06-14T06:58:39.661+0000] {logging_mixin.py:188} INFO - [2025-06-14T06:58:39.661+0000] {dag.py:3036} INFO - Sync 1 DAGs
[2025-06-14T06:58:39.693+0000] {logging_mixin.py:188} INFO - [2025-06-14T06:58:39.693+0000] {dag.py:3823} INFO - Setting next_dagrun for example_sla_dag to 2025-06-14 06:56:00+00:00, run_after=2025-06-14 06:58:00+00:00
[2025-06-14T06:58:39.711+0000] {processor.py:183} INFO - Processing /home/airflow/.local/lib/python3.8/site-packages/airflow/example_dags/example_sla_dag.py took 0.106 seconds
[2025-06-14T06:59:10.018+0000] {processor.py:161} INFO - Started process (PID=378) to work on /home/airflow/.local/lib/python3.8/site-packages/airflow/example_dags/example_sla_dag.py
[2025-06-14T06:59:10.020+0000] {processor.py:830} INFO - Processing file /home/airflow/.local/lib/python3.8/site-packages/airflow/example_dags/example_sla_dag.py for tasks to queue
[2025-06-14T06:59:10.023+0000] {logging_mixin.py:188} INFO - [2025-06-14T06:59:10.022+0000] {dagbag.py:538} INFO - Filling up the DagBag from /home/airflow/.local/lib/python3.8/site-packages/airflow/example_dags/example_sla_dag.py
[2025-06-14T06:59:10.033+0000] {processor.py:840} INFO - DAG(s) 'example_sla_dag' retrieved from /home/airflow/.local/lib/python3.8/site-packages/airflow/example_dags/example_sla_dag.py
[2025-06-14T06:59:10.059+0000] {logging_mixin.py:188} INFO - [2025-06-14T06:59:10.059+0000] {dag.py:3036} INFO - Sync 1 DAGs
[2025-06-14T06:59:10.091+0000] {logging_mixin.py:188} INFO - [2025-06-14T06:59:10.091+0000] {dag.py:3823} INFO - Setting next_dagrun for example_sla_dag to 2025-06-14 06:56:00+00:00, run_after=2025-06-14 06:58:00+00:00
[2025-06-14T06:59:10.115+0000] {processor.py:183} INFO - Processing /home/airflow/.local/lib/python3.8/site-packages/airflow/example_dags/example_sla_dag.py took 0.102 seconds
[2025-06-14T06:59:40.361+0000] {processor.py:161} INFO - Started process (PID=433) to work on /home/airflow/.local/lib/python3.8/site-packages/airflow/example_dags/example_sla_dag.py
[2025-06-14T06:59:40.363+0000] {processor.py:830} INFO - Processing file /home/airflow/.local/lib/python3.8/site-packages/airflow/example_dags/example_sla_dag.py for tasks to queue
[2025-06-14T06:59:40.365+0000] {logging_mixin.py:188} INFO - [2025-06-14T06:59:40.365+0000] {dagbag.py:538} INFO - Filling up the DagBag from /home/airflow/.local/lib/python3.8/site-packages/airflow/example_dags/example_sla_dag.py
[2025-06-14T06:59:40.375+0000] {processor.py:840} INFO - DAG(s) 'example_sla_dag' retrieved from /home/airflow/.local/lib/python3.8/site-packages/airflow/example_dags/example_sla_dag.py
[2025-06-14T06:59:40.403+0000] {logging_mixin.py:188} INFO - [2025-06-14T06:59:40.402+0000] {dag.py:3036} INFO - Sync 1 DAGs
[2025-06-14T06:59:40.429+0000] {logging_mixin.py:188} INFO - [2025-06-14T06:59:40.429+0000] {dag.py:3823} INFO - Setting next_dagrun for example_sla_dag to 2025-06-14 06:56:00+00:00, run_after=2025-06-14 06:58:00+00:00
[2025-06-14T06:59:40.456+0000] {processor.py:183} INFO - Processing /home/airflow/.local/lib/python3.8/site-packages/airflow/example_dags/example_sla_dag.py took 0.098 seconds
[2025-06-14T07:00:10.524+0000] {processor.py:161} INFO - Started process (PID=488) to work on /home/airflow/.local/lib/python3.8/site-packages/airflow/example_dags/example_sla_dag.py
[2025-06-14T07:00:10.525+0000] {processor.py:830} INFO - Processing file /home/airflow/.local/lib/python3.8/site-packages/airflow/example_dags/example_sla_dag.py for tasks to queue
[2025-06-14T07:00:10.529+0000] {logging_mixin.py:188} INFO - [2025-06-14T07:00:10.528+0000] {dagbag.py:538} INFO - Filling up the DagBag from /home/airflow/.local/lib/python3.8/site-packages/airflow/example_dags/example_sla_dag.py
[2025-06-14T07:00:10.539+0000] {processor.py:840} INFO - DAG(s) 'example_sla_dag' retrieved from /home/airflow/.local/lib/python3.8/site-packages/airflow/example_dags/example_sla_dag.py
[2025-06-14T07:00:10.565+0000] {logging_mixin.py:188} INFO - [2025-06-14T07:00:10.564+0000] {dag.py:3036} INFO - Sync 1 DAGs
[2025-06-14T07:00:10.598+0000] {logging_mixin.py:188} INFO - [2025-06-14T07:00:10.597+0000] {dag.py:3823} INFO - Setting next_dagrun for example_sla_dag to 2025-06-14 06:58:00+00:00, run_after=2025-06-14 07:00:00+00:00
[2025-06-14T07:00:10.627+0000] {processor.py:183} INFO - Processing /home/airflow/.local/lib/python3.8/site-packages/airflow/example_dags/example_sla_dag.py took 0.107 seconds
