[2025-06-14T06:56:36.220+0000] {processor.py:161} INFO - Started process (PID=99) to work on /home/airflow/.local/lib/python3.8/site-packages/airflow/example_dags/example_task_group_decorator.py
[2025-06-14T06:56:36.223+0000] {processor.py:830} INFO - Processing file /home/airflow/.local/lib/python3.8/site-packages/airflow/example_dags/example_task_group_decorator.py for tasks to queue
[2025-06-14T06:56:36.226+0000] {logging_mixin.py:188} INFO - [2025-06-14T06:56:36.226+0000] {dagbag.py:538} INFO - Filling up the DagBag from /home/airflow/.local/lib/python3.8/site-packages/airflow/example_dags/example_task_group_decorator.py
[2025-06-14T06:56:36.260+0000] {processor.py:840} INFO - DAG(s) 'example_task_group_decorator' retrieved from /home/airflow/.local/lib/python3.8/site-packages/airflow/example_dags/example_task_group_decorator.py
[2025-06-14T06:56:36.504+0000] {logging_mixin.py:188} INFO - [2025-06-14T06:56:36.504+0000] {dag.py:3036} INFO - Sync 1 DAGs
[2025-06-14T06:56:36.572+0000] {logging_mixin.py:188} INFO - [2025-06-14T06:56:36.571+0000] {dag.py:3823} INFO - Setting next_dagrun for example_task_group_decorator to 2025-06-13 00:00:00+00:00, run_after=2025-06-14 00:00:00+00:00
[2025-06-14T06:56:36.653+0000] {processor.py:183} INFO - Processing /home/airflow/.local/lib/python3.8/site-packages/airflow/example_dags/example_task_group_decorator.py took 0.441 seconds
[2025-06-14T06:57:06.917+0000] {processor.py:161} INFO - Started process (PID=154) to work on /home/airflow/.local/lib/python3.8/site-packages/airflow/example_dags/example_task_group_decorator.py
[2025-06-14T06:57:06.919+0000] {processor.py:830} INFO - Processing file /home/airflow/.local/lib/python3.8/site-packages/airflow/example_dags/example_task_group_decorator.py for tasks to queue
[2025-06-14T06:57:06.921+0000] {logging_mixin.py:188} INFO - [2025-06-14T06:57:06.921+0000] {dagbag.py:538} INFO - Filling up the DagBag from /home/airflow/.local/lib/python3.8/site-packages/airflow/example_dags/example_task_group_decorator.py
[2025-06-14T06:57:06.938+0000] {processor.py:840} INFO - DAG(s) 'example_task_group_decorator' retrieved from /home/airflow/.local/lib/python3.8/site-packages/airflow/example_dags/example_task_group_decorator.py
[2025-06-14T06:57:06.969+0000] {logging_mixin.py:188} INFO - [2025-06-14T06:57:06.969+0000] {dag.py:3036} INFO - Sync 1 DAGs
[2025-06-14T06:57:06.997+0000] {logging_mixin.py:188} INFO - [2025-06-14T06:57:06.997+0000] {dag.py:3823} INFO - Setting next_dagrun for example_task_group_decorator to 2025-06-13 00:00:00+00:00, run_after=2025-06-14 00:00:00+00:00
[2025-06-14T06:57:07.030+0000] {processor.py:183} INFO - Processing /home/airflow/.local/lib/python3.8/site-packages/airflow/example_dags/example_task_group_decorator.py took 0.116 seconds
[2025-06-14T06:57:37.830+0000] {processor.py:161} INFO - Started process (PID=209) to work on /home/airflow/.local/lib/python3.8/site-packages/airflow/example_dags/example_task_group_decorator.py
[2025-06-14T06:57:37.832+0000] {processor.py:830} INFO - Processing file /home/airflow/.local/lib/python3.8/site-packages/airflow/example_dags/example_task_group_decorator.py for tasks to queue
[2025-06-14T06:57:37.835+0000] {logging_mixin.py:188} INFO - [2025-06-14T06:57:37.834+0000] {dagbag.py:538} INFO - Filling up the DagBag from /home/airflow/.local/lib/python3.8/site-packages/airflow/example_dags/example_task_group_decorator.py
[2025-06-14T06:57:37.853+0000] {processor.py:840} INFO - DAG(s) 'example_task_group_decorator' retrieved from /home/airflow/.local/lib/python3.8/site-packages/airflow/example_dags/example_task_group_decorator.py
[2025-06-14T06:57:37.880+0000] {logging_mixin.py:188} INFO - [2025-06-14T06:57:37.879+0000] {dag.py:3036} INFO - Sync 1 DAGs
[2025-06-14T06:57:37.904+0000] {logging_mixin.py:188} INFO - [2025-06-14T06:57:37.903+0000] {dag.py:3823} INFO - Setting next_dagrun for example_task_group_decorator to 2025-06-13 00:00:00+00:00, run_after=2025-06-14 00:00:00+00:00
[2025-06-14T06:57:37.931+0000] {processor.py:183} INFO - Processing /home/airflow/.local/lib/python3.8/site-packages/airflow/example_dags/example_task_group_decorator.py took 0.103 seconds
[2025-06-14T06:58:08.058+0000] {processor.py:161} INFO - Started process (PID=264) to work on /home/airflow/.local/lib/python3.8/site-packages/airflow/example_dags/example_task_group_decorator.py
[2025-06-14T06:58:08.059+0000] {processor.py:830} INFO - Processing file /home/airflow/.local/lib/python3.8/site-packages/airflow/example_dags/example_task_group_decorator.py for tasks to queue
[2025-06-14T06:58:08.063+0000] {logging_mixin.py:188} INFO - [2025-06-14T06:58:08.063+0000] {dagbag.py:538} INFO - Filling up the DagBag from /home/airflow/.local/lib/python3.8/site-packages/airflow/example_dags/example_task_group_decorator.py
[2025-06-14T06:58:08.081+0000] {processor.py:840} INFO - DAG(s) 'example_task_group_decorator' retrieved from /home/airflow/.local/lib/python3.8/site-packages/airflow/example_dags/example_task_group_decorator.py
[2025-06-14T06:58:08.117+0000] {logging_mixin.py:188} INFO - [2025-06-14T06:58:08.117+0000] {dag.py:3036} INFO - Sync 1 DAGs
[2025-06-14T06:58:08.149+0000] {logging_mixin.py:188} INFO - [2025-06-14T06:58:08.148+0000] {dag.py:3823} INFO - Setting next_dagrun for example_task_group_decorator to 2025-06-13 00:00:00+00:00, run_after=2025-06-14 00:00:00+00:00
[2025-06-14T06:58:08.184+0000] {processor.py:183} INFO - Processing /home/airflow/.local/lib/python3.8/site-packages/airflow/example_dags/example_task_group_decorator.py took 0.129 seconds
[2025-06-14T06:58:38.350+0000] {processor.py:161} INFO - Started process (PID=319) to work on /home/airflow/.local/lib/python3.8/site-packages/airflow/example_dags/example_task_group_decorator.py
[2025-06-14T06:58:38.353+0000] {processor.py:830} INFO - Processing file /home/airflow/.local/lib/python3.8/site-packages/airflow/example_dags/example_task_group_decorator.py for tasks to queue
[2025-06-14T06:58:38.355+0000] {logging_mixin.py:188} INFO - [2025-06-14T06:58:38.355+0000] {dagbag.py:538} INFO - Filling up the DagBag from /home/airflow/.local/lib/python3.8/site-packages/airflow/example_dags/example_task_group_decorator.py
[2025-06-14T06:58:38.368+0000] {processor.py:840} INFO - DAG(s) 'example_task_group_decorator' retrieved from /home/airflow/.local/lib/python3.8/site-packages/airflow/example_dags/example_task_group_decorator.py
[2025-06-14T06:58:38.398+0000] {logging_mixin.py:188} INFO - [2025-06-14T06:58:38.398+0000] {dag.py:3036} INFO - Sync 1 DAGs
[2025-06-14T06:58:38.423+0000] {logging_mixin.py:188} INFO - [2025-06-14T06:58:38.423+0000] {dag.py:3823} INFO - Setting next_dagrun for example_task_group_decorator to 2025-06-13 00:00:00+00:00, run_after=2025-06-14 00:00:00+00:00
[2025-06-14T06:58:38.452+0000] {processor.py:183} INFO - Processing /home/airflow/.local/lib/python3.8/site-packages/airflow/example_dags/example_task_group_decorator.py took 0.105 seconds
[2025-06-14T06:59:08.712+0000] {processor.py:161} INFO - Started process (PID=374) to work on /home/airflow/.local/lib/python3.8/site-packages/airflow/example_dags/example_task_group_decorator.py
[2025-06-14T06:59:08.713+0000] {processor.py:830} INFO - Processing file /home/airflow/.local/lib/python3.8/site-packages/airflow/example_dags/example_task_group_decorator.py for tasks to queue
[2025-06-14T06:59:08.716+0000] {logging_mixin.py:188} INFO - [2025-06-14T06:59:08.715+0000] {dagbag.py:538} INFO - Filling up the DagBag from /home/airflow/.local/lib/python3.8/site-packages/airflow/example_dags/example_task_group_decorator.py
[2025-06-14T06:59:08.729+0000] {processor.py:840} INFO - DAG(s) 'example_task_group_decorator' retrieved from /home/airflow/.local/lib/python3.8/site-packages/airflow/example_dags/example_task_group_decorator.py
[2025-06-14T06:59:08.760+0000] {logging_mixin.py:188} INFO - [2025-06-14T06:59:08.760+0000] {dag.py:3036} INFO - Sync 1 DAGs
[2025-06-14T06:59:08.801+0000] {logging_mixin.py:188} INFO - [2025-06-14T06:59:08.800+0000] {dag.py:3823} INFO - Setting next_dagrun for example_task_group_decorator to 2025-06-13 00:00:00+00:00, run_after=2025-06-14 00:00:00+00:00
[2025-06-14T06:59:08.833+0000] {processor.py:183} INFO - Processing /home/airflow/.local/lib/python3.8/site-packages/airflow/example_dags/example_task_group_decorator.py took 0.125 seconds
[2025-06-14T06:59:39.060+0000] {processor.py:161} INFO - Started process (PID=429) to work on /home/airflow/.local/lib/python3.8/site-packages/airflow/example_dags/example_task_group_decorator.py
[2025-06-14T06:59:39.061+0000] {processor.py:830} INFO - Processing file /home/airflow/.local/lib/python3.8/site-packages/airflow/example_dags/example_task_group_decorator.py for tasks to queue
[2025-06-14T06:59:39.063+0000] {logging_mixin.py:188} INFO - [2025-06-14T06:59:39.063+0000] {dagbag.py:538} INFO - Filling up the DagBag from /home/airflow/.local/lib/python3.8/site-packages/airflow/example_dags/example_task_group_decorator.py
[2025-06-14T06:59:39.078+0000] {processor.py:840} INFO - DAG(s) 'example_task_group_decorator' retrieved from /home/airflow/.local/lib/python3.8/site-packages/airflow/example_dags/example_task_group_decorator.py
[2025-06-14T06:59:39.112+0000] {logging_mixin.py:188} INFO - [2025-06-14T06:59:39.112+0000] {dag.py:3036} INFO - Sync 1 DAGs
[2025-06-14T06:59:39.139+0000] {logging_mixin.py:188} INFO - [2025-06-14T06:59:39.138+0000] {dag.py:3823} INFO - Setting next_dagrun for example_task_group_decorator to 2025-06-13 00:00:00+00:00, run_after=2025-06-14 00:00:00+00:00
[2025-06-14T06:59:39.170+0000] {processor.py:183} INFO - Processing /home/airflow/.local/lib/python3.8/site-packages/airflow/example_dags/example_task_group_decorator.py took 0.115 seconds
[2025-06-14T07:00:09.255+0000] {processor.py:161} INFO - Started process (PID=484) to work on /home/airflow/.local/lib/python3.8/site-packages/airflow/example_dags/example_task_group_decorator.py
[2025-06-14T07:00:09.256+0000] {processor.py:830} INFO - Processing file /home/airflow/.local/lib/python3.8/site-packages/airflow/example_dags/example_task_group_decorator.py for tasks to queue
[2025-06-14T07:00:09.258+0000] {logging_mixin.py:188} INFO - [2025-06-14T07:00:09.258+0000] {dagbag.py:538} INFO - Filling up the DagBag from /home/airflow/.local/lib/python3.8/site-packages/airflow/example_dags/example_task_group_decorator.py
[2025-06-14T07:00:09.275+0000] {processor.py:840} INFO - DAG(s) 'example_task_group_decorator' retrieved from /home/airflow/.local/lib/python3.8/site-packages/airflow/example_dags/example_task_group_decorator.py
[2025-06-14T07:00:09.305+0000] {logging_mixin.py:188} INFO - [2025-06-14T07:00:09.304+0000] {dag.py:3036} INFO - Sync 1 DAGs
[2025-06-14T07:00:09.324+0000] {logging_mixin.py:188} INFO - [2025-06-14T07:00:09.323+0000] {dag.py:3823} INFO - Setting next_dagrun for example_task_group_decorator to 2025-06-13 00:00:00+00:00, run_after=2025-06-14 00:00:00+00:00
[2025-06-14T07:00:09.344+0000] {processor.py:183} INFO - Processing /home/airflow/.local/lib/python3.8/site-packages/airflow/example_dags/example_task_group_decorator.py took 0.093 seconds
