[2025-06-14T06:56:39.315+0000] {processor.py:161} INFO - Started process (PID=110) to work on /home/airflow/.local/lib/python3.8/site-packages/airflow/example_dags/example_external_task_marker_dag.py
[2025-06-14T06:56:39.318+0000] {processor.py:830} INFO - Processing file /home/airflow/.local/lib/python3.8/site-packages/airflow/example_dags/example_external_task_marker_dag.py for tasks to queue
[2025-06-14T06:56:39.325+0000] {logging_mixin.py:188} INFO - [2025-06-14T06:56:39.324+0000] {dagbag.py:538} INFO - Filling up the DagBag from /home/airflow/.local/lib/python3.8/site-packages/airflow/example_dags/example_external_task_marker_dag.py
[2025-06-14T06:56:39.352+0000] {processor.py:840} INFO - DAG(s) 'example_external_task_marker_parent', 'example_external_task_marker_child' retrieved from /home/airflow/.local/lib/python3.8/site-packages/airflow/example_dags/example_external_task_marker_dag.py
[2025-06-14T06:56:39.665+0000] {logging_mixin.py:188} INFO - [2025-06-14T06:56:39.664+0000] {dag.py:3036} INFO - Sync 2 DAGs
[2025-06-14T06:56:39.687+0000] {logging_mixin.py:188} INFO - [2025-06-14T06:56:39.686+0000] {dag.py:3823} INFO - Setting next_dagrun for example_external_task_marker_child to None, run_after=None
[2025-06-14T06:56:39.693+0000] {logging_mixin.py:188} INFO - [2025-06-14T06:56:39.693+0000] {dag.py:3823} INFO - Setting next_dagrun for example_external_task_marker_parent to None, run_after=None
[2025-06-14T06:56:39.730+0000] {processor.py:183} INFO - Processing /home/airflow/.local/lib/python3.8/site-packages/airflow/example_dags/example_external_task_marker_dag.py took 0.422 seconds
[2025-06-14T06:57:09.968+0000] {processor.py:161} INFO - Started process (PID=165) to work on /home/airflow/.local/lib/python3.8/site-packages/airflow/example_dags/example_external_task_marker_dag.py
[2025-06-14T06:57:09.971+0000] {processor.py:830} INFO - Processing file /home/airflow/.local/lib/python3.8/site-packages/airflow/example_dags/example_external_task_marker_dag.py for tasks to queue
[2025-06-14T06:57:09.978+0000] {logging_mixin.py:188} INFO - [2025-06-14T06:57:09.977+0000] {dagbag.py:538} INFO - Filling up the DagBag from /home/airflow/.local/lib/python3.8/site-packages/airflow/example_dags/example_external_task_marker_dag.py
[2025-06-14T06:57:09.991+0000] {processor.py:840} INFO - DAG(s) 'example_external_task_marker_parent', 'example_external_task_marker_child' retrieved from /home/airflow/.local/lib/python3.8/site-packages/airflow/example_dags/example_external_task_marker_dag.py
[2025-06-14T06:57:10.043+0000] {logging_mixin.py:188} INFO - [2025-06-14T06:57:10.042+0000] {dag.py:3036} INFO - Sync 2 DAGs
[2025-06-14T06:57:10.069+0000] {logging_mixin.py:188} INFO - [2025-06-14T06:57:10.069+0000] {dag.py:3823} INFO - Setting next_dagrun for example_external_task_marker_child to None, run_after=None
[2025-06-14T06:57:10.078+0000] {logging_mixin.py:188} INFO - [2025-06-14T06:57:10.077+0000] {dag.py:3823} INFO - Setting next_dagrun for example_external_task_marker_parent to None, run_after=None
[2025-06-14T06:57:10.112+0000] {processor.py:183} INFO - Processing /home/airflow/.local/lib/python3.8/site-packages/airflow/example_dags/example_external_task_marker_dag.py took 0.152 seconds
[2025-06-14T06:57:40.255+0000] {processor.py:161} INFO - Started process (PID=220) to work on /home/airflow/.local/lib/python3.8/site-packages/airflow/example_dags/example_external_task_marker_dag.py
[2025-06-14T06:57:40.257+0000] {processor.py:830} INFO - Processing file /home/airflow/.local/lib/python3.8/site-packages/airflow/example_dags/example_external_task_marker_dag.py for tasks to queue
[2025-06-14T06:57:40.261+0000] {logging_mixin.py:188} INFO - [2025-06-14T06:57:40.260+0000] {dagbag.py:538} INFO - Filling up the DagBag from /home/airflow/.local/lib/python3.8/site-packages/airflow/example_dags/example_external_task_marker_dag.py
[2025-06-14T06:57:40.274+0000] {processor.py:840} INFO - DAG(s) 'example_external_task_marker_child', 'example_external_task_marker_parent' retrieved from /home/airflow/.local/lib/python3.8/site-packages/airflow/example_dags/example_external_task_marker_dag.py
[2025-06-14T06:57:40.323+0000] {logging_mixin.py:188} INFO - [2025-06-14T06:57:40.322+0000] {dag.py:3036} INFO - Sync 2 DAGs
[2025-06-14T06:57:40.349+0000] {logging_mixin.py:188} INFO - [2025-06-14T06:57:40.349+0000] {dag.py:3823} INFO - Setting next_dagrun for example_external_task_marker_child to None, run_after=None
[2025-06-14T06:57:40.357+0000] {logging_mixin.py:188} INFO - [2025-06-14T06:57:40.357+0000] {dag.py:3823} INFO - Setting next_dagrun for example_external_task_marker_parent to None, run_after=None
[2025-06-14T06:57:40.397+0000] {processor.py:183} INFO - Processing /home/airflow/.local/lib/python3.8/site-packages/airflow/example_dags/example_external_task_marker_dag.py took 0.148 seconds
[2025-06-14T06:58:11.056+0000] {processor.py:161} INFO - Started process (PID=275) to work on /home/airflow/.local/lib/python3.8/site-packages/airflow/example_dags/example_external_task_marker_dag.py
[2025-06-14T06:58:11.058+0000] {processor.py:830} INFO - Processing file /home/airflow/.local/lib/python3.8/site-packages/airflow/example_dags/example_external_task_marker_dag.py for tasks to queue
[2025-06-14T06:58:11.061+0000] {logging_mixin.py:188} INFO - [2025-06-14T06:58:11.061+0000] {dagbag.py:538} INFO - Filling up the DagBag from /home/airflow/.local/lib/python3.8/site-packages/airflow/example_dags/example_external_task_marker_dag.py
[2025-06-14T06:58:11.071+0000] {processor.py:840} INFO - DAG(s) 'example_external_task_marker_parent', 'example_external_task_marker_child' retrieved from /home/airflow/.local/lib/python3.8/site-packages/airflow/example_dags/example_external_task_marker_dag.py
[2025-06-14T06:58:11.105+0000] {logging_mixin.py:188} INFO - [2025-06-14T06:58:11.105+0000] {dag.py:3036} INFO - Sync 2 DAGs
[2025-06-14T06:58:11.121+0000] {logging_mixin.py:188} INFO - [2025-06-14T06:58:11.120+0000] {dag.py:3823} INFO - Setting next_dagrun for example_external_task_marker_child to None, run_after=None
[2025-06-14T06:58:11.126+0000] {logging_mixin.py:188} INFO - [2025-06-14T06:58:11.125+0000] {dag.py:3823} INFO - Setting next_dagrun for example_external_task_marker_parent to None, run_after=None
[2025-06-14T06:58:11.151+0000] {processor.py:183} INFO - Processing /home/airflow/.local/lib/python3.8/site-packages/airflow/example_dags/example_external_task_marker_dag.py took 0.098 seconds
[2025-06-14T06:58:41.256+0000] {processor.py:161} INFO - Started process (PID=330) to work on /home/airflow/.local/lib/python3.8/site-packages/airflow/example_dags/example_external_task_marker_dag.py
[2025-06-14T06:58:41.258+0000] {processor.py:830} INFO - Processing file /home/airflow/.local/lib/python3.8/site-packages/airflow/example_dags/example_external_task_marker_dag.py for tasks to queue
[2025-06-14T06:58:41.260+0000] {logging_mixin.py:188} INFO - [2025-06-14T06:58:41.260+0000] {dagbag.py:538} INFO - Filling up the DagBag from /home/airflow/.local/lib/python3.8/site-packages/airflow/example_dags/example_external_task_marker_dag.py
[2025-06-14T06:58:41.268+0000] {processor.py:840} INFO - DAG(s) 'example_external_task_marker_parent', 'example_external_task_marker_child' retrieved from /home/airflow/.local/lib/python3.8/site-packages/airflow/example_dags/example_external_task_marker_dag.py
[2025-06-14T06:58:41.306+0000] {logging_mixin.py:188} INFO - [2025-06-14T06:58:41.306+0000] {dag.py:3036} INFO - Sync 2 DAGs
[2025-06-14T06:58:41.320+0000] {logging_mixin.py:188} INFO - [2025-06-14T06:58:41.319+0000] {dag.py:3823} INFO - Setting next_dagrun for example_external_task_marker_child to None, run_after=None
[2025-06-14T06:58:41.324+0000] {logging_mixin.py:188} INFO - [2025-06-14T06:58:41.323+0000] {dag.py:3823} INFO - Setting next_dagrun for example_external_task_marker_parent to None, run_after=None
[2025-06-14T06:58:41.351+0000] {processor.py:183} INFO - Processing /home/airflow/.local/lib/python3.8/site-packages/airflow/example_dags/example_external_task_marker_dag.py took 0.098 seconds
[2025-06-14T06:59:11.580+0000] {processor.py:161} INFO - Started process (PID=385) to work on /home/airflow/.local/lib/python3.8/site-packages/airflow/example_dags/example_external_task_marker_dag.py
[2025-06-14T06:59:11.581+0000] {processor.py:830} INFO - Processing file /home/airflow/.local/lib/python3.8/site-packages/airflow/example_dags/example_external_task_marker_dag.py for tasks to queue
[2025-06-14T06:59:11.584+0000] {logging_mixin.py:188} INFO - [2025-06-14T06:59:11.583+0000] {dagbag.py:538} INFO - Filling up the DagBag from /home/airflow/.local/lib/python3.8/site-packages/airflow/example_dags/example_external_task_marker_dag.py
[2025-06-14T06:59:11.592+0000] {processor.py:840} INFO - DAG(s) 'example_external_task_marker_child', 'example_external_task_marker_parent' retrieved from /home/airflow/.local/lib/python3.8/site-packages/airflow/example_dags/example_external_task_marker_dag.py
[2025-06-14T06:59:11.621+0000] {logging_mixin.py:188} INFO - [2025-06-14T06:59:11.621+0000] {dag.py:3036} INFO - Sync 2 DAGs
[2025-06-14T06:59:11.637+0000] {logging_mixin.py:188} INFO - [2025-06-14T06:59:11.637+0000] {dag.py:3823} INFO - Setting next_dagrun for example_external_task_marker_child to None, run_after=None
[2025-06-14T06:59:11.642+0000] {logging_mixin.py:188} INFO - [2025-06-14T06:59:11.642+0000] {dag.py:3823} INFO - Setting next_dagrun for example_external_task_marker_parent to None, run_after=None
[2025-06-14T06:59:11.661+0000] {processor.py:183} INFO - Processing /home/airflow/.local/lib/python3.8/site-packages/airflow/example_dags/example_external_task_marker_dag.py took 0.085 seconds
[2025-06-14T06:59:42.004+0000] {processor.py:161} INFO - Started process (PID=440) to work on /home/airflow/.local/lib/python3.8/site-packages/airflow/example_dags/example_external_task_marker_dag.py
[2025-06-14T06:59:42.006+0000] {processor.py:830} INFO - Processing file /home/airflow/.local/lib/python3.8/site-packages/airflow/example_dags/example_external_task_marker_dag.py for tasks to queue
[2025-06-14T06:59:42.008+0000] {logging_mixin.py:188} INFO - [2025-06-14T06:59:42.008+0000] {dagbag.py:538} INFO - Filling up the DagBag from /home/airflow/.local/lib/python3.8/site-packages/airflow/example_dags/example_external_task_marker_dag.py
[2025-06-14T06:59:42.021+0000] {processor.py:840} INFO - DAG(s) 'example_external_task_marker_child', 'example_external_task_marker_parent' retrieved from /home/airflow/.local/lib/python3.8/site-packages/airflow/example_dags/example_external_task_marker_dag.py
[2025-06-14T06:59:42.060+0000] {logging_mixin.py:188} INFO - [2025-06-14T06:59:42.059+0000] {dag.py:3036} INFO - Sync 2 DAGs
[2025-06-14T06:59:42.076+0000] {logging_mixin.py:188} INFO - [2025-06-14T06:59:42.076+0000] {dag.py:3823} INFO - Setting next_dagrun for example_external_task_marker_child to None, run_after=None
[2025-06-14T06:59:42.082+0000] {logging_mixin.py:188} INFO - [2025-06-14T06:59:42.081+0000] {dag.py:3823} INFO - Setting next_dagrun for example_external_task_marker_parent to None, run_after=None
[2025-06-14T06:59:42.108+0000] {processor.py:183} INFO - Processing /home/airflow/.local/lib/python3.8/site-packages/airflow/example_dags/example_external_task_marker_dag.py took 0.109 seconds
[2025-06-14T07:00:12.170+0000] {processor.py:161} INFO - Started process (PID=496) to work on /home/airflow/.local/lib/python3.8/site-packages/airflow/example_dags/example_external_task_marker_dag.py
[2025-06-14T07:00:12.171+0000] {processor.py:830} INFO - Processing file /home/airflow/.local/lib/python3.8/site-packages/airflow/example_dags/example_external_task_marker_dag.py for tasks to queue
[2025-06-14T07:00:12.174+0000] {logging_mixin.py:188} INFO - [2025-06-14T07:00:12.173+0000] {dagbag.py:538} INFO - Filling up the DagBag from /home/airflow/.local/lib/python3.8/site-packages/airflow/example_dags/example_external_task_marker_dag.py
[2025-06-14T07:00:12.182+0000] {processor.py:840} INFO - DAG(s) 'example_external_task_marker_child', 'example_external_task_marker_parent' retrieved from /home/airflow/.local/lib/python3.8/site-packages/airflow/example_dags/example_external_task_marker_dag.py
[2025-06-14T07:00:12.217+0000] {logging_mixin.py:188} INFO - [2025-06-14T07:00:12.217+0000] {dag.py:3036} INFO - Sync 2 DAGs
[2025-06-14T07:00:12.234+0000] {logging_mixin.py:188} INFO - [2025-06-14T07:00:12.234+0000] {dag.py:3823} INFO - Setting next_dagrun for example_external_task_marker_child to None, run_after=None
[2025-06-14T07:00:12.239+0000] {logging_mixin.py:188} INFO - [2025-06-14T07:00:12.239+0000] {dag.py:3823} INFO - Setting next_dagrun for example_external_task_marker_parent to None, run_after=None
[2025-06-14T07:00:12.263+0000] {processor.py:183} INFO - Processing /home/airflow/.local/lib/python3.8/site-packages/airflow/example_dags/example_external_task_marker_dag.py took 0.097 seconds
