[2025-06-14T06:56:33.433+0000] {processor.py:161} INFO - Started process (PID=89) to work on /home/airflow/.local/lib/python3.8/site-packages/airflow/example_dags/example_dag_decorator.py
[2025-06-14T06:56:33.435+0000] {processor.py:830} INFO - Processing file /home/airflow/.local/lib/python3.8/site-packages/airflow/example_dags/example_dag_decorator.py for tasks to queue
[2025-06-14T06:56:33.440+0000] {logging_mixin.py:188} INFO - [2025-06-14T06:56:33.439+0000] {dagbag.py:538} INFO - Filling up the DagBag from /home/airflow/.local/lib/python3.8/site-packages/airflow/example_dags/example_dag_decorator.py
[2025-06-14T06:56:33.822+0000] {processor.py:840} INFO - DAG(s) 'example_dag_decorator' retrieved from /home/airflow/.local/lib/python3.8/site-packages/airflow/example_dags/example_dag_decorator.py
[2025-06-14T06:56:34.039+0000] {logging_mixin.py:188} INFO - [2025-06-14T06:56:34.038+0000] {dag.py:3036} INFO - Sync 1 DAGs
[2025-06-14T06:56:34.057+0000] {logging_mixin.py:188} INFO - [2025-06-14T06:56:34.057+0000] {dag.py:3823} INFO - Setting next_dagrun for example_dag_decorator to None, run_after=None
[2025-06-14T06:56:34.103+0000] {processor.py:183} INFO - Processing /home/airflow/.local/lib/python3.8/site-packages/airflow/example_dags/example_dag_decorator.py took 0.677 seconds
[2025-06-14T06:57:04.833+0000] {processor.py:161} INFO - Started process (PID=144) to work on /home/airflow/.local/lib/python3.8/site-packages/airflow/example_dags/example_dag_decorator.py
[2025-06-14T06:57:04.836+0000] {processor.py:830} INFO - Processing file /home/airflow/.local/lib/python3.8/site-packages/airflow/example_dags/example_dag_decorator.py for tasks to queue
[2025-06-14T06:57:04.840+0000] {logging_mixin.py:188} INFO - [2025-06-14T06:57:04.840+0000] {dagbag.py:538} INFO - Filling up the DagBag from /home/airflow/.local/lib/python3.8/site-packages/airflow/example_dags/example_dag_decorator.py
[2025-06-14T06:57:05.018+0000] {processor.py:840} INFO - DAG(s) 'example_dag_decorator' retrieved from /home/airflow/.local/lib/python3.8/site-packages/airflow/example_dags/example_dag_decorator.py
[2025-06-14T06:57:05.233+0000] {logging_mixin.py:188} INFO - [2025-06-14T06:57:05.232+0000] {dag.py:3036} INFO - Sync 1 DAGs
[2025-06-14T06:57:05.257+0000] {logging_mixin.py:188} INFO - [2025-06-14T06:57:05.257+0000] {dag.py:3823} INFO - Setting next_dagrun for example_dag_decorator to None, run_after=None
[2025-06-14T06:57:05.302+0000] {processor.py:183} INFO - Processing /home/airflow/.local/lib/python3.8/site-packages/airflow/example_dags/example_dag_decorator.py took 0.475 seconds
[2025-06-14T06:57:35.975+0000] {processor.py:161} INFO - Started process (PID=199) to work on /home/airflow/.local/lib/python3.8/site-packages/airflow/example_dags/example_dag_decorator.py
[2025-06-14T06:57:35.977+0000] {processor.py:830} INFO - Processing file /home/airflow/.local/lib/python3.8/site-packages/airflow/example_dags/example_dag_decorator.py for tasks to queue
[2025-06-14T06:57:35.981+0000] {logging_mixin.py:188} INFO - [2025-06-14T06:57:35.981+0000] {dagbag.py:538} INFO - Filling up the DagBag from /home/airflow/.local/lib/python3.8/site-packages/airflow/example_dags/example_dag_decorator.py
[2025-06-14T06:57:36.118+0000] {processor.py:840} INFO - DAG(s) 'example_dag_decorator' retrieved from /home/airflow/.local/lib/python3.8/site-packages/airflow/example_dags/example_dag_decorator.py
[2025-06-14T06:57:36.250+0000] {logging_mixin.py:188} INFO - [2025-06-14T06:57:36.249+0000] {dag.py:3036} INFO - Sync 1 DAGs
[2025-06-14T06:57:36.262+0000] {logging_mixin.py:188} INFO - [2025-06-14T06:57:36.262+0000] {dag.py:3823} INFO - Setting next_dagrun for example_dag_decorator to None, run_after=None
[2025-06-14T06:57:36.290+0000] {processor.py:183} INFO - Processing /home/airflow/.local/lib/python3.8/site-packages/airflow/example_dags/example_dag_decorator.py took 0.318 seconds
[2025-06-14T06:58:06.368+0000] {processor.py:161} INFO - Started process (PID=254) to work on /home/airflow/.local/lib/python3.8/site-packages/airflow/example_dags/example_dag_decorator.py
[2025-06-14T06:58:06.370+0000] {processor.py:830} INFO - Processing file /home/airflow/.local/lib/python3.8/site-packages/airflow/example_dags/example_dag_decorator.py for tasks to queue
[2025-06-14T06:58:06.372+0000] {logging_mixin.py:188} INFO - [2025-06-14T06:58:06.372+0000] {dagbag.py:538} INFO - Filling up the DagBag from /home/airflow/.local/lib/python3.8/site-packages/airflow/example_dags/example_dag_decorator.py
[2025-06-14T06:58:06.475+0000] {processor.py:840} INFO - DAG(s) 'example_dag_decorator' retrieved from /home/airflow/.local/lib/python3.8/site-packages/airflow/example_dags/example_dag_decorator.py
[2025-06-14T06:58:06.573+0000] {logging_mixin.py:188} INFO - [2025-06-14T06:58:06.573+0000] {dag.py:3036} INFO - Sync 1 DAGs
[2025-06-14T06:58:06.583+0000] {logging_mixin.py:188} INFO - [2025-06-14T06:58:06.583+0000] {dag.py:3823} INFO - Setting next_dagrun for example_dag_decorator to None, run_after=None
[2025-06-14T06:58:06.607+0000] {processor.py:183} INFO - Processing /home/airflow/.local/lib/python3.8/site-packages/airflow/example_dags/example_dag_decorator.py took 0.242 seconds
[2025-06-14T06:58:36.725+0000] {processor.py:161} INFO - Started process (PID=310) to work on /home/airflow/.local/lib/python3.8/site-packages/airflow/example_dags/example_dag_decorator.py
[2025-06-14T06:58:36.727+0000] {processor.py:830} INFO - Processing file /home/airflow/.local/lib/python3.8/site-packages/airflow/example_dags/example_dag_decorator.py for tasks to queue
[2025-06-14T06:58:36.729+0000] {logging_mixin.py:188} INFO - [2025-06-14T06:58:36.729+0000] {dagbag.py:538} INFO - Filling up the DagBag from /home/airflow/.local/lib/python3.8/site-packages/airflow/example_dags/example_dag_decorator.py
[2025-06-14T06:58:36.828+0000] {processor.py:840} INFO - DAG(s) 'example_dag_decorator' retrieved from /home/airflow/.local/lib/python3.8/site-packages/airflow/example_dags/example_dag_decorator.py
[2025-06-14T06:58:36.930+0000] {logging_mixin.py:188} INFO - [2025-06-14T06:58:36.929+0000] {dag.py:3036} INFO - Sync 1 DAGs
[2025-06-14T06:58:36.939+0000] {logging_mixin.py:188} INFO - [2025-06-14T06:58:36.939+0000] {dag.py:3823} INFO - Setting next_dagrun for example_dag_decorator to None, run_after=None
[2025-06-14T06:58:36.959+0000] {processor.py:183} INFO - Processing /home/airflow/.local/lib/python3.8/site-packages/airflow/example_dags/example_dag_decorator.py took 0.237 seconds
[2025-06-14T06:59:07.012+0000] {processor.py:161} INFO - Started process (PID=365) to work on /home/airflow/.local/lib/python3.8/site-packages/airflow/example_dags/example_dag_decorator.py
[2025-06-14T06:59:07.013+0000] {processor.py:830} INFO - Processing file /home/airflow/.local/lib/python3.8/site-packages/airflow/example_dags/example_dag_decorator.py for tasks to queue
[2025-06-14T06:59:07.018+0000] {logging_mixin.py:188} INFO - [2025-06-14T06:59:07.017+0000] {dagbag.py:538} INFO - Filling up the DagBag from /home/airflow/.local/lib/python3.8/site-packages/airflow/example_dags/example_dag_decorator.py
[2025-06-14T06:59:07.123+0000] {processor.py:840} INFO - DAG(s) 'example_dag_decorator' retrieved from /home/airflow/.local/lib/python3.8/site-packages/airflow/example_dags/example_dag_decorator.py
[2025-06-14T06:59:07.266+0000] {logging_mixin.py:188} INFO - [2025-06-14T06:59:07.266+0000] {dag.py:3036} INFO - Sync 1 DAGs
[2025-06-14T06:59:07.294+0000] {logging_mixin.py:188} INFO - [2025-06-14T06:59:07.294+0000] {dag.py:3823} INFO - Setting next_dagrun for example_dag_decorator to None, run_after=None
[2025-06-14T06:59:07.327+0000] {processor.py:183} INFO - Processing /home/airflow/.local/lib/python3.8/site-packages/airflow/example_dags/example_dag_decorator.py took 0.318 seconds
[2025-06-14T06:59:38.274+0000] {processor.py:161} INFO - Started process (PID=421) to work on /home/airflow/.local/lib/python3.8/site-packages/airflow/example_dags/example_dag_decorator.py
[2025-06-14T06:59:38.275+0000] {processor.py:830} INFO - Processing file /home/airflow/.local/lib/python3.8/site-packages/airflow/example_dags/example_dag_decorator.py for tasks to queue
[2025-06-14T06:59:38.278+0000] {logging_mixin.py:188} INFO - [2025-06-14T06:59:38.278+0000] {dagbag.py:538} INFO - Filling up the DagBag from /home/airflow/.local/lib/python3.8/site-packages/airflow/example_dags/example_dag_decorator.py
[2025-06-14T06:59:38.439+0000] {processor.py:840} INFO - DAG(s) 'example_dag_decorator' retrieved from /home/airflow/.local/lib/python3.8/site-packages/airflow/example_dags/example_dag_decorator.py
[2025-06-14T06:59:38.570+0000] {logging_mixin.py:188} INFO - [2025-06-14T06:59:38.570+0000] {dag.py:3036} INFO - Sync 1 DAGs
[2025-06-14T06:59:38.582+0000] {logging_mixin.py:188} INFO - [2025-06-14T06:59:38.582+0000] {dag.py:3823} INFO - Setting next_dagrun for example_dag_decorator to None, run_after=None
[2025-06-14T06:59:38.609+0000] {processor.py:183} INFO - Processing /home/airflow/.local/lib/python3.8/site-packages/airflow/example_dags/example_dag_decorator.py took 0.339 seconds
[2025-06-14T07:00:08.752+0000] {processor.py:161} INFO - Started process (PID=477) to work on /home/airflow/.local/lib/python3.8/site-packages/airflow/example_dags/example_dag_decorator.py
[2025-06-14T07:00:08.754+0000] {processor.py:830} INFO - Processing file /home/airflow/.local/lib/python3.8/site-packages/airflow/example_dags/example_dag_decorator.py for tasks to queue
[2025-06-14T07:00:08.756+0000] {logging_mixin.py:188} INFO - [2025-06-14T07:00:08.756+0000] {dagbag.py:538} INFO - Filling up the DagBag from /home/airflow/.local/lib/python3.8/site-packages/airflow/example_dags/example_dag_decorator.py
[2025-06-14T07:00:08.859+0000] {processor.py:840} INFO - DAG(s) 'example_dag_decorator' retrieved from /home/airflow/.local/lib/python3.8/site-packages/airflow/example_dags/example_dag_decorator.py
[2025-06-14T07:00:08.999+0000] {logging_mixin.py:188} INFO - [2025-06-14T07:00:08.999+0000] {dag.py:3036} INFO - Sync 1 DAGs
[2025-06-14T07:00:09.011+0000] {logging_mixin.py:188} INFO - [2025-06-14T07:00:09.011+0000] {dag.py:3823} INFO - Setting next_dagrun for example_dag_decorator to None, run_after=None
[2025-06-14T07:00:09.035+0000] {processor.py:183} INFO - Processing /home/airflow/.local/lib/python3.8/site-packages/airflow/example_dags/example_dag_decorator.py took 0.286 seconds
