[2025-06-14T06:56:30.201+0000] {processor.py:161} INFO - Started process (PID=76) to work on /home/airflow/.local/lib/python3.8/site-packages/airflow/example_dags/example_python_decorator.py
[2025-06-14T06:56:30.205+0000] {processor.py:830} INFO - Processing file /home/airflow/.local/lib/python3.8/site-packages/airflow/example_dags/example_python_decorator.py for tasks to queue
[2025-06-14T06:56:30.208+0000] {logging_mixin.py:188} INFO - [2025-06-14T06:56:30.208+0000] {dagbag.py:538} INFO - Filling up the DagBag from /home/airflow/.local/lib/python3.8/site-packages/airflow/example_dags/example_python_decorator.py
[2025-06-14T06:56:30.232+0000] {processor.py:840} INFO - DAG(s) 'example_python_decorator' retrieved from /home/airflow/.local/lib/python3.8/site-packages/airflow/example_dags/example_python_decorator.py
[2025-06-14T06:56:30.524+0000] {logging_mixin.py:188} INFO - [2025-06-14T06:56:30.523+0000] {dag.py:3036} INFO - Sync 1 DAGs
[2025-06-14T06:56:30.558+0000] {logging_mixin.py:188} INFO - [2025-06-14T06:56:30.557+0000] {dag.py:3823} INFO - Setting next_dagrun for example_python_decorator to None, run_after=None
[2025-06-14T06:56:30.631+0000] {processor.py:183} INFO - Processing /home/airflow/.local/lib/python3.8/site-packages/airflow/example_dags/example_python_decorator.py took 0.436 seconds
[2025-06-14T06:57:01.438+0000] {processor.py:161} INFO - Started process (PID=131) to work on /home/airflow/.local/lib/python3.8/site-packages/airflow/example_dags/example_python_decorator.py
[2025-06-14T06:57:01.440+0000] {processor.py:830} INFO - Processing file /home/airflow/.local/lib/python3.8/site-packages/airflow/example_dags/example_python_decorator.py for tasks to queue
[2025-06-14T06:57:01.444+0000] {logging_mixin.py:188} INFO - [2025-06-14T06:57:01.443+0000] {dagbag.py:538} INFO - Filling up the DagBag from /home/airflow/.local/lib/python3.8/site-packages/airflow/example_dags/example_python_decorator.py
[2025-06-14T06:57:01.472+0000] {processor.py:840} INFO - DAG(s) 'example_python_decorator' retrieved from /home/airflow/.local/lib/python3.8/site-packages/airflow/example_dags/example_python_decorator.py
[2025-06-14T06:57:01.517+0000] {logging_mixin.py:188} INFO - [2025-06-14T06:57:01.517+0000] {dag.py:3036} INFO - Sync 1 DAGs
[2025-06-14T06:57:01.545+0000] {logging_mixin.py:188} INFO - [2025-06-14T06:57:01.545+0000] {dag.py:3823} INFO - Setting next_dagrun for example_python_decorator to None, run_after=None
[2025-06-14T06:57:01.594+0000] {processor.py:183} INFO - Processing /home/airflow/.local/lib/python3.8/site-packages/airflow/example_dags/example_python_decorator.py took 0.162 seconds
[2025-06-14T06:57:32.008+0000] {processor.py:161} INFO - Started process (PID=186) to work on /home/airflow/.local/lib/python3.8/site-packages/airflow/example_dags/example_python_decorator.py
[2025-06-14T06:57:32.010+0000] {processor.py:830} INFO - Processing file /home/airflow/.local/lib/python3.8/site-packages/airflow/example_dags/example_python_decorator.py for tasks to queue
[2025-06-14T06:57:32.012+0000] {logging_mixin.py:188} INFO - [2025-06-14T06:57:32.011+0000] {dagbag.py:538} INFO - Filling up the DagBag from /home/airflow/.local/lib/python3.8/site-packages/airflow/example_dags/example_python_decorator.py
[2025-06-14T06:57:32.024+0000] {processor.py:840} INFO - DAG(s) 'example_python_decorator' retrieved from /home/airflow/.local/lib/python3.8/site-packages/airflow/example_dags/example_python_decorator.py
[2025-06-14T06:57:32.045+0000] {logging_mixin.py:188} INFO - [2025-06-14T06:57:32.045+0000] {dag.py:3036} INFO - Sync 1 DAGs
[2025-06-14T06:57:32.056+0000] {logging_mixin.py:188} INFO - [2025-06-14T06:57:32.056+0000] {dag.py:3823} INFO - Setting next_dagrun for example_python_decorator to None, run_after=None
[2025-06-14T06:57:32.083+0000] {processor.py:183} INFO - Processing /home/airflow/.local/lib/python3.8/site-packages/airflow/example_dags/example_python_decorator.py took 0.077 seconds
[2025-06-14T06:58:02.407+0000] {processor.py:161} INFO - Started process (PID=241) to work on /home/airflow/.local/lib/python3.8/site-packages/airflow/example_dags/example_python_decorator.py
[2025-06-14T06:58:02.408+0000] {processor.py:830} INFO - Processing file /home/airflow/.local/lib/python3.8/site-packages/airflow/example_dags/example_python_decorator.py for tasks to queue
[2025-06-14T06:58:02.411+0000] {logging_mixin.py:188} INFO - [2025-06-14T06:58:02.410+0000] {dagbag.py:538} INFO - Filling up the DagBag from /home/airflow/.local/lib/python3.8/site-packages/airflow/example_dags/example_python_decorator.py
[2025-06-14T06:58:02.424+0000] {processor.py:840} INFO - DAG(s) 'example_python_decorator' retrieved from /home/airflow/.local/lib/python3.8/site-packages/airflow/example_dags/example_python_decorator.py
[2025-06-14T06:58:02.450+0000] {logging_mixin.py:188} INFO - [2025-06-14T06:58:02.450+0000] {dag.py:3036} INFO - Sync 1 DAGs
[2025-06-14T06:58:02.465+0000] {logging_mixin.py:188} INFO - [2025-06-14T06:58:02.465+0000] {dag.py:3823} INFO - Setting next_dagrun for example_python_decorator to None, run_after=None
[2025-06-14T06:58:02.500+0000] {processor.py:183} INFO - Processing /home/airflow/.local/lib/python3.8/site-packages/airflow/example_dags/example_python_decorator.py took 0.099 seconds
[2025-06-14T06:58:32.568+0000] {processor.py:161} INFO - Started process (PID=296) to work on /home/airflow/.local/lib/python3.8/site-packages/airflow/example_dags/example_python_decorator.py
[2025-06-14T06:58:32.571+0000] {processor.py:830} INFO - Processing file /home/airflow/.local/lib/python3.8/site-packages/airflow/example_dags/example_python_decorator.py for tasks to queue
[2025-06-14T06:58:32.574+0000] {logging_mixin.py:188} INFO - [2025-06-14T06:58:32.573+0000] {dagbag.py:538} INFO - Filling up the DagBag from /home/airflow/.local/lib/python3.8/site-packages/airflow/example_dags/example_python_decorator.py
[2025-06-14T06:58:32.585+0000] {processor.py:840} INFO - DAG(s) 'example_python_decorator' retrieved from /home/airflow/.local/lib/python3.8/site-packages/airflow/example_dags/example_python_decorator.py
[2025-06-14T06:58:32.610+0000] {logging_mixin.py:188} INFO - [2025-06-14T06:58:32.610+0000] {dag.py:3036} INFO - Sync 1 DAGs
[2025-06-14T06:58:32.625+0000] {logging_mixin.py:188} INFO - [2025-06-14T06:58:32.625+0000] {dag.py:3823} INFO - Setting next_dagrun for example_python_decorator to None, run_after=None
[2025-06-14T06:58:32.647+0000] {processor.py:183} INFO - Processing /home/airflow/.local/lib/python3.8/site-packages/airflow/example_dags/example_python_decorator.py took 0.082 seconds
[2025-06-14T06:59:02.795+0000] {processor.py:161} INFO - Started process (PID=351) to work on /home/airflow/.local/lib/python3.8/site-packages/airflow/example_dags/example_python_decorator.py
[2025-06-14T06:59:02.797+0000] {processor.py:830} INFO - Processing file /home/airflow/.local/lib/python3.8/site-packages/airflow/example_dags/example_python_decorator.py for tasks to queue
[2025-06-14T06:59:02.798+0000] {logging_mixin.py:188} INFO - [2025-06-14T06:59:02.798+0000] {dagbag.py:538} INFO - Filling up the DagBag from /home/airflow/.local/lib/python3.8/site-packages/airflow/example_dags/example_python_decorator.py
[2025-06-14T06:59:02.809+0000] {processor.py:840} INFO - DAG(s) 'example_python_decorator' retrieved from /home/airflow/.local/lib/python3.8/site-packages/airflow/example_dags/example_python_decorator.py
[2025-06-14T06:59:02.832+0000] {logging_mixin.py:188} INFO - [2025-06-14T06:59:02.831+0000] {dag.py:3036} INFO - Sync 1 DAGs
[2025-06-14T06:59:02.845+0000] {logging_mixin.py:188} INFO - [2025-06-14T06:59:02.845+0000] {dag.py:3823} INFO - Setting next_dagrun for example_python_decorator to None, run_after=None
[2025-06-14T06:59:02.871+0000] {processor.py:183} INFO - Processing /home/airflow/.local/lib/python3.8/site-packages/airflow/example_dags/example_python_decorator.py took 0.078 seconds
[2025-06-14T06:59:33.106+0000] {processor.py:161} INFO - Started process (PID=406) to work on /home/airflow/.local/lib/python3.8/site-packages/airflow/example_dags/example_python_decorator.py
[2025-06-14T06:59:33.107+0000] {processor.py:830} INFO - Processing file /home/airflow/.local/lib/python3.8/site-packages/airflow/example_dags/example_python_decorator.py for tasks to queue
[2025-06-14T06:59:33.109+0000] {logging_mixin.py:188} INFO - [2025-06-14T06:59:33.109+0000] {dagbag.py:538} INFO - Filling up the DagBag from /home/airflow/.local/lib/python3.8/site-packages/airflow/example_dags/example_python_decorator.py
[2025-06-14T06:59:33.121+0000] {processor.py:840} INFO - DAG(s) 'example_python_decorator' retrieved from /home/airflow/.local/lib/python3.8/site-packages/airflow/example_dags/example_python_decorator.py
[2025-06-14T06:59:33.150+0000] {logging_mixin.py:188} INFO - [2025-06-14T06:59:33.149+0000] {dag.py:3036} INFO - Sync 1 DAGs
[2025-06-14T06:59:33.160+0000] {logging_mixin.py:188} INFO - [2025-06-14T06:59:33.160+0000] {dag.py:3823} INFO - Setting next_dagrun for example_python_decorator to None, run_after=None
[2025-06-14T06:59:33.185+0000] {processor.py:183} INFO - Processing /home/airflow/.local/lib/python3.8/site-packages/airflow/example_dags/example_python_decorator.py took 0.081 seconds
[2025-06-14T07:00:03.371+0000] {processor.py:161} INFO - Started process (PID=461) to work on /home/airflow/.local/lib/python3.8/site-packages/airflow/example_dags/example_python_decorator.py
[2025-06-14T07:00:03.373+0000] {processor.py:830} INFO - Processing file /home/airflow/.local/lib/python3.8/site-packages/airflow/example_dags/example_python_decorator.py for tasks to queue
[2025-06-14T07:00:03.375+0000] {logging_mixin.py:188} INFO - [2025-06-14T07:00:03.375+0000] {dagbag.py:538} INFO - Filling up the DagBag from /home/airflow/.local/lib/python3.8/site-packages/airflow/example_dags/example_python_decorator.py
[2025-06-14T07:00:03.389+0000] {processor.py:840} INFO - DAG(s) 'example_python_decorator' retrieved from /home/airflow/.local/lib/python3.8/site-packages/airflow/example_dags/example_python_decorator.py
[2025-06-14T07:00:03.413+0000] {logging_mixin.py:188} INFO - [2025-06-14T07:00:03.413+0000] {dag.py:3036} INFO - Sync 1 DAGs
[2025-06-14T07:00:03.425+0000] {logging_mixin.py:188} INFO - [2025-06-14T07:00:03.425+0000] {dag.py:3823} INFO - Setting next_dagrun for example_python_decorator to None, run_after=None
[2025-06-14T07:00:03.455+0000] {processor.py:183} INFO - Processing /home/airflow/.local/lib/python3.8/site-packages/airflow/example_dags/example_python_decorator.py took 0.086 seconds
