[2025-06-14T06:56:31.727+0000] {processor.py:161} INFO - Started process (PID=82) to work on /home/airflow/.local/lib/python3.8/site-packages/airflow/example_dags/example_branch_datetime_operator.py
[2025-06-14T06:56:31.730+0000] {processor.py:830} INFO - Processing file /home/airflow/.local/lib/python3.8/site-packages/airflow/example_dags/example_branch_datetime_operator.py for tasks to queue
[2025-06-14T06:56:31.735+0000] {logging_mixin.py:188} INFO - [2025-06-14T06:56:31.734+0000] {dagbag.py:538} INFO - Filling up the DagBag from /home/airflow/.local/lib/python3.8/site-packages/airflow/example_dags/example_branch_datetime_operator.py
[2025-06-14T06:56:31.772+0000] {processor.py:840} INFO - DAG(s) 'example_branch_datetime_operator_2', 'example_branch_datetime_operator_3', 'example_branch_datetime_operator' retrieved from /home/airflow/.local/lib/python3.8/site-packages/airflow/example_dags/example_branch_datetime_operator.py
[2025-06-14T06:56:32.191+0000] {logging_mixin.py:188} INFO - [2025-06-14T06:56:32.190+0000] {dag.py:3036} INFO - Sync 3 DAGs
[2025-06-14T06:56:32.252+0000] {logging_mixin.py:188} INFO - [2025-06-14T06:56:32.252+0000] {dag.py:3823} INFO - Setting next_dagrun for example_branch_datetime_operator to 2025-06-13 00:00:00+00:00, run_after=2025-06-14 00:00:00+00:00
[2025-06-14T06:56:32.270+0000] {logging_mixin.py:188} INFO - [2025-06-14T06:56:32.269+0000] {dag.py:3823} INFO - Setting next_dagrun for example_branch_datetime_operator_2 to 2025-06-13 00:00:00+00:00, run_after=2025-06-14 00:00:00+00:00
[2025-06-14T06:56:32.287+0000] {logging_mixin.py:188} INFO - [2025-06-14T06:56:32.287+0000] {dag.py:3823} INFO - Setting next_dagrun for example_branch_datetime_operator_3 to 2025-06-13 00:00:00+00:00, run_after=2025-06-14 00:00:00+00:00
[2025-06-14T06:56:32.346+0000] {processor.py:183} INFO - Processing /home/airflow/.local/lib/python3.8/site-packages/airflow/example_dags/example_branch_datetime_operator.py took 0.629 seconds
[2025-06-14T06:57:03.218+0000] {processor.py:161} INFO - Started process (PID=137) to work on /home/airflow/.local/lib/python3.8/site-packages/airflow/example_dags/example_branch_datetime_operator.py
[2025-06-14T06:57:03.220+0000] {processor.py:830} INFO - Processing file /home/airflow/.local/lib/python3.8/site-packages/airflow/example_dags/example_branch_datetime_operator.py for tasks to queue
[2025-06-14T06:57:03.225+0000] {logging_mixin.py:188} INFO - [2025-06-14T06:57:03.223+0000] {dagbag.py:538} INFO - Filling up the DagBag from /home/airflow/.local/lib/python3.8/site-packages/airflow/example_dags/example_branch_datetime_operator.py
[2025-06-14T06:57:03.238+0000] {processor.py:840} INFO - DAG(s) 'example_branch_datetime_operator', 'example_branch_datetime_operator_2', 'example_branch_datetime_operator_3' retrieved from /home/airflow/.local/lib/python3.8/site-packages/airflow/example_dags/example_branch_datetime_operator.py
[2025-06-14T06:57:03.282+0000] {logging_mixin.py:188} INFO - [2025-06-14T06:57:03.281+0000] {dag.py:3036} INFO - Sync 3 DAGs
[2025-06-14T06:57:03.318+0000] {logging_mixin.py:188} INFO - [2025-06-14T06:57:03.317+0000] {dag.py:3823} INFO - Setting next_dagrun for example_branch_datetime_operator to 2025-06-13 00:00:00+00:00, run_after=2025-06-14 00:00:00+00:00
[2025-06-14T06:57:03.329+0000] {logging_mixin.py:188} INFO - [2025-06-14T06:57:03.329+0000] {dag.py:3823} INFO - Setting next_dagrun for example_branch_datetime_operator_2 to 2025-06-13 00:00:00+00:00, run_after=2025-06-14 00:00:00+00:00
[2025-06-14T06:57:03.346+0000] {logging_mixin.py:188} INFO - [2025-06-14T06:57:03.346+0000] {dag.py:3823} INFO - Setting next_dagrun for example_branch_datetime_operator_3 to 2025-06-13 00:00:00+00:00, run_after=2025-06-14 00:00:00+00:00
[2025-06-14T06:57:03.386+0000] {processor.py:183} INFO - Processing /home/airflow/.local/lib/python3.8/site-packages/airflow/example_dags/example_branch_datetime_operator.py took 0.173 seconds
[2025-06-14T06:57:33.548+0000] {processor.py:161} INFO - Started process (PID=192) to work on /home/airflow/.local/lib/python3.8/site-packages/airflow/example_dags/example_branch_datetime_operator.py
[2025-06-14T06:57:33.550+0000] {processor.py:830} INFO - Processing file /home/airflow/.local/lib/python3.8/site-packages/airflow/example_dags/example_branch_datetime_operator.py for tasks to queue
[2025-06-14T06:57:33.554+0000] {logging_mixin.py:188} INFO - [2025-06-14T06:57:33.553+0000] {dagbag.py:538} INFO - Filling up the DagBag from /home/airflow/.local/lib/python3.8/site-packages/airflow/example_dags/example_branch_datetime_operator.py
[2025-06-14T06:57:33.563+0000] {processor.py:840} INFO - DAG(s) 'example_branch_datetime_operator_2', 'example_branch_datetime_operator', 'example_branch_datetime_operator_3' retrieved from /home/airflow/.local/lib/python3.8/site-packages/airflow/example_dags/example_branch_datetime_operator.py
[2025-06-14T06:57:33.592+0000] {logging_mixin.py:188} INFO - [2025-06-14T06:57:33.591+0000] {dag.py:3036} INFO - Sync 3 DAGs
[2025-06-14T06:57:33.614+0000] {logging_mixin.py:188} INFO - [2025-06-14T06:57:33.614+0000] {dag.py:3823} INFO - Setting next_dagrun for example_branch_datetime_operator to 2025-06-13 00:00:00+00:00, run_after=2025-06-14 00:00:00+00:00
[2025-06-14T06:57:33.622+0000] {logging_mixin.py:188} INFO - [2025-06-14T06:57:33.622+0000] {dag.py:3823} INFO - Setting next_dagrun for example_branch_datetime_operator_2 to 2025-06-13 00:00:00+00:00, run_after=2025-06-14 00:00:00+00:00
[2025-06-14T06:57:33.625+0000] {logging_mixin.py:188} INFO - [2025-06-14T06:57:33.625+0000] {dag.py:3823} INFO - Setting next_dagrun for example_branch_datetime_operator_3 to 2025-06-13 00:00:00+00:00, run_after=2025-06-14 00:00:00+00:00
[2025-06-14T06:57:33.645+0000] {processor.py:183} INFO - Processing /home/airflow/.local/lib/python3.8/site-packages/airflow/example_dags/example_branch_datetime_operator.py took 0.100 seconds
[2025-06-14T06:58:03.803+0000] {processor.py:161} INFO - Started process (PID=247) to work on /home/airflow/.local/lib/python3.8/site-packages/airflow/example_dags/example_branch_datetime_operator.py
[2025-06-14T06:58:03.805+0000] {processor.py:830} INFO - Processing file /home/airflow/.local/lib/python3.8/site-packages/airflow/example_dags/example_branch_datetime_operator.py for tasks to queue
[2025-06-14T06:58:03.807+0000] {logging_mixin.py:188} INFO - [2025-06-14T06:58:03.807+0000] {dagbag.py:538} INFO - Filling up the DagBag from /home/airflow/.local/lib/python3.8/site-packages/airflow/example_dags/example_branch_datetime_operator.py
[2025-06-14T06:58:03.816+0000] {processor.py:840} INFO - DAG(s) 'example_branch_datetime_operator_3', 'example_branch_datetime_operator', 'example_branch_datetime_operator_2' retrieved from /home/airflow/.local/lib/python3.8/site-packages/airflow/example_dags/example_branch_datetime_operator.py
[2025-06-14T06:58:03.850+0000] {logging_mixin.py:188} INFO - [2025-06-14T06:58:03.850+0000] {dag.py:3036} INFO - Sync 3 DAGs
[2025-06-14T06:58:03.875+0000] {logging_mixin.py:188} INFO - [2025-06-14T06:58:03.875+0000] {dag.py:3823} INFO - Setting next_dagrun for example_branch_datetime_operator to 2025-06-13 00:00:00+00:00, run_after=2025-06-14 00:00:00+00:00
[2025-06-14T06:58:03.880+0000] {logging_mixin.py:188} INFO - [2025-06-14T06:58:03.880+0000] {dag.py:3823} INFO - Setting next_dagrun for example_branch_datetime_operator_2 to 2025-06-13 00:00:00+00:00, run_after=2025-06-14 00:00:00+00:00
[2025-06-14T06:58:03.883+0000] {logging_mixin.py:188} INFO - [2025-06-14T06:58:03.883+0000] {dag.py:3823} INFO - Setting next_dagrun for example_branch_datetime_operator_3 to 2025-06-13 00:00:00+00:00, run_after=2025-06-14 00:00:00+00:00
[2025-06-14T06:58:03.905+0000] {processor.py:183} INFO - Processing /home/airflow/.local/lib/python3.8/site-packages/airflow/example_dags/example_branch_datetime_operator.py took 0.105 seconds
[2025-06-14T06:58:34.047+0000] {processor.py:161} INFO - Started process (PID=302) to work on /home/airflow/.local/lib/python3.8/site-packages/airflow/example_dags/example_branch_datetime_operator.py
[2025-06-14T06:58:34.049+0000] {processor.py:830} INFO - Processing file /home/airflow/.local/lib/python3.8/site-packages/airflow/example_dags/example_branch_datetime_operator.py for tasks to queue
[2025-06-14T06:58:34.051+0000] {logging_mixin.py:188} INFO - [2025-06-14T06:58:34.050+0000] {dagbag.py:538} INFO - Filling up the DagBag from /home/airflow/.local/lib/python3.8/site-packages/airflow/example_dags/example_branch_datetime_operator.py
[2025-06-14T06:58:34.060+0000] {processor.py:840} INFO - DAG(s) 'example_branch_datetime_operator_2', 'example_branch_datetime_operator', 'example_branch_datetime_operator_3' retrieved from /home/airflow/.local/lib/python3.8/site-packages/airflow/example_dags/example_branch_datetime_operator.py
[2025-06-14T06:58:34.093+0000] {logging_mixin.py:188} INFO - [2025-06-14T06:58:34.093+0000] {dag.py:3036} INFO - Sync 3 DAGs
[2025-06-14T06:58:34.118+0000] {logging_mixin.py:188} INFO - [2025-06-14T06:58:34.117+0000] {dag.py:3823} INFO - Setting next_dagrun for example_branch_datetime_operator to 2025-06-13 00:00:00+00:00, run_after=2025-06-14 00:00:00+00:00
[2025-06-14T06:58:34.124+0000] {logging_mixin.py:188} INFO - [2025-06-14T06:58:34.123+0000] {dag.py:3823} INFO - Setting next_dagrun for example_branch_datetime_operator_2 to 2025-06-13 00:00:00+00:00, run_after=2025-06-14 00:00:00+00:00
[2025-06-14T06:58:34.126+0000] {logging_mixin.py:188} INFO - [2025-06-14T06:58:34.126+0000] {dag.py:3823} INFO - Setting next_dagrun for example_branch_datetime_operator_3 to 2025-06-13 00:00:00+00:00, run_after=2025-06-14 00:00:00+00:00
[2025-06-14T06:58:34.148+0000] {processor.py:183} INFO - Processing /home/airflow/.local/lib/python3.8/site-packages/airflow/example_dags/example_branch_datetime_operator.py took 0.104 seconds
[2025-06-14T06:59:04.305+0000] {processor.py:161} INFO - Started process (PID=358) to work on /home/airflow/.local/lib/python3.8/site-packages/airflow/example_dags/example_branch_datetime_operator.py
[2025-06-14T06:59:04.306+0000] {processor.py:830} INFO - Processing file /home/airflow/.local/lib/python3.8/site-packages/airflow/example_dags/example_branch_datetime_operator.py for tasks to queue
[2025-06-14T06:59:04.308+0000] {logging_mixin.py:188} INFO - [2025-06-14T06:59:04.307+0000] {dagbag.py:538} INFO - Filling up the DagBag from /home/airflow/.local/lib/python3.8/site-packages/airflow/example_dags/example_branch_datetime_operator.py
[2025-06-14T06:59:04.316+0000] {processor.py:840} INFO - DAG(s) 'example_branch_datetime_operator', 'example_branch_datetime_operator_3', 'example_branch_datetime_operator_2' retrieved from /home/airflow/.local/lib/python3.8/site-packages/airflow/example_dags/example_branch_datetime_operator.py
[2025-06-14T06:59:04.342+0000] {logging_mixin.py:188} INFO - [2025-06-14T06:59:04.342+0000] {dag.py:3036} INFO - Sync 3 DAGs
[2025-06-14T06:59:04.365+0000] {logging_mixin.py:188} INFO - [2025-06-14T06:59:04.364+0000] {dag.py:3823} INFO - Setting next_dagrun for example_branch_datetime_operator to 2025-06-13 00:00:00+00:00, run_after=2025-06-14 00:00:00+00:00
[2025-06-14T06:59:04.370+0000] {logging_mixin.py:188} INFO - [2025-06-14T06:59:04.370+0000] {dag.py:3823} INFO - Setting next_dagrun for example_branch_datetime_operator_2 to 2025-06-13 00:00:00+00:00, run_after=2025-06-14 00:00:00+00:00
[2025-06-14T06:59:04.373+0000] {logging_mixin.py:188} INFO - [2025-06-14T06:59:04.373+0000] {dag.py:3823} INFO - Setting next_dagrun for example_branch_datetime_operator_3 to 2025-06-13 00:00:00+00:00, run_after=2025-06-14 00:00:00+00:00
[2025-06-14T06:59:04.392+0000] {processor.py:183} INFO - Processing /home/airflow/.local/lib/python3.8/site-packages/airflow/example_dags/example_branch_datetime_operator.py took 0.090 seconds
[2025-06-14T06:59:34.529+0000] {processor.py:161} INFO - Started process (PID=413) to work on /home/airflow/.local/lib/python3.8/site-packages/airflow/example_dags/example_branch_datetime_operator.py
[2025-06-14T06:59:34.530+0000] {processor.py:830} INFO - Processing file /home/airflow/.local/lib/python3.8/site-packages/airflow/example_dags/example_branch_datetime_operator.py for tasks to queue
[2025-06-14T06:59:34.532+0000] {logging_mixin.py:188} INFO - [2025-06-14T06:59:34.532+0000] {dagbag.py:538} INFO - Filling up the DagBag from /home/airflow/.local/lib/python3.8/site-packages/airflow/example_dags/example_branch_datetime_operator.py
[2025-06-14T06:59:34.542+0000] {processor.py:840} INFO - DAG(s) 'example_branch_datetime_operator', 'example_branch_datetime_operator_3', 'example_branch_datetime_operator_2' retrieved from /home/airflow/.local/lib/python3.8/site-packages/airflow/example_dags/example_branch_datetime_operator.py
[2025-06-14T06:59:34.568+0000] {logging_mixin.py:188} INFO - [2025-06-14T06:59:34.568+0000] {dag.py:3036} INFO - Sync 3 DAGs
[2025-06-14T06:59:34.593+0000] {logging_mixin.py:188} INFO - [2025-06-14T06:59:34.593+0000] {dag.py:3823} INFO - Setting next_dagrun for example_branch_datetime_operator to 2025-06-13 00:00:00+00:00, run_after=2025-06-14 00:00:00+00:00
[2025-06-14T06:59:34.599+0000] {logging_mixin.py:188} INFO - [2025-06-14T06:59:34.599+0000] {dag.py:3823} INFO - Setting next_dagrun for example_branch_datetime_operator_2 to 2025-06-13 00:00:00+00:00, run_after=2025-06-14 00:00:00+00:00
[2025-06-14T06:59:34.602+0000] {logging_mixin.py:188} INFO - [2025-06-14T06:59:34.602+0000] {dag.py:3823} INFO - Setting next_dagrun for example_branch_datetime_operator_3 to 2025-06-13 00:00:00+00:00, run_after=2025-06-14 00:00:00+00:00
[2025-06-14T06:59:34.622+0000] {processor.py:183} INFO - Processing /home/airflow/.local/lib/python3.8/site-packages/airflow/example_dags/example_branch_datetime_operator.py took 0.095 seconds
[2025-06-14T07:00:04.805+0000] {processor.py:161} INFO - Started process (PID=468) to work on /home/airflow/.local/lib/python3.8/site-packages/airflow/example_dags/example_branch_datetime_operator.py
[2025-06-14T07:00:04.807+0000] {processor.py:830} INFO - Processing file /home/airflow/.local/lib/python3.8/site-packages/airflow/example_dags/example_branch_datetime_operator.py for tasks to queue
[2025-06-14T07:00:04.809+0000] {logging_mixin.py:188} INFO - [2025-06-14T07:00:04.808+0000] {dagbag.py:538} INFO - Filling up the DagBag from /home/airflow/.local/lib/python3.8/site-packages/airflow/example_dags/example_branch_datetime_operator.py
[2025-06-14T07:00:04.820+0000] {processor.py:840} INFO - DAG(s) 'example_branch_datetime_operator_3', 'example_branch_datetime_operator', 'example_branch_datetime_operator_2' retrieved from /home/airflow/.local/lib/python3.8/site-packages/airflow/example_dags/example_branch_datetime_operator.py
[2025-06-14T07:00:04.850+0000] {logging_mixin.py:188} INFO - [2025-06-14T07:00:04.849+0000] {dag.py:3036} INFO - Sync 3 DAGs
[2025-06-14T07:00:04.871+0000] {logging_mixin.py:188} INFO - [2025-06-14T07:00:04.871+0000] {dag.py:3823} INFO - Setting next_dagrun for example_branch_datetime_operator to 2025-06-13 00:00:00+00:00, run_after=2025-06-14 00:00:00+00:00
[2025-06-14T07:00:04.876+0000] {logging_mixin.py:188} INFO - [2025-06-14T07:00:04.876+0000] {dag.py:3823} INFO - Setting next_dagrun for example_branch_datetime_operator_2 to 2025-06-13 00:00:00+00:00, run_after=2025-06-14 00:00:00+00:00
[2025-06-14T07:00:04.879+0000] {logging_mixin.py:188} INFO - [2025-06-14T07:00:04.879+0000] {dag.py:3823} INFO - Setting next_dagrun for example_branch_datetime_operator_3 to 2025-06-13 00:00:00+00:00, run_after=2025-06-14 00:00:00+00:00
[2025-06-14T07:00:04.897+0000] {processor.py:183} INFO - Processing /home/airflow/.local/lib/python3.8/site-packages/airflow/example_dags/example_branch_datetime_operator.py took 0.095 seconds
