[2025-06-14T06:56:28.921+0000] {processor.py:161} INFO - Started process (PID=73) to work on /home/airflow/.local/lib/python3.8/site-packages/airflow/example_dags/example_xcomargs.py
[2025-06-14T06:56:28.924+0000] {processor.py:830} INFO - Processing file /home/airflow/.local/lib/python3.8/site-packages/airflow/example_dags/example_xcomargs.py for tasks to queue
[2025-06-14T06:56:28.928+0000] {logging_mixin.py:188} INFO - [2025-06-14T06:56:28.927+0000] {dagbag.py:538} INFO - Filling up the DagBag from /home/airflow/.local/lib/python3.8/site-packages/airflow/example_dags/example_xcomargs.py
[2025-06-14T06:56:29.424+0000] {processor.py:840} INFO - DAG(s) 'example_xcom_args', 'example_xcom_args_with_operators' retrieved from /home/airflow/.local/lib/python3.8/site-packages/airflow/example_dags/example_xcomargs.py
[2025-06-14T06:56:29.655+0000] {logging_mixin.py:188} INFO - [2025-06-14T06:56:29.654+0000] {dag.py:3036} INFO - Sync 2 DAGs
[2025-06-14T06:56:29.676+0000] {logging_mixin.py:188} INFO - [2025-06-14T06:56:29.675+0000] {dag.py:3823} INFO - Setting next_dagrun for example_xcom_args to None, run_after=None
[2025-06-14T06:56:29.683+0000] {logging_mixin.py:188} INFO - [2025-06-14T06:56:29.682+0000] {dag.py:3823} INFO - Setting next_dagrun for example_xcom_args_with_operators to None, run_after=None
[2025-06-14T06:56:29.741+0000] {processor.py:183} INFO - Processing /home/airflow/.local/lib/python3.8/site-packages/airflow/example_dags/example_xcomargs.py took 0.827 seconds
[2025-06-14T06:57:00.053+0000] {processor.py:161} INFO - Started process (PID=128) to work on /home/airflow/.local/lib/python3.8/site-packages/airflow/example_dags/example_xcomargs.py
[2025-06-14T06:57:00.055+0000] {processor.py:830} INFO - Processing file /home/airflow/.local/lib/python3.8/site-packages/airflow/example_dags/example_xcomargs.py for tasks to queue
[2025-06-14T06:57:00.059+0000] {logging_mixin.py:188} INFO - [2025-06-14T06:57:00.058+0000] {dagbag.py:538} INFO - Filling up the DagBag from /home/airflow/.local/lib/python3.8/site-packages/airflow/example_dags/example_xcomargs.py
[2025-06-14T06:57:00.075+0000] {processor.py:840} INFO - DAG(s) 'example_xcom_args_with_operators', 'example_xcom_args' retrieved from /home/airflow/.local/lib/python3.8/site-packages/airflow/example_dags/example_xcomargs.py
[2025-06-14T06:57:00.122+0000] {logging_mixin.py:188} INFO - [2025-06-14T06:57:00.122+0000] {dag.py:3036} INFO - Sync 2 DAGs
[2025-06-14T06:57:00.141+0000] {logging_mixin.py:188} INFO - [2025-06-14T06:57:00.140+0000] {dag.py:3823} INFO - Setting next_dagrun for example_xcom_args to None, run_after=None
[2025-06-14T06:57:00.146+0000] {logging_mixin.py:188} INFO - [2025-06-14T06:57:00.146+0000] {dag.py:3823} INFO - Setting next_dagrun for example_xcom_args_with_operators to None, run_after=None
[2025-06-14T06:57:00.176+0000] {processor.py:183} INFO - Processing /home/airflow/.local/lib/python3.8/site-packages/airflow/example_dags/example_xcomargs.py took 0.129 seconds
[2025-06-14T06:57:30.697+0000] {processor.py:161} INFO - Started process (PID=183) to work on /home/airflow/.local/lib/python3.8/site-packages/airflow/example_dags/example_xcomargs.py
[2025-06-14T06:57:30.699+0000] {processor.py:830} INFO - Processing file /home/airflow/.local/lib/python3.8/site-packages/airflow/example_dags/example_xcomargs.py for tasks to queue
[2025-06-14T06:57:30.701+0000] {logging_mixin.py:188} INFO - [2025-06-14T06:57:30.701+0000] {dagbag.py:538} INFO - Filling up the DagBag from /home/airflow/.local/lib/python3.8/site-packages/airflow/example_dags/example_xcomargs.py
[2025-06-14T06:57:30.711+0000] {processor.py:840} INFO - DAG(s) 'example_xcom_args', 'example_xcom_args_with_operators' retrieved from /home/airflow/.local/lib/python3.8/site-packages/airflow/example_dags/example_xcomargs.py
[2025-06-14T06:57:30.751+0000] {logging_mixin.py:188} INFO - [2025-06-14T06:57:30.750+0000] {dag.py:3036} INFO - Sync 2 DAGs
[2025-06-14T06:57:30.767+0000] {logging_mixin.py:188} INFO - [2025-06-14T06:57:30.766+0000] {dag.py:3823} INFO - Setting next_dagrun for example_xcom_args to None, run_after=None
[2025-06-14T06:57:30.771+0000] {logging_mixin.py:188} INFO - [2025-06-14T06:57:30.771+0000] {dag.py:3823} INFO - Setting next_dagrun for example_xcom_args_with_operators to None, run_after=None
[2025-06-14T06:57:30.795+0000] {processor.py:183} INFO - Processing /home/airflow/.local/lib/python3.8/site-packages/airflow/example_dags/example_xcomargs.py took 0.102 seconds
[2025-06-14T06:58:01.094+0000] {processor.py:161} INFO - Started process (PID=238) to work on /home/airflow/.local/lib/python3.8/site-packages/airflow/example_dags/example_xcomargs.py
[2025-06-14T06:58:01.096+0000] {processor.py:830} INFO - Processing file /home/airflow/.local/lib/python3.8/site-packages/airflow/example_dags/example_xcomargs.py for tasks to queue
[2025-06-14T06:58:01.098+0000] {logging_mixin.py:188} INFO - [2025-06-14T06:58:01.098+0000] {dagbag.py:538} INFO - Filling up the DagBag from /home/airflow/.local/lib/python3.8/site-packages/airflow/example_dags/example_xcomargs.py
[2025-06-14T06:58:01.107+0000] {processor.py:840} INFO - DAG(s) 'example_xcom_args_with_operators', 'example_xcom_args' retrieved from /home/airflow/.local/lib/python3.8/site-packages/airflow/example_dags/example_xcomargs.py
[2025-06-14T06:58:01.136+0000] {logging_mixin.py:188} INFO - [2025-06-14T06:58:01.136+0000] {dag.py:3036} INFO - Sync 2 DAGs
[2025-06-14T06:58:01.150+0000] {logging_mixin.py:188} INFO - [2025-06-14T06:58:01.149+0000] {dag.py:3823} INFO - Setting next_dagrun for example_xcom_args to None, run_after=None
[2025-06-14T06:58:01.158+0000] {logging_mixin.py:188} INFO - [2025-06-14T06:58:01.157+0000] {dag.py:3823} INFO - Setting next_dagrun for example_xcom_args_with_operators to None, run_after=None
[2025-06-14T06:58:01.190+0000] {processor.py:183} INFO - Processing /home/airflow/.local/lib/python3.8/site-packages/airflow/example_dags/example_xcomargs.py took 0.099 seconds
[2025-06-14T06:58:31.289+0000] {processor.py:161} INFO - Started process (PID=293) to work on /home/airflow/.local/lib/python3.8/site-packages/airflow/example_dags/example_xcomargs.py
[2025-06-14T06:58:31.291+0000] {processor.py:830} INFO - Processing file /home/airflow/.local/lib/python3.8/site-packages/airflow/example_dags/example_xcomargs.py for tasks to queue
[2025-06-14T06:58:31.293+0000] {logging_mixin.py:188} INFO - [2025-06-14T06:58:31.293+0000] {dagbag.py:538} INFO - Filling up the DagBag from /home/airflow/.local/lib/python3.8/site-packages/airflow/example_dags/example_xcomargs.py
[2025-06-14T06:58:31.300+0000] {processor.py:840} INFO - DAG(s) 'example_xcom_args_with_operators', 'example_xcom_args' retrieved from /home/airflow/.local/lib/python3.8/site-packages/airflow/example_dags/example_xcomargs.py
[2025-06-14T06:58:31.329+0000] {logging_mixin.py:188} INFO - [2025-06-14T06:58:31.329+0000] {dag.py:3036} INFO - Sync 2 DAGs
[2025-06-14T06:58:31.345+0000] {logging_mixin.py:188} INFO - [2025-06-14T06:58:31.344+0000] {dag.py:3823} INFO - Setting next_dagrun for example_xcom_args to None, run_after=None
[2025-06-14T06:58:31.349+0000] {logging_mixin.py:188} INFO - [2025-06-14T06:58:31.349+0000] {dag.py:3823} INFO - Setting next_dagrun for example_xcom_args_with_operators to None, run_after=None
[2025-06-14T06:58:31.372+0000] {processor.py:183} INFO - Processing /home/airflow/.local/lib/python3.8/site-packages/airflow/example_dags/example_xcomargs.py took 0.088 seconds
[2025-06-14T06:59:01.512+0000] {processor.py:161} INFO - Started process (PID=348) to work on /home/airflow/.local/lib/python3.8/site-packages/airflow/example_dags/example_xcomargs.py
[2025-06-14T06:59:01.513+0000] {processor.py:830} INFO - Processing file /home/airflow/.local/lib/python3.8/site-packages/airflow/example_dags/example_xcomargs.py for tasks to queue
[2025-06-14T06:59:01.515+0000] {logging_mixin.py:188} INFO - [2025-06-14T06:59:01.515+0000] {dagbag.py:538} INFO - Filling up the DagBag from /home/airflow/.local/lib/python3.8/site-packages/airflow/example_dags/example_xcomargs.py
[2025-06-14T06:59:01.525+0000] {processor.py:840} INFO - DAG(s) 'example_xcom_args_with_operators', 'example_xcom_args' retrieved from /home/airflow/.local/lib/python3.8/site-packages/airflow/example_dags/example_xcomargs.py
[2025-06-14T06:59:01.552+0000] {logging_mixin.py:188} INFO - [2025-06-14T06:59:01.552+0000] {dag.py:3036} INFO - Sync 2 DAGs
[2025-06-14T06:59:01.565+0000] {logging_mixin.py:188} INFO - [2025-06-14T06:59:01.565+0000] {dag.py:3823} INFO - Setting next_dagrun for example_xcom_args to None, run_after=None
[2025-06-14T06:59:01.571+0000] {logging_mixin.py:188} INFO - [2025-06-14T06:59:01.570+0000] {dag.py:3823} INFO - Setting next_dagrun for example_xcom_args_with_operators to None, run_after=None
[2025-06-14T06:59:01.600+0000] {processor.py:183} INFO - Processing /home/airflow/.local/lib/python3.8/site-packages/airflow/example_dags/example_xcomargs.py took 0.091 seconds
[2025-06-14T06:59:31.793+0000] {processor.py:161} INFO - Started process (PID=403) to work on /home/airflow/.local/lib/python3.8/site-packages/airflow/example_dags/example_xcomargs.py
[2025-06-14T06:59:31.796+0000] {processor.py:830} INFO - Processing file /home/airflow/.local/lib/python3.8/site-packages/airflow/example_dags/example_xcomargs.py for tasks to queue
[2025-06-14T06:59:31.798+0000] {logging_mixin.py:188} INFO - [2025-06-14T06:59:31.798+0000] {dagbag.py:538} INFO - Filling up the DagBag from /home/airflow/.local/lib/python3.8/site-packages/airflow/example_dags/example_xcomargs.py
[2025-06-14T06:59:31.808+0000] {processor.py:840} INFO - DAG(s) 'example_xcom_args_with_operators', 'example_xcom_args' retrieved from /home/airflow/.local/lib/python3.8/site-packages/airflow/example_dags/example_xcomargs.py
[2025-06-14T06:59:31.837+0000] {logging_mixin.py:188} INFO - [2025-06-14T06:59:31.837+0000] {dag.py:3036} INFO - Sync 2 DAGs
[2025-06-14T06:59:31.850+0000] {logging_mixin.py:188} INFO - [2025-06-14T06:59:31.850+0000] {dag.py:3823} INFO - Setting next_dagrun for example_xcom_args to None, run_after=None
[2025-06-14T06:59:31.858+0000] {logging_mixin.py:188} INFO - [2025-06-14T06:59:31.858+0000] {dag.py:3823} INFO - Setting next_dagrun for example_xcom_args_with_operators to None, run_after=None
[2025-06-14T06:59:31.879+0000] {processor.py:183} INFO - Processing /home/airflow/.local/lib/python3.8/site-packages/airflow/example_dags/example_xcomargs.py took 0.099 seconds
[2025-06-14T07:00:02.099+0000] {processor.py:161} INFO - Started process (PID=458) to work on /home/airflow/.local/lib/python3.8/site-packages/airflow/example_dags/example_xcomargs.py
[2025-06-14T07:00:02.101+0000] {processor.py:830} INFO - Processing file /home/airflow/.local/lib/python3.8/site-packages/airflow/example_dags/example_xcomargs.py for tasks to queue
[2025-06-14T07:00:02.103+0000] {logging_mixin.py:188} INFO - [2025-06-14T07:00:02.103+0000] {dagbag.py:538} INFO - Filling up the DagBag from /home/airflow/.local/lib/python3.8/site-packages/airflow/example_dags/example_xcomargs.py
[2025-06-14T07:00:02.112+0000] {processor.py:840} INFO - DAG(s) 'example_xcom_args', 'example_xcom_args_with_operators' retrieved from /home/airflow/.local/lib/python3.8/site-packages/airflow/example_dags/example_xcomargs.py
[2025-06-14T07:00:02.142+0000] {logging_mixin.py:188} INFO - [2025-06-14T07:00:02.142+0000] {dag.py:3036} INFO - Sync 2 DAGs
[2025-06-14T07:00:02.160+0000] {logging_mixin.py:188} INFO - [2025-06-14T07:00:02.160+0000] {dag.py:3823} INFO - Setting next_dagrun for example_xcom_args to None, run_after=None
[2025-06-14T07:00:02.165+0000] {logging_mixin.py:188} INFO - [2025-06-14T07:00:02.165+0000] {dag.py:3823} INFO - Setting next_dagrun for example_xcom_args_with_operators to None, run_after=None
[2025-06-14T07:00:02.190+0000] {processor.py:183} INFO - Processing /home/airflow/.local/lib/python3.8/site-packages/airflow/example_dags/example_xcomargs.py took 0.094 seconds
