[2025-06-14T06:56:30.231+0000] {processor.py:161} INFO - Started process (PID=77) to work on /home/airflow/.local/lib/python3.8/site-packages/airflow/example_dags/example_skip_dag.py
[2025-06-14T06:56:30.233+0000] {processor.py:830} INFO - Processing file /home/airflow/.local/lib/python3.8/site-packages/airflow/example_dags/example_skip_dag.py for tasks to queue
[2025-06-14T06:56:30.237+0000] {logging_mixin.py:188} INFO - [2025-06-14T06:56:30.236+0000] {dagbag.py:538} INFO - Filling up the DagBag from /home/airflow/.local/lib/python3.8/site-packages/airflow/example_dags/example_skip_dag.py
[2025-06-14T06:56:30.256+0000] {processor.py:840} INFO - DAG(s) 'example_skip_dag' retrieved from /home/airflow/.local/lib/python3.8/site-packages/airflow/example_dags/example_skip_dag.py
[2025-06-14T06:56:30.568+0000] {logging_mixin.py:188} INFO - [2025-06-14T06:56:30.568+0000] {dag.py:3036} INFO - Sync 1 DAGs
[2025-06-14T06:56:30.630+0000] {logging_mixin.py:188} INFO - [2025-06-14T06:56:30.630+0000] {dag.py:3823} INFO - Setting next_dagrun for example_skip_dag to 2025-06-13 00:00:00+00:00, run_after=2025-06-14 00:00:00+00:00
[2025-06-14T06:56:30.683+0000] {processor.py:183} INFO - Processing /home/airflow/.local/lib/python3.8/site-packages/airflow/example_dags/example_skip_dag.py took 0.460 seconds
[2025-06-14T06:57:01.438+0000] {processor.py:161} INFO - Started process (PID=132) to work on /home/airflow/.local/lib/python3.8/site-packages/airflow/example_dags/example_skip_dag.py
[2025-06-14T06:57:01.440+0000] {processor.py:830} INFO - Processing file /home/airflow/.local/lib/python3.8/site-packages/airflow/example_dags/example_skip_dag.py for tasks to queue
[2025-06-14T06:57:01.444+0000] {logging_mixin.py:188} INFO - [2025-06-14T06:57:01.443+0000] {dagbag.py:538} INFO - Filling up the DagBag from /home/airflow/.local/lib/python3.8/site-packages/airflow/example_dags/example_skip_dag.py
[2025-06-14T06:57:01.457+0000] {processor.py:840} INFO - DAG(s) 'example_skip_dag' retrieved from /home/airflow/.local/lib/python3.8/site-packages/airflow/example_dags/example_skip_dag.py
[2025-06-14T06:57:01.505+0000] {logging_mixin.py:188} INFO - [2025-06-14T06:57:01.505+0000] {dag.py:3036} INFO - Sync 1 DAGs
[2025-06-14T06:57:01.546+0000] {logging_mixin.py:188} INFO - [2025-06-14T06:57:01.545+0000] {dag.py:3823} INFO - Setting next_dagrun for example_skip_dag to 2025-06-13 00:00:00+00:00, run_after=2025-06-14 00:00:00+00:00
[2025-06-14T06:57:01.596+0000] {processor.py:183} INFO - Processing /home/airflow/.local/lib/python3.8/site-packages/airflow/example_dags/example_skip_dag.py took 0.164 seconds
[2025-06-14T06:57:32.007+0000] {processor.py:161} INFO - Started process (PID=187) to work on /home/airflow/.local/lib/python3.8/site-packages/airflow/example_dags/example_skip_dag.py
[2025-06-14T06:57:32.009+0000] {processor.py:830} INFO - Processing file /home/airflow/.local/lib/python3.8/site-packages/airflow/example_dags/example_skip_dag.py for tasks to queue
[2025-06-14T06:57:32.011+0000] {logging_mixin.py:188} INFO - [2025-06-14T06:57:32.011+0000] {dagbag.py:538} INFO - Filling up the DagBag from /home/airflow/.local/lib/python3.8/site-packages/airflow/example_dags/example_skip_dag.py
[2025-06-14T06:57:32.017+0000] {processor.py:840} INFO - DAG(s) 'example_skip_dag' retrieved from /home/airflow/.local/lib/python3.8/site-packages/airflow/example_dags/example_skip_dag.py
[2025-06-14T06:57:32.041+0000] {logging_mixin.py:188} INFO - [2025-06-14T06:57:32.041+0000] {dag.py:3036} INFO - Sync 1 DAGs
[2025-06-14T06:57:32.063+0000] {logging_mixin.py:188} INFO - [2025-06-14T06:57:32.062+0000] {dag.py:3823} INFO - Setting next_dagrun for example_skip_dag to 2025-06-13 00:00:00+00:00, run_after=2025-06-14 00:00:00+00:00
[2025-06-14T06:57:32.087+0000] {processor.py:183} INFO - Processing /home/airflow/.local/lib/python3.8/site-packages/airflow/example_dags/example_skip_dag.py took 0.082 seconds
[2025-06-14T06:58:02.407+0000] {processor.py:161} INFO - Started process (PID=242) to work on /home/airflow/.local/lib/python3.8/site-packages/airflow/example_dags/example_skip_dag.py
[2025-06-14T06:58:02.409+0000] {processor.py:830} INFO - Processing file /home/airflow/.local/lib/python3.8/site-packages/airflow/example_dags/example_skip_dag.py for tasks to queue
[2025-06-14T06:58:02.411+0000] {logging_mixin.py:188} INFO - [2025-06-14T06:58:02.411+0000] {dagbag.py:538} INFO - Filling up the DagBag from /home/airflow/.local/lib/python3.8/site-packages/airflow/example_dags/example_skip_dag.py
[2025-06-14T06:58:02.419+0000] {processor.py:840} INFO - DAG(s) 'example_skip_dag' retrieved from /home/airflow/.local/lib/python3.8/site-packages/airflow/example_dags/example_skip_dag.py
[2025-06-14T06:58:02.447+0000] {logging_mixin.py:188} INFO - [2025-06-14T06:58:02.447+0000] {dag.py:3036} INFO - Sync 1 DAGs
[2025-06-14T06:58:02.473+0000] {logging_mixin.py:188} INFO - [2025-06-14T06:58:02.473+0000] {dag.py:3823} INFO - Setting next_dagrun for example_skip_dag to 2025-06-13 00:00:00+00:00, run_after=2025-06-14 00:00:00+00:00
[2025-06-14T06:58:02.500+0000] {processor.py:183} INFO - Processing /home/airflow/.local/lib/python3.8/site-packages/airflow/example_dags/example_skip_dag.py took 0.099 seconds
[2025-06-14T06:58:32.569+0000] {processor.py:161} INFO - Started process (PID=297) to work on /home/airflow/.local/lib/python3.8/site-packages/airflow/example_dags/example_skip_dag.py
[2025-06-14T06:58:32.571+0000] {processor.py:830} INFO - Processing file /home/airflow/.local/lib/python3.8/site-packages/airflow/example_dags/example_skip_dag.py for tasks to queue
[2025-06-14T06:58:32.573+0000] {logging_mixin.py:188} INFO - [2025-06-14T06:58:32.573+0000] {dagbag.py:538} INFO - Filling up the DagBag from /home/airflow/.local/lib/python3.8/site-packages/airflow/example_dags/example_skip_dag.py
[2025-06-14T06:58:32.579+0000] {processor.py:840} INFO - DAG(s) 'example_skip_dag' retrieved from /home/airflow/.local/lib/python3.8/site-packages/airflow/example_dags/example_skip_dag.py
[2025-06-14T06:58:32.604+0000] {logging_mixin.py:188} INFO - [2025-06-14T06:58:32.604+0000] {dag.py:3036} INFO - Sync 1 DAGs
[2025-06-14T06:58:32.626+0000] {logging_mixin.py:188} INFO - [2025-06-14T06:58:32.626+0000] {dag.py:3823} INFO - Setting next_dagrun for example_skip_dag to 2025-06-13 00:00:00+00:00, run_after=2025-06-14 00:00:00+00:00
[2025-06-14T06:58:32.651+0000] {processor.py:183} INFO - Processing /home/airflow/.local/lib/python3.8/site-packages/airflow/example_dags/example_skip_dag.py took 0.086 seconds
[2025-06-14T06:59:02.795+0000] {processor.py:161} INFO - Started process (PID=352) to work on /home/airflow/.local/lib/python3.8/site-packages/airflow/example_dags/example_skip_dag.py
[2025-06-14T06:59:02.797+0000] {processor.py:830} INFO - Processing file /home/airflow/.local/lib/python3.8/site-packages/airflow/example_dags/example_skip_dag.py for tasks to queue
[2025-06-14T06:59:02.798+0000] {logging_mixin.py:188} INFO - [2025-06-14T06:59:02.798+0000] {dagbag.py:538} INFO - Filling up the DagBag from /home/airflow/.local/lib/python3.8/site-packages/airflow/example_dags/example_skip_dag.py
[2025-06-14T06:59:02.804+0000] {processor.py:840} INFO - DAG(s) 'example_skip_dag' retrieved from /home/airflow/.local/lib/python3.8/site-packages/airflow/example_dags/example_skip_dag.py
[2025-06-14T06:59:02.827+0000] {logging_mixin.py:188} INFO - [2025-06-14T06:59:02.826+0000] {dag.py:3036} INFO - Sync 1 DAGs
[2025-06-14T06:59:02.849+0000] {logging_mixin.py:188} INFO - [2025-06-14T06:59:02.849+0000] {dag.py:3823} INFO - Setting next_dagrun for example_skip_dag to 2025-06-13 00:00:00+00:00, run_after=2025-06-14 00:00:00+00:00
[2025-06-14T06:59:02.873+0000] {processor.py:183} INFO - Processing /home/airflow/.local/lib/python3.8/site-packages/airflow/example_dags/example_skip_dag.py took 0.080 seconds
[2025-06-14T06:59:33.106+0000] {processor.py:161} INFO - Started process (PID=407) to work on /home/airflow/.local/lib/python3.8/site-packages/airflow/example_dags/example_skip_dag.py
[2025-06-14T06:59:33.107+0000] {processor.py:830} INFO - Processing file /home/airflow/.local/lib/python3.8/site-packages/airflow/example_dags/example_skip_dag.py for tasks to queue
[2025-06-14T06:59:33.109+0000] {logging_mixin.py:188} INFO - [2025-06-14T06:59:33.109+0000] {dagbag.py:538} INFO - Filling up the DagBag from /home/airflow/.local/lib/python3.8/site-packages/airflow/example_dags/example_skip_dag.py
[2025-06-14T06:59:33.115+0000] {processor.py:840} INFO - DAG(s) 'example_skip_dag' retrieved from /home/airflow/.local/lib/python3.8/site-packages/airflow/example_dags/example_skip_dag.py
[2025-06-14T06:59:33.142+0000] {logging_mixin.py:188} INFO - [2025-06-14T06:59:33.142+0000] {dag.py:3036} INFO - Sync 1 DAGs
[2025-06-14T06:59:33.163+0000] {logging_mixin.py:188} INFO - [2025-06-14T06:59:33.163+0000] {dag.py:3823} INFO - Setting next_dagrun for example_skip_dag to 2025-06-13 00:00:00+00:00, run_after=2025-06-14 00:00:00+00:00
[2025-06-14T06:59:33.188+0000] {processor.py:183} INFO - Processing /home/airflow/.local/lib/python3.8/site-packages/airflow/example_dags/example_skip_dag.py took 0.085 seconds
[2025-06-14T07:00:03.371+0000] {processor.py:161} INFO - Started process (PID=462) to work on /home/airflow/.local/lib/python3.8/site-packages/airflow/example_dags/example_skip_dag.py
[2025-06-14T07:00:03.373+0000] {processor.py:830} INFO - Processing file /home/airflow/.local/lib/python3.8/site-packages/airflow/example_dags/example_skip_dag.py for tasks to queue
[2025-06-14T07:00:03.375+0000] {logging_mixin.py:188} INFO - [2025-06-14T07:00:03.375+0000] {dagbag.py:538} INFO - Filling up the DagBag from /home/airflow/.local/lib/python3.8/site-packages/airflow/example_dags/example_skip_dag.py
[2025-06-14T07:00:03.382+0000] {processor.py:840} INFO - DAG(s) 'example_skip_dag' retrieved from /home/airflow/.local/lib/python3.8/site-packages/airflow/example_dags/example_skip_dag.py
[2025-06-14T07:00:03.407+0000] {logging_mixin.py:188} INFO - [2025-06-14T07:00:03.406+0000] {dag.py:3036} INFO - Sync 1 DAGs
[2025-06-14T07:00:03.427+0000] {logging_mixin.py:188} INFO - [2025-06-14T07:00:03.427+0000] {dag.py:3823} INFO - Setting next_dagrun for example_skip_dag to 2025-06-13 00:00:00+00:00, run_after=2025-06-14 00:00:00+00:00
[2025-06-14T07:00:03.458+0000] {processor.py:183} INFO - Processing /home/airflow/.local/lib/python3.8/site-packages/airflow/example_dags/example_skip_dag.py took 0.089 seconds
