[2025-06-14T06:56:34.623+0000] {processor.py:161} INFO - Started process (PID=93) to work on /home/airflow/.local/lib/python3.8/site-packages/airflow/example_dags/example_short_circuit_decorator.py
[2025-06-14T06:56:34.625+0000] {processor.py:830} INFO - Processing file /home/airflow/.local/lib/python3.8/site-packages/airflow/example_dags/example_short_circuit_decorator.py for tasks to queue
[2025-06-14T06:56:34.629+0000] {logging_mixin.py:188} INFO - [2025-06-14T06:56:34.628+0000] {dagbag.py:538} INFO - Filling up the DagBag from /home/airflow/.local/lib/python3.8/site-packages/airflow/example_dags/example_short_circuit_decorator.py
[2025-06-14T06:56:34.660+0000] {processor.py:840} INFO - DAG(s) 'example_short_circuit_decorator' retrieved from /home/airflow/.local/lib/python3.8/site-packages/airflow/example_dags/example_short_circuit_decorator.py
[2025-06-14T06:56:34.894+0000] {logging_mixin.py:188} INFO - [2025-06-14T06:56:34.894+0000] {dag.py:3036} INFO - Sync 1 DAGs
[2025-06-14T06:56:34.939+0000] {logging_mixin.py:188} INFO - [2025-06-14T06:56:34.939+0000] {dag.py:3823} INFO - Setting next_dagrun for example_short_circuit_decorator to 2025-06-13 00:00:00+00:00, run_after=2025-06-14 00:00:00+00:00
[2025-06-14T06:56:34.975+0000] {processor.py:183} INFO - Processing /home/airflow/.local/lib/python3.8/site-packages/airflow/example_dags/example_short_circuit_decorator.py took 0.358 seconds
[2025-06-14T06:57:05.543+0000] {processor.py:161} INFO - Started process (PID=148) to work on /home/airflow/.local/lib/python3.8/site-packages/airflow/example_dags/example_short_circuit_decorator.py
[2025-06-14T06:57:05.545+0000] {processor.py:830} INFO - Processing file /home/airflow/.local/lib/python3.8/site-packages/airflow/example_dags/example_short_circuit_decorator.py for tasks to queue
[2025-06-14T06:57:05.548+0000] {logging_mixin.py:188} INFO - [2025-06-14T06:57:05.548+0000] {dagbag.py:538} INFO - Filling up the DagBag from /home/airflow/.local/lib/python3.8/site-packages/airflow/example_dags/example_short_circuit_decorator.py
[2025-06-14T06:57:05.561+0000] {processor.py:840} INFO - DAG(s) 'example_short_circuit_decorator' retrieved from /home/airflow/.local/lib/python3.8/site-packages/airflow/example_dags/example_short_circuit_decorator.py
[2025-06-14T06:57:05.594+0000] {logging_mixin.py:188} INFO - [2025-06-14T06:57:05.593+0000] {dag.py:3036} INFO - Sync 1 DAGs
[2025-06-14T06:57:05.622+0000] {logging_mixin.py:188} INFO - [2025-06-14T06:57:05.622+0000] {dag.py:3823} INFO - Setting next_dagrun for example_short_circuit_decorator to 2025-06-13 00:00:00+00:00, run_after=2025-06-14 00:00:00+00:00
[2025-06-14T06:57:05.659+0000] {processor.py:183} INFO - Processing /home/airflow/.local/lib/python3.8/site-packages/airflow/example_dags/example_short_circuit_decorator.py took 0.122 seconds
[2025-06-14T06:57:36.473+0000] {processor.py:161} INFO - Started process (PID=203) to work on /home/airflow/.local/lib/python3.8/site-packages/airflow/example_dags/example_short_circuit_decorator.py
[2025-06-14T06:57:36.475+0000] {processor.py:830} INFO - Processing file /home/airflow/.local/lib/python3.8/site-packages/airflow/example_dags/example_short_circuit_decorator.py for tasks to queue
[2025-06-14T06:57:36.477+0000] {logging_mixin.py:188} INFO - [2025-06-14T06:57:36.477+0000] {dagbag.py:538} INFO - Filling up the DagBag from /home/airflow/.local/lib/python3.8/site-packages/airflow/example_dags/example_short_circuit_decorator.py
[2025-06-14T06:57:36.488+0000] {processor.py:840} INFO - DAG(s) 'example_short_circuit_decorator' retrieved from /home/airflow/.local/lib/python3.8/site-packages/airflow/example_dags/example_short_circuit_decorator.py
[2025-06-14T06:57:36.515+0000] {logging_mixin.py:188} INFO - [2025-06-14T06:57:36.515+0000] {dag.py:3036} INFO - Sync 1 DAGs
[2025-06-14T06:57:36.540+0000] {logging_mixin.py:188} INFO - [2025-06-14T06:57:36.539+0000] {dag.py:3823} INFO - Setting next_dagrun for example_short_circuit_decorator to 2025-06-13 00:00:00+00:00, run_after=2025-06-14 00:00:00+00:00
[2025-06-14T06:57:36.565+0000] {processor.py:183} INFO - Processing /home/airflow/.local/lib/python3.8/site-packages/airflow/example_dags/example_short_circuit_decorator.py took 0.094 seconds
[2025-06-14T06:58:06.738+0000] {processor.py:161} INFO - Started process (PID=258) to work on /home/airflow/.local/lib/python3.8/site-packages/airflow/example_dags/example_short_circuit_decorator.py
[2025-06-14T06:58:06.740+0000] {processor.py:830} INFO - Processing file /home/airflow/.local/lib/python3.8/site-packages/airflow/example_dags/example_short_circuit_decorator.py for tasks to queue
[2025-06-14T06:58:06.743+0000] {logging_mixin.py:188} INFO - [2025-06-14T06:58:06.742+0000] {dagbag.py:538} INFO - Filling up the DagBag from /home/airflow/.local/lib/python3.8/site-packages/airflow/example_dags/example_short_circuit_decorator.py
[2025-06-14T06:58:06.752+0000] {processor.py:840} INFO - DAG(s) 'example_short_circuit_decorator' retrieved from /home/airflow/.local/lib/python3.8/site-packages/airflow/example_dags/example_short_circuit_decorator.py
[2025-06-14T06:58:06.779+0000] {logging_mixin.py:188} INFO - [2025-06-14T06:58:06.778+0000] {dag.py:3036} INFO - Sync 1 DAGs
[2025-06-14T06:58:06.799+0000] {logging_mixin.py:188} INFO - [2025-06-14T06:58:06.799+0000] {dag.py:3823} INFO - Setting next_dagrun for example_short_circuit_decorator to 2025-06-13 00:00:00+00:00, run_after=2025-06-14 00:00:00+00:00
[2025-06-14T06:58:06.826+0000] {processor.py:183} INFO - Processing /home/airflow/.local/lib/python3.8/site-packages/airflow/example_dags/example_short_circuit_decorator.py took 0.092 seconds
[2025-06-14T06:58:36.995+0000] {processor.py:161} INFO - Started process (PID=313) to work on /home/airflow/.local/lib/python3.8/site-packages/airflow/example_dags/example_short_circuit_decorator.py
[2025-06-14T06:58:36.997+0000] {processor.py:830} INFO - Processing file /home/airflow/.local/lib/python3.8/site-packages/airflow/example_dags/example_short_circuit_decorator.py for tasks to queue
[2025-06-14T06:58:36.999+0000] {logging_mixin.py:188} INFO - [2025-06-14T06:58:36.999+0000] {dagbag.py:538} INFO - Filling up the DagBag from /home/airflow/.local/lib/python3.8/site-packages/airflow/example_dags/example_short_circuit_decorator.py
[2025-06-14T06:58:37.008+0000] {processor.py:840} INFO - DAG(s) 'example_short_circuit_decorator' retrieved from /home/airflow/.local/lib/python3.8/site-packages/airflow/example_dags/example_short_circuit_decorator.py
[2025-06-14T06:58:37.036+0000] {logging_mixin.py:188} INFO - [2025-06-14T06:58:37.035+0000] {dag.py:3036} INFO - Sync 1 DAGs
[2025-06-14T06:58:37.058+0000] {logging_mixin.py:188} INFO - [2025-06-14T06:58:37.058+0000] {dag.py:3823} INFO - Setting next_dagrun for example_short_circuit_decorator to 2025-06-13 00:00:00+00:00, run_after=2025-06-14 00:00:00+00:00
[2025-06-14T06:58:37.089+0000] {processor.py:183} INFO - Processing /home/airflow/.local/lib/python3.8/site-packages/airflow/example_dags/example_short_circuit_decorator.py took 0.097 seconds
[2025-06-14T06:59:07.368+0000] {processor.py:161} INFO - Started process (PID=368) to work on /home/airflow/.local/lib/python3.8/site-packages/airflow/example_dags/example_short_circuit_decorator.py
[2025-06-14T06:59:07.370+0000] {processor.py:830} INFO - Processing file /home/airflow/.local/lib/python3.8/site-packages/airflow/example_dags/example_short_circuit_decorator.py for tasks to queue
[2025-06-14T06:59:07.373+0000] {logging_mixin.py:188} INFO - [2025-06-14T06:59:07.373+0000] {dagbag.py:538} INFO - Filling up the DagBag from /home/airflow/.local/lib/python3.8/site-packages/airflow/example_dags/example_short_circuit_decorator.py
[2025-06-14T06:59:07.388+0000] {processor.py:840} INFO - DAG(s) 'example_short_circuit_decorator' retrieved from /home/airflow/.local/lib/python3.8/site-packages/airflow/example_dags/example_short_circuit_decorator.py
[2025-06-14T06:59:07.415+0000] {logging_mixin.py:188} INFO - [2025-06-14T06:59:07.415+0000] {dag.py:3036} INFO - Sync 1 DAGs
[2025-06-14T06:59:07.448+0000] {logging_mixin.py:188} INFO - [2025-06-14T06:59:07.447+0000] {dag.py:3823} INFO - Setting next_dagrun for example_short_circuit_decorator to 2025-06-13 00:00:00+00:00, run_after=2025-06-14 00:00:00+00:00
[2025-06-14T06:59:07.476+0000] {processor.py:183} INFO - Processing /home/airflow/.local/lib/python3.8/site-packages/airflow/example_dags/example_short_circuit_decorator.py took 0.114 seconds
[2025-06-14T06:59:38.506+0000] {processor.py:161} INFO - Started process (PID=423) to work on /home/airflow/.local/lib/python3.8/site-packages/airflow/example_dags/example_short_circuit_decorator.py
[2025-06-14T06:59:38.507+0000] {processor.py:830} INFO - Processing file /home/airflow/.local/lib/python3.8/site-packages/airflow/example_dags/example_short_circuit_decorator.py for tasks to queue
[2025-06-14T06:59:38.509+0000] {logging_mixin.py:188} INFO - [2025-06-14T06:59:38.509+0000] {dagbag.py:538} INFO - Filling up the DagBag from /home/airflow/.local/lib/python3.8/site-packages/airflow/example_dags/example_short_circuit_decorator.py
[2025-06-14T06:59:38.519+0000] {processor.py:840} INFO - DAG(s) 'example_short_circuit_decorator' retrieved from /home/airflow/.local/lib/python3.8/site-packages/airflow/example_dags/example_short_circuit_decorator.py
[2025-06-14T06:59:38.549+0000] {logging_mixin.py:188} INFO - [2025-06-14T06:59:38.548+0000] {dag.py:3036} INFO - Sync 1 DAGs
[2025-06-14T06:59:38.574+0000] {logging_mixin.py:188} INFO - [2025-06-14T06:59:38.573+0000] {dag.py:3823} INFO - Setting next_dagrun for example_short_circuit_decorator to 2025-06-13 00:00:00+00:00, run_after=2025-06-14 00:00:00+00:00
[2025-06-14T06:59:38.599+0000] {processor.py:183} INFO - Processing /home/airflow/.local/lib/python3.8/site-packages/airflow/example_dags/example_short_circuit_decorator.py took 0.097 seconds
[2025-06-14T07:00:08.752+0000] {processor.py:161} INFO - Started process (PID=478) to work on /home/airflow/.local/lib/python3.8/site-packages/airflow/example_dags/example_short_circuit_decorator.py
[2025-06-14T07:00:08.754+0000] {processor.py:830} INFO - Processing file /home/airflow/.local/lib/python3.8/site-packages/airflow/example_dags/example_short_circuit_decorator.py for tasks to queue
[2025-06-14T07:00:08.756+0000] {logging_mixin.py:188} INFO - [2025-06-14T07:00:08.756+0000] {dagbag.py:538} INFO - Filling up the DagBag from /home/airflow/.local/lib/python3.8/site-packages/airflow/example_dags/example_short_circuit_decorator.py
[2025-06-14T07:00:08.765+0000] {processor.py:840} INFO - DAG(s) 'example_short_circuit_decorator' retrieved from /home/airflow/.local/lib/python3.8/site-packages/airflow/example_dags/example_short_circuit_decorator.py
[2025-06-14T07:00:08.793+0000] {logging_mixin.py:188} INFO - [2025-06-14T07:00:08.793+0000] {dag.py:3036} INFO - Sync 1 DAGs
[2025-06-14T07:00:08.815+0000] {logging_mixin.py:188} INFO - [2025-06-14T07:00:08.814+0000] {dag.py:3823} INFO - Setting next_dagrun for example_short_circuit_decorator to 2025-06-13 00:00:00+00:00, run_after=2025-06-14 00:00:00+00:00
[2025-06-14T07:00:08.845+0000] {processor.py:183} INFO - Processing /home/airflow/.local/lib/python3.8/site-packages/airflow/example_dags/example_short_circuit_decorator.py took 0.096 seconds
