[2025-06-14T06:56:35.291+0000] {processor.py:161} INFO - Started process (PID=96) to work on /home/airflow/.local/lib/python3.8/site-packages/airflow/example_dags/example_branch_day_of_week_operator.py
[2025-06-14T06:56:35.294+0000] {processor.py:830} INFO - Processing file /home/airflow/.local/lib/python3.8/site-packages/airflow/example_dags/example_branch_day_of_week_operator.py for tasks to queue
[2025-06-14T06:56:35.301+0000] {logging_mixin.py:188} INFO - [2025-06-14T06:56:35.300+0000] {dagbag.py:538} INFO - Filling up the DagBag from /home/airflow/.local/lib/python3.8/site-packages/airflow/example_dags/example_branch_day_of_week_operator.py
[2025-06-14T06:56:35.321+0000] {processor.py:840} INFO - DAG(s) 'example_weekday_branch_operator' retrieved from /home/airflow/.local/lib/python3.8/site-packages/airflow/example_dags/example_branch_day_of_week_operator.py
[2025-06-14T06:56:35.522+0000] {logging_mixin.py:188} INFO - [2025-06-14T06:56:35.522+0000] {dag.py:3036} INFO - Sync 1 DAGs
[2025-06-14T06:56:35.551+0000] {logging_mixin.py:188} INFO - [2025-06-14T06:56:35.550+0000] {dag.py:3823} INFO - Setting next_dagrun for example_weekday_branch_operator to 2025-06-13 00:00:00+00:00, run_after=2025-06-14 00:00:00+00:00
[2025-06-14T06:56:35.591+0000] {processor.py:183} INFO - Processing /home/airflow/.local/lib/python3.8/site-packages/airflow/example_dags/example_branch_day_of_week_operator.py took 0.309 seconds
[2025-06-14T06:57:05.740+0000] {processor.py:161} INFO - Started process (PID=151) to work on /home/airflow/.local/lib/python3.8/site-packages/airflow/example_dags/example_branch_day_of_week_operator.py
[2025-06-14T06:57:05.742+0000] {processor.py:830} INFO - Processing file /home/airflow/.local/lib/python3.8/site-packages/airflow/example_dags/example_branch_day_of_week_operator.py for tasks to queue
[2025-06-14T06:57:05.745+0000] {logging_mixin.py:188} INFO - [2025-06-14T06:57:05.745+0000] {dagbag.py:538} INFO - Filling up the DagBag from /home/airflow/.local/lib/python3.8/site-packages/airflow/example_dags/example_branch_day_of_week_operator.py
[2025-06-14T06:57:05.755+0000] {processor.py:840} INFO - DAG(s) 'example_weekday_branch_operator' retrieved from /home/airflow/.local/lib/python3.8/site-packages/airflow/example_dags/example_branch_day_of_week_operator.py
[2025-06-14T06:57:05.790+0000] {logging_mixin.py:188} INFO - [2025-06-14T06:57:05.789+0000] {dag.py:3036} INFO - Sync 1 DAGs
[2025-06-14T06:57:05.823+0000] {logging_mixin.py:188} INFO - [2025-06-14T06:57:05.820+0000] {dag.py:3823} INFO - Setting next_dagrun for example_weekday_branch_operator to 2025-06-13 00:00:00+00:00, run_after=2025-06-14 00:00:00+00:00
[2025-06-14T06:57:05.857+0000] {processor.py:183} INFO - Processing /home/airflow/.local/lib/python3.8/site-packages/airflow/example_dags/example_branch_day_of_week_operator.py took 0.122 seconds
[2025-06-14T06:57:36.676+0000] {processor.py:161} INFO - Started process (PID=206) to work on /home/airflow/.local/lib/python3.8/site-packages/airflow/example_dags/example_branch_day_of_week_operator.py
[2025-06-14T06:57:36.677+0000] {processor.py:830} INFO - Processing file /home/airflow/.local/lib/python3.8/site-packages/airflow/example_dags/example_branch_day_of_week_operator.py for tasks to queue
[2025-06-14T06:57:36.680+0000] {logging_mixin.py:188} INFO - [2025-06-14T06:57:36.679+0000] {dagbag.py:538} INFO - Filling up the DagBag from /home/airflow/.local/lib/python3.8/site-packages/airflow/example_dags/example_branch_day_of_week_operator.py
[2025-06-14T06:57:36.690+0000] {processor.py:840} INFO - DAG(s) 'example_weekday_branch_operator' retrieved from /home/airflow/.local/lib/python3.8/site-packages/airflow/example_dags/example_branch_day_of_week_operator.py
[2025-06-14T06:57:36.723+0000] {logging_mixin.py:188} INFO - [2025-06-14T06:57:36.723+0000] {dag.py:3036} INFO - Sync 1 DAGs
[2025-06-14T06:57:36.757+0000] {logging_mixin.py:188} INFO - [2025-06-14T06:57:36.756+0000] {dag.py:3823} INFO - Setting next_dagrun for example_weekday_branch_operator to 2025-06-13 00:00:00+00:00, run_after=2025-06-14 00:00:00+00:00
[2025-06-14T06:57:36.781+0000] {processor.py:183} INFO - Processing /home/airflow/.local/lib/python3.8/site-packages/airflow/example_dags/example_branch_day_of_week_operator.py took 0.110 seconds
[2025-06-14T06:58:06.913+0000] {processor.py:161} INFO - Started process (PID=261) to work on /home/airflow/.local/lib/python3.8/site-packages/airflow/example_dags/example_branch_day_of_week_operator.py
[2025-06-14T06:58:06.915+0000] {processor.py:830} INFO - Processing file /home/airflow/.local/lib/python3.8/site-packages/airflow/example_dags/example_branch_day_of_week_operator.py for tasks to queue
[2025-06-14T06:58:06.918+0000] {logging_mixin.py:188} INFO - [2025-06-14T06:58:06.917+0000] {dagbag.py:538} INFO - Filling up the DagBag from /home/airflow/.local/lib/python3.8/site-packages/airflow/example_dags/example_branch_day_of_week_operator.py
[2025-06-14T06:58:06.927+0000] {processor.py:840} INFO - DAG(s) 'example_weekday_branch_operator' retrieved from /home/airflow/.local/lib/python3.8/site-packages/airflow/example_dags/example_branch_day_of_week_operator.py
[2025-06-14T06:58:06.949+0000] {logging_mixin.py:188} INFO - [2025-06-14T06:58:06.949+0000] {dag.py:3036} INFO - Sync 1 DAGs
[2025-06-14T06:58:06.977+0000] {logging_mixin.py:188} INFO - [2025-06-14T06:58:06.977+0000] {dag.py:3823} INFO - Setting next_dagrun for example_weekday_branch_operator to 2025-06-13 00:00:00+00:00, run_after=2025-06-14 00:00:00+00:00
[2025-06-14T06:58:06.998+0000] {processor.py:183} INFO - Processing /home/airflow/.local/lib/python3.8/site-packages/airflow/example_dags/example_branch_day_of_week_operator.py took 0.087 seconds
[2025-06-14T06:58:37.213+0000] {processor.py:161} INFO - Started process (PID=316) to work on /home/airflow/.local/lib/python3.8/site-packages/airflow/example_dags/example_branch_day_of_week_operator.py
[2025-06-14T06:58:37.214+0000] {processor.py:830} INFO - Processing file /home/airflow/.local/lib/python3.8/site-packages/airflow/example_dags/example_branch_day_of_week_operator.py for tasks to queue
[2025-06-14T06:58:37.216+0000] {logging_mixin.py:188} INFO - [2025-06-14T06:58:37.216+0000] {dagbag.py:538} INFO - Filling up the DagBag from /home/airflow/.local/lib/python3.8/site-packages/airflow/example_dags/example_branch_day_of_week_operator.py
[2025-06-14T06:58:37.225+0000] {processor.py:840} INFO - DAG(s) 'example_weekday_branch_operator' retrieved from /home/airflow/.local/lib/python3.8/site-packages/airflow/example_dags/example_branch_day_of_week_operator.py
[2025-06-14T06:58:37.248+0000] {logging_mixin.py:188} INFO - [2025-06-14T06:58:37.248+0000] {dag.py:3036} INFO - Sync 1 DAGs
[2025-06-14T06:58:37.275+0000] {logging_mixin.py:188} INFO - [2025-06-14T06:58:37.275+0000] {dag.py:3823} INFO - Setting next_dagrun for example_weekday_branch_operator to 2025-06-13 00:00:00+00:00, run_after=2025-06-14 00:00:00+00:00
[2025-06-14T06:58:37.298+0000] {processor.py:183} INFO - Processing /home/airflow/.local/lib/python3.8/site-packages/airflow/example_dags/example_branch_day_of_week_operator.py took 0.088 seconds
[2025-06-14T06:59:07.547+0000] {processor.py:161} INFO - Started process (PID=371) to work on /home/airflow/.local/lib/python3.8/site-packages/airflow/example_dags/example_branch_day_of_week_operator.py
[2025-06-14T06:59:07.549+0000] {processor.py:830} INFO - Processing file /home/airflow/.local/lib/python3.8/site-packages/airflow/example_dags/example_branch_day_of_week_operator.py for tasks to queue
[2025-06-14T06:59:07.553+0000] {logging_mixin.py:188} INFO - [2025-06-14T06:59:07.552+0000] {dagbag.py:538} INFO - Filling up the DagBag from /home/airflow/.local/lib/python3.8/site-packages/airflow/example_dags/example_branch_day_of_week_operator.py
[2025-06-14T06:59:07.562+0000] {processor.py:840} INFO - DAG(s) 'example_weekday_branch_operator' retrieved from /home/airflow/.local/lib/python3.8/site-packages/airflow/example_dags/example_branch_day_of_week_operator.py
[2025-06-14T06:59:07.593+0000] {logging_mixin.py:188} INFO - [2025-06-14T06:59:07.592+0000] {dag.py:3036} INFO - Sync 1 DAGs
[2025-06-14T06:59:07.624+0000] {logging_mixin.py:188} INFO - [2025-06-14T06:59:07.624+0000] {dag.py:3823} INFO - Setting next_dagrun for example_weekday_branch_operator to 2025-06-13 00:00:00+00:00, run_after=2025-06-14 00:00:00+00:00
[2025-06-14T06:59:07.659+0000] {processor.py:183} INFO - Processing /home/airflow/.local/lib/python3.8/site-packages/airflow/example_dags/example_branch_day_of_week_operator.py took 0.115 seconds
[2025-06-14T06:59:38.770+0000] {processor.py:161} INFO - Started process (PID=426) to work on /home/airflow/.local/lib/python3.8/site-packages/airflow/example_dags/example_branch_day_of_week_operator.py
[2025-06-14T06:59:38.772+0000] {processor.py:830} INFO - Processing file /home/airflow/.local/lib/python3.8/site-packages/airflow/example_dags/example_branch_day_of_week_operator.py for tasks to queue
[2025-06-14T06:59:38.774+0000] {logging_mixin.py:188} INFO - [2025-06-14T06:59:38.774+0000] {dagbag.py:538} INFO - Filling up the DagBag from /home/airflow/.local/lib/python3.8/site-packages/airflow/example_dags/example_branch_day_of_week_operator.py
[2025-06-14T06:59:38.784+0000] {processor.py:840} INFO - DAG(s) 'example_weekday_branch_operator' retrieved from /home/airflow/.local/lib/python3.8/site-packages/airflow/example_dags/example_branch_day_of_week_operator.py
[2025-06-14T06:59:38.811+0000] {logging_mixin.py:188} INFO - [2025-06-14T06:59:38.810+0000] {dag.py:3036} INFO - Sync 1 DAGs
[2025-06-14T06:59:38.839+0000] {logging_mixin.py:188} INFO - [2025-06-14T06:59:38.839+0000] {dag.py:3823} INFO - Setting next_dagrun for example_weekday_branch_operator to 2025-06-13 00:00:00+00:00, run_after=2025-06-14 00:00:00+00:00
[2025-06-14T06:59:38.864+0000] {processor.py:183} INFO - Processing /home/airflow/.local/lib/python3.8/site-packages/airflow/example_dags/example_branch_day_of_week_operator.py took 0.097 seconds
[2025-06-14T07:00:09.069+0000] {processor.py:161} INFO - Started process (PID=481) to work on /home/airflow/.local/lib/python3.8/site-packages/airflow/example_dags/example_branch_day_of_week_operator.py
[2025-06-14T07:00:09.070+0000] {processor.py:830} INFO - Processing file /home/airflow/.local/lib/python3.8/site-packages/airflow/example_dags/example_branch_day_of_week_operator.py for tasks to queue
[2025-06-14T07:00:09.072+0000] {logging_mixin.py:188} INFO - [2025-06-14T07:00:09.072+0000] {dagbag.py:538} INFO - Filling up the DagBag from /home/airflow/.local/lib/python3.8/site-packages/airflow/example_dags/example_branch_day_of_week_operator.py
[2025-06-14T07:00:09.079+0000] {processor.py:840} INFO - DAG(s) 'example_weekday_branch_operator' retrieved from /home/airflow/.local/lib/python3.8/site-packages/airflow/example_dags/example_branch_day_of_week_operator.py
[2025-06-14T07:00:09.104+0000] {logging_mixin.py:188} INFO - [2025-06-14T07:00:09.104+0000] {dag.py:3036} INFO - Sync 1 DAGs
[2025-06-14T07:00:09.127+0000] {logging_mixin.py:188} INFO - [2025-06-14T07:00:09.127+0000] {dag.py:3823} INFO - Setting next_dagrun for example_weekday_branch_operator to 2025-06-13 00:00:00+00:00, run_after=2025-06-14 00:00:00+00:00
[2025-06-14T07:00:09.147+0000] {processor.py:183} INFO - Processing /home/airflow/.local/lib/python3.8/site-packages/airflow/example_dags/example_branch_day_of_week_operator.py took 0.081 seconds
