[2025-06-14T06:56:32.444+0000] {processor.py:161} INFO - Started process (PID=84) to work on /home/airflow/.local/lib/python3.8/site-packages/airflow/example_dags/example_short_circuit_operator.py
[2025-06-14T06:56:32.452+0000] {processor.py:830} INFO - Processing file /home/airflow/.local/lib/python3.8/site-packages/airflow/example_dags/example_short_circuit_operator.py for tasks to queue
[2025-06-14T06:56:32.464+0000] {logging_mixin.py:188} INFO - [2025-06-14T06:56:32.456+0000] {dagbag.py:538} INFO - Filling up the DagBag from /home/airflow/.local/lib/python3.8/site-packages/airflow/example_dags/example_short_circuit_operator.py
[2025-06-14T06:56:32.511+0000] {processor.py:840} INFO - DAG(s) 'example_short_circuit_operator' retrieved from /home/airflow/.local/lib/python3.8/site-packages/airflow/example_dags/example_short_circuit_operator.py
[2025-06-14T06:56:32.782+0000] {logging_mixin.py:188} INFO - [2025-06-14T06:56:32.781+0000] {dag.py:3036} INFO - Sync 1 DAGs
[2025-06-14T06:56:32.825+0000] {logging_mixin.py:188} INFO - [2025-06-14T06:56:32.825+0000] {dag.py:3823} INFO - Setting next_dagrun for example_short_circuit_operator to 2025-06-13 00:00:00+00:00, run_after=2025-06-14 00:00:00+00:00
[2025-06-14T06:56:32.867+0000] {processor.py:183} INFO - Processing /home/airflow/.local/lib/python3.8/site-packages/airflow/example_dags/example_short_circuit_operator.py took 0.434 seconds
[2025-06-14T06:57:03.394+0000] {processor.py:161} INFO - Started process (PID=139) to work on /home/airflow/.local/lib/python3.8/site-packages/airflow/example_dags/example_short_circuit_operator.py
[2025-06-14T06:57:03.395+0000] {processor.py:830} INFO - Processing file /home/airflow/.local/lib/python3.8/site-packages/airflow/example_dags/example_short_circuit_operator.py for tasks to queue
[2025-06-14T06:57:03.398+0000] {logging_mixin.py:188} INFO - [2025-06-14T06:57:03.398+0000] {dagbag.py:538} INFO - Filling up the DagBag from /home/airflow/.local/lib/python3.8/site-packages/airflow/example_dags/example_short_circuit_operator.py
[2025-06-14T06:57:03.416+0000] {processor.py:840} INFO - DAG(s) 'example_short_circuit_operator' retrieved from /home/airflow/.local/lib/python3.8/site-packages/airflow/example_dags/example_short_circuit_operator.py
[2025-06-14T06:57:03.457+0000] {logging_mixin.py:188} INFO - [2025-06-14T06:57:03.457+0000] {dag.py:3036} INFO - Sync 1 DAGs
[2025-06-14T06:57:03.495+0000] {logging_mixin.py:188} INFO - [2025-06-14T06:57:03.495+0000] {dag.py:3823} INFO - Setting next_dagrun for example_short_circuit_operator to 2025-06-13 00:00:00+00:00, run_after=2025-06-14 00:00:00+00:00
[2025-06-14T06:57:03.540+0000] {processor.py:183} INFO - Processing /home/airflow/.local/lib/python3.8/site-packages/airflow/example_dags/example_short_circuit_operator.py took 0.153 seconds
[2025-06-14T06:57:33.679+0000] {processor.py:161} INFO - Started process (PID=194) to work on /home/airflow/.local/lib/python3.8/site-packages/airflow/example_dags/example_short_circuit_operator.py
[2025-06-14T06:57:33.680+0000] {processor.py:830} INFO - Processing file /home/airflow/.local/lib/python3.8/site-packages/airflow/example_dags/example_short_circuit_operator.py for tasks to queue
[2025-06-14T06:57:33.682+0000] {logging_mixin.py:188} INFO - [2025-06-14T06:57:33.682+0000] {dagbag.py:538} INFO - Filling up the DagBag from /home/airflow/.local/lib/python3.8/site-packages/airflow/example_dags/example_short_circuit_operator.py
[2025-06-14T06:57:33.690+0000] {processor.py:840} INFO - DAG(s) 'example_short_circuit_operator' retrieved from /home/airflow/.local/lib/python3.8/site-packages/airflow/example_dags/example_short_circuit_operator.py
[2025-06-14T06:57:33.715+0000] {logging_mixin.py:188} INFO - [2025-06-14T06:57:33.715+0000] {dag.py:3036} INFO - Sync 1 DAGs
[2025-06-14T06:57:33.740+0000] {logging_mixin.py:188} INFO - [2025-06-14T06:57:33.740+0000] {dag.py:3823} INFO - Setting next_dagrun for example_short_circuit_operator to 2025-06-13 00:00:00+00:00, run_after=2025-06-14 00:00:00+00:00
[2025-06-14T06:57:33.762+0000] {processor.py:183} INFO - Processing /home/airflow/.local/lib/python3.8/site-packages/airflow/example_dags/example_short_circuit_operator.py took 0.085 seconds
[2025-06-14T06:58:03.943+0000] {processor.py:161} INFO - Started process (PID=249) to work on /home/airflow/.local/lib/python3.8/site-packages/airflow/example_dags/example_short_circuit_operator.py
[2025-06-14T06:58:03.944+0000] {processor.py:830} INFO - Processing file /home/airflow/.local/lib/python3.8/site-packages/airflow/example_dags/example_short_circuit_operator.py for tasks to queue
[2025-06-14T06:58:03.946+0000] {logging_mixin.py:188} INFO - [2025-06-14T06:58:03.946+0000] {dagbag.py:538} INFO - Filling up the DagBag from /home/airflow/.local/lib/python3.8/site-packages/airflow/example_dags/example_short_circuit_operator.py
[2025-06-14T06:58:03.953+0000] {processor.py:840} INFO - DAG(s) 'example_short_circuit_operator' retrieved from /home/airflow/.local/lib/python3.8/site-packages/airflow/example_dags/example_short_circuit_operator.py
[2025-06-14T06:58:03.977+0000] {logging_mixin.py:188} INFO - [2025-06-14T06:58:03.976+0000] {dag.py:3036} INFO - Sync 1 DAGs
[2025-06-14T06:58:03.997+0000] {logging_mixin.py:188} INFO - [2025-06-14T06:58:03.997+0000] {dag.py:3823} INFO - Setting next_dagrun for example_short_circuit_operator to 2025-06-13 00:00:00+00:00, run_after=2025-06-14 00:00:00+00:00
[2025-06-14T06:58:04.020+0000] {processor.py:183} INFO - Processing /home/airflow/.local/lib/python3.8/site-packages/airflow/example_dags/example_short_circuit_operator.py took 0.080 seconds
[2025-06-14T06:58:34.188+0000] {processor.py:161} INFO - Started process (PID=304) to work on /home/airflow/.local/lib/python3.8/site-packages/airflow/example_dags/example_short_circuit_operator.py
[2025-06-14T06:58:34.190+0000] {processor.py:830} INFO - Processing file /home/airflow/.local/lib/python3.8/site-packages/airflow/example_dags/example_short_circuit_operator.py for tasks to queue
[2025-06-14T06:58:34.192+0000] {logging_mixin.py:188} INFO - [2025-06-14T06:58:34.191+0000] {dagbag.py:538} INFO - Filling up the DagBag from /home/airflow/.local/lib/python3.8/site-packages/airflow/example_dags/example_short_circuit_operator.py
[2025-06-14T06:58:34.198+0000] {processor.py:840} INFO - DAG(s) 'example_short_circuit_operator' retrieved from /home/airflow/.local/lib/python3.8/site-packages/airflow/example_dags/example_short_circuit_operator.py
[2025-06-14T06:58:34.225+0000] {logging_mixin.py:188} INFO - [2025-06-14T06:58:34.224+0000] {dag.py:3036} INFO - Sync 1 DAGs
[2025-06-14T06:58:34.247+0000] {logging_mixin.py:188} INFO - [2025-06-14T06:58:34.247+0000] {dag.py:3823} INFO - Setting next_dagrun for example_short_circuit_operator to 2025-06-13 00:00:00+00:00, run_after=2025-06-14 00:00:00+00:00
[2025-06-14T06:58:34.269+0000] {processor.py:183} INFO - Processing /home/airflow/.local/lib/python3.8/site-packages/airflow/example_dags/example_short_circuit_operator.py took 0.083 seconds
[2025-06-14T06:59:04.304+0000] {processor.py:161} INFO - Started process (PID=359) to work on /home/airflow/.local/lib/python3.8/site-packages/airflow/example_dags/example_short_circuit_operator.py
[2025-06-14T06:59:04.306+0000] {processor.py:830} INFO - Processing file /home/airflow/.local/lib/python3.8/site-packages/airflow/example_dags/example_short_circuit_operator.py for tasks to queue
[2025-06-14T06:59:04.308+0000] {logging_mixin.py:188} INFO - [2025-06-14T06:59:04.308+0000] {dagbag.py:538} INFO - Filling up the DagBag from /home/airflow/.local/lib/python3.8/site-packages/airflow/example_dags/example_short_circuit_operator.py
[2025-06-14T06:59:04.314+0000] {processor.py:840} INFO - DAG(s) 'example_short_circuit_operator' retrieved from /home/airflow/.local/lib/python3.8/site-packages/airflow/example_dags/example_short_circuit_operator.py
[2025-06-14T06:59:04.340+0000] {logging_mixin.py:188} INFO - [2025-06-14T06:59:04.340+0000] {dag.py:3036} INFO - Sync 1 DAGs
[2025-06-14T06:59:04.361+0000] {logging_mixin.py:188} INFO - [2025-06-14T06:59:04.361+0000] {dag.py:3823} INFO - Setting next_dagrun for example_short_circuit_operator to 2025-06-13 00:00:00+00:00, run_after=2025-06-14 00:00:00+00:00
[2025-06-14T06:59:04.385+0000] {processor.py:183} INFO - Processing /home/airflow/.local/lib/python3.8/site-packages/airflow/example_dags/example_short_circuit_operator.py took 0.083 seconds
[2025-06-14T06:59:34.673+0000] {processor.py:161} INFO - Started process (PID=414) to work on /home/airflow/.local/lib/python3.8/site-packages/airflow/example_dags/example_short_circuit_operator.py
[2025-06-14T06:59:34.674+0000] {processor.py:830} INFO - Processing file /home/airflow/.local/lib/python3.8/site-packages/airflow/example_dags/example_short_circuit_operator.py for tasks to queue
[2025-06-14T06:59:34.676+0000] {logging_mixin.py:188} INFO - [2025-06-14T06:59:34.676+0000] {dagbag.py:538} INFO - Filling up the DagBag from /home/airflow/.local/lib/python3.8/site-packages/airflow/example_dags/example_short_circuit_operator.py
[2025-06-14T06:59:34.684+0000] {processor.py:840} INFO - DAG(s) 'example_short_circuit_operator' retrieved from /home/airflow/.local/lib/python3.8/site-packages/airflow/example_dags/example_short_circuit_operator.py
[2025-06-14T06:59:34.706+0000] {logging_mixin.py:188} INFO - [2025-06-14T06:59:34.705+0000] {dag.py:3036} INFO - Sync 1 DAGs
[2025-06-14T06:59:34.728+0000] {logging_mixin.py:188} INFO - [2025-06-14T06:59:34.727+0000] {dag.py:3823} INFO - Setting next_dagrun for example_short_circuit_operator to 2025-06-13 00:00:00+00:00, run_after=2025-06-14 00:00:00+00:00
[2025-06-14T06:59:34.745+0000] {processor.py:183} INFO - Processing /home/airflow/.local/lib/python3.8/site-packages/airflow/example_dags/example_short_circuit_operator.py took 0.076 seconds
[2025-06-14T07:00:04.946+0000] {processor.py:161} INFO - Started process (PID=469) to work on /home/airflow/.local/lib/python3.8/site-packages/airflow/example_dags/example_short_circuit_operator.py
[2025-06-14T07:00:04.947+0000] {processor.py:830} INFO - Processing file /home/airflow/.local/lib/python3.8/site-packages/airflow/example_dags/example_short_circuit_operator.py for tasks to queue
[2025-06-14T07:00:04.950+0000] {logging_mixin.py:188} INFO - [2025-06-14T07:00:04.950+0000] {dagbag.py:538} INFO - Filling up the DagBag from /home/airflow/.local/lib/python3.8/site-packages/airflow/example_dags/example_short_circuit_operator.py
[2025-06-14T07:00:04.962+0000] {processor.py:840} INFO - DAG(s) 'example_short_circuit_operator' retrieved from /home/airflow/.local/lib/python3.8/site-packages/airflow/example_dags/example_short_circuit_operator.py
[2025-06-14T07:00:04.988+0000] {logging_mixin.py:188} INFO - [2025-06-14T07:00:04.988+0000] {dag.py:3036} INFO - Sync 1 DAGs
[2025-06-14T07:00:05.009+0000] {logging_mixin.py:188} INFO - [2025-06-14T07:00:05.009+0000] {dag.py:3823} INFO - Setting next_dagrun for example_short_circuit_operator to 2025-06-13 00:00:00+00:00, run_after=2025-06-14 00:00:00+00:00
[2025-06-14T07:00:05.031+0000] {processor.py:183} INFO - Processing /home/airflow/.local/lib/python3.8/site-packages/airflow/example_dags/example_short_circuit_operator.py took 0.089 seconds
