[2025-06-14T06:56:26.731+0000] {processor.py:161} INFO - Started process (PID=61) to work on /home/airflow/.local/lib/python3.8/site-packages/airflow/example_dags/example_branch_operator.py
[2025-06-14T06:56:26.733+0000] {processor.py:830} INFO - Processing file /home/airflow/.local/lib/python3.8/site-packages/airflow/example_dags/example_branch_operator.py for tasks to queue
[2025-06-14T06:56:26.737+0000] {logging_mixin.py:188} INFO - [2025-06-14T06:56:26.736+0000] {dagbag.py:538} INFO - Filling up the DagBag from /home/airflow/.local/lib/python3.8/site-packages/airflow/example_dags/example_branch_operator.py
[2025-06-14T06:56:26.811+0000] {processor.py:840} INFO - DAG(s) 'example_branch_operator' retrieved from /home/airflow/.local/lib/python3.8/site-packages/airflow/example_dags/example_branch_operator.py
[2025-06-14T06:56:27.406+0000] {logging_mixin.py:188} INFO - [2025-06-14T06:56:27.405+0000] {dag.py:3036} INFO - Sync 1 DAGs
[2025-06-14T06:56:27.488+0000] {logging_mixin.py:188} INFO - [2025-06-14T06:56:27.488+0000] {dag.py:3823} INFO - Setting next_dagrun for example_branch_operator to 2025-06-13 00:00:00+00:00, run_after=2025-06-14 00:00:00+00:00
[2025-06-14T06:56:27.548+0000] {processor.py:183} INFO - Processing /home/airflow/.local/lib/python3.8/site-packages/airflow/example_dags/example_branch_operator.py took 0.825 seconds
[2025-06-14T06:56:57.761+0000] {processor.py:161} INFO - Started process (PID=122) to work on /home/airflow/.local/lib/python3.8/site-packages/airflow/example_dags/example_branch_operator.py
[2025-06-14T06:56:57.763+0000] {processor.py:830} INFO - Processing file /home/airflow/.local/lib/python3.8/site-packages/airflow/example_dags/example_branch_operator.py for tasks to queue
[2025-06-14T06:56:57.765+0000] {logging_mixin.py:188} INFO - [2025-06-14T06:56:57.764+0000] {dagbag.py:538} INFO - Filling up the DagBag from /home/airflow/.local/lib/python3.8/site-packages/airflow/example_dags/example_branch_operator.py
[2025-06-14T06:56:57.785+0000] {processor.py:840} INFO - DAG(s) 'example_branch_operator' retrieved from /home/airflow/.local/lib/python3.8/site-packages/airflow/example_dags/example_branch_operator.py
[2025-06-14T06:56:57.818+0000] {logging_mixin.py:188} INFO - [2025-06-14T06:56:57.817+0000] {dag.py:3036} INFO - Sync 1 DAGs
[2025-06-14T06:56:57.841+0000] {logging_mixin.py:188} INFO - [2025-06-14T06:56:57.841+0000] {dag.py:3823} INFO - Setting next_dagrun for example_branch_operator to 2025-06-13 00:00:00+00:00, run_after=2025-06-14 00:00:00+00:00
[2025-06-14T06:56:57.865+0000] {processor.py:183} INFO - Processing /home/airflow/.local/lib/python3.8/site-packages/airflow/example_dags/example_branch_operator.py took 0.108 seconds
[2025-06-14T06:57:28.374+0000] {processor.py:161} INFO - Started process (PID=177) to work on /home/airflow/.local/lib/python3.8/site-packages/airflow/example_dags/example_branch_operator.py
[2025-06-14T06:57:28.375+0000] {processor.py:830} INFO - Processing file /home/airflow/.local/lib/python3.8/site-packages/airflow/example_dags/example_branch_operator.py for tasks to queue
[2025-06-14T06:57:28.378+0000] {logging_mixin.py:188} INFO - [2025-06-14T06:57:28.377+0000] {dagbag.py:538} INFO - Filling up the DagBag from /home/airflow/.local/lib/python3.8/site-packages/airflow/example_dags/example_branch_operator.py
[2025-06-14T06:57:28.397+0000] {processor.py:840} INFO - DAG(s) 'example_branch_operator' retrieved from /home/airflow/.local/lib/python3.8/site-packages/airflow/example_dags/example_branch_operator.py
[2025-06-14T06:57:28.428+0000] {logging_mixin.py:188} INFO - [2025-06-14T06:57:28.428+0000] {dag.py:3036} INFO - Sync 1 DAGs
[2025-06-14T06:57:28.452+0000] {logging_mixin.py:188} INFO - [2025-06-14T06:57:28.452+0000] {dag.py:3823} INFO - Setting next_dagrun for example_branch_operator to 2025-06-13 00:00:00+00:00, run_after=2025-06-14 00:00:00+00:00
[2025-06-14T06:57:28.479+0000] {processor.py:183} INFO - Processing /home/airflow/.local/lib/python3.8/site-packages/airflow/example_dags/example_branch_operator.py took 0.108 seconds
[2025-06-14T06:57:58.718+0000] {processor.py:161} INFO - Started process (PID=232) to work on /home/airflow/.local/lib/python3.8/site-packages/airflow/example_dags/example_branch_operator.py
[2025-06-14T06:57:58.720+0000] {processor.py:830} INFO - Processing file /home/airflow/.local/lib/python3.8/site-packages/airflow/example_dags/example_branch_operator.py for tasks to queue
[2025-06-14T06:57:58.723+0000] {logging_mixin.py:188} INFO - [2025-06-14T06:57:58.722+0000] {dagbag.py:538} INFO - Filling up the DagBag from /home/airflow/.local/lib/python3.8/site-packages/airflow/example_dags/example_branch_operator.py
[2025-06-14T06:57:58.744+0000] {processor.py:840} INFO - DAG(s) 'example_branch_operator' retrieved from /home/airflow/.local/lib/python3.8/site-packages/airflow/example_dags/example_branch_operator.py
[2025-06-14T06:57:58.807+0000] {logging_mixin.py:188} INFO - [2025-06-14T06:57:58.807+0000] {dag.py:3036} INFO - Sync 1 DAGs
[2025-06-14T06:57:58.867+0000] {logging_mixin.py:188} INFO - [2025-06-14T06:57:58.867+0000] {dag.py:3823} INFO - Setting next_dagrun for example_branch_operator to 2025-06-13 00:00:00+00:00, run_after=2025-06-14 00:00:00+00:00
[2025-06-14T06:57:58.912+0000] {processor.py:183} INFO - Processing /home/airflow/.local/lib/python3.8/site-packages/airflow/example_dags/example_branch_operator.py took 0.197 seconds
[2025-06-14T06:58:29.046+0000] {processor.py:161} INFO - Started process (PID=287) to work on /home/airflow/.local/lib/python3.8/site-packages/airflow/example_dags/example_branch_operator.py
[2025-06-14T06:58:29.048+0000] {processor.py:830} INFO - Processing file /home/airflow/.local/lib/python3.8/site-packages/airflow/example_dags/example_branch_operator.py for tasks to queue
[2025-06-14T06:58:29.050+0000] {logging_mixin.py:188} INFO - [2025-06-14T06:58:29.050+0000] {dagbag.py:538} INFO - Filling up the DagBag from /home/airflow/.local/lib/python3.8/site-packages/airflow/example_dags/example_branch_operator.py
[2025-06-14T06:58:29.067+0000] {processor.py:840} INFO - DAG(s) 'example_branch_operator' retrieved from /home/airflow/.local/lib/python3.8/site-packages/airflow/example_dags/example_branch_operator.py
[2025-06-14T06:58:29.096+0000] {logging_mixin.py:188} INFO - [2025-06-14T06:58:29.095+0000] {dag.py:3036} INFO - Sync 1 DAGs
[2025-06-14T06:58:29.119+0000] {logging_mixin.py:188} INFO - [2025-06-14T06:58:29.119+0000] {dag.py:3823} INFO - Setting next_dagrun for example_branch_operator to 2025-06-13 00:00:00+00:00, run_after=2025-06-14 00:00:00+00:00
[2025-06-14T06:58:29.142+0000] {processor.py:183} INFO - Processing /home/airflow/.local/lib/python3.8/site-packages/airflow/example_dags/example_branch_operator.py took 0.099 seconds
[2025-06-14T06:58:59.234+0000] {processor.py:161} INFO - Started process (PID=342) to work on /home/airflow/.local/lib/python3.8/site-packages/airflow/example_dags/example_branch_operator.py
[2025-06-14T06:58:59.237+0000] {processor.py:830} INFO - Processing file /home/airflow/.local/lib/python3.8/site-packages/airflow/example_dags/example_branch_operator.py for tasks to queue
[2025-06-14T06:58:59.241+0000] {logging_mixin.py:188} INFO - [2025-06-14T06:58:59.241+0000] {dagbag.py:538} INFO - Filling up the DagBag from /home/airflow/.local/lib/python3.8/site-packages/airflow/example_dags/example_branch_operator.py
[2025-06-14T06:58:59.258+0000] {processor.py:840} INFO - DAG(s) 'example_branch_operator' retrieved from /home/airflow/.local/lib/python3.8/site-packages/airflow/example_dags/example_branch_operator.py
[2025-06-14T06:58:59.291+0000] {logging_mixin.py:188} INFO - [2025-06-14T06:58:59.291+0000] {dag.py:3036} INFO - Sync 1 DAGs
[2025-06-14T06:58:59.317+0000] {logging_mixin.py:188} INFO - [2025-06-14T06:58:59.316+0000] {dag.py:3823} INFO - Setting next_dagrun for example_branch_operator to 2025-06-13 00:00:00+00:00, run_after=2025-06-14 00:00:00+00:00
[2025-06-14T06:58:59.342+0000] {processor.py:183} INFO - Processing /home/airflow/.local/lib/python3.8/site-packages/airflow/example_dags/example_branch_operator.py took 0.112 seconds
[2025-06-14T06:59:29.439+0000] {processor.py:161} INFO - Started process (PID=397) to work on /home/airflow/.local/lib/python3.8/site-packages/airflow/example_dags/example_branch_operator.py
[2025-06-14T06:59:29.441+0000] {processor.py:830} INFO - Processing file /home/airflow/.local/lib/python3.8/site-packages/airflow/example_dags/example_branch_operator.py for tasks to queue
[2025-06-14T06:59:29.443+0000] {logging_mixin.py:188} INFO - [2025-06-14T06:59:29.443+0000] {dagbag.py:538} INFO - Filling up the DagBag from /home/airflow/.local/lib/python3.8/site-packages/airflow/example_dags/example_branch_operator.py
[2025-06-14T06:59:29.463+0000] {processor.py:840} INFO - DAG(s) 'example_branch_operator' retrieved from /home/airflow/.local/lib/python3.8/site-packages/airflow/example_dags/example_branch_operator.py
[2025-06-14T06:59:29.503+0000] {logging_mixin.py:188} INFO - [2025-06-14T06:59:29.503+0000] {dag.py:3036} INFO - Sync 1 DAGs
[2025-06-14T06:59:29.540+0000] {logging_mixin.py:188} INFO - [2025-06-14T06:59:29.540+0000] {dag.py:3823} INFO - Setting next_dagrun for example_branch_operator to 2025-06-13 00:00:00+00:00, run_after=2025-06-14 00:00:00+00:00
[2025-06-14T06:59:29.580+0000] {processor.py:183} INFO - Processing /home/airflow/.local/lib/python3.8/site-packages/airflow/example_dags/example_branch_operator.py took 0.145 seconds
[2025-06-14T06:59:59.810+0000] {processor.py:161} INFO - Started process (PID=452) to work on /home/airflow/.local/lib/python3.8/site-packages/airflow/example_dags/example_branch_operator.py
[2025-06-14T06:59:59.812+0000] {processor.py:830} INFO - Processing file /home/airflow/.local/lib/python3.8/site-packages/airflow/example_dags/example_branch_operator.py for tasks to queue
[2025-06-14T06:59:59.817+0000] {logging_mixin.py:188} INFO - [2025-06-14T06:59:59.816+0000] {dagbag.py:538} INFO - Filling up the DagBag from /home/airflow/.local/lib/python3.8/site-packages/airflow/example_dags/example_branch_operator.py
[2025-06-14T06:59:59.844+0000] {processor.py:840} INFO - DAG(s) 'example_branch_operator' retrieved from /home/airflow/.local/lib/python3.8/site-packages/airflow/example_dags/example_branch_operator.py
[2025-06-14T06:59:59.881+0000] {logging_mixin.py:188} INFO - [2025-06-14T06:59:59.880+0000] {dag.py:3036} INFO - Sync 1 DAGs
[2025-06-14T06:59:59.907+0000] {logging_mixin.py:188} INFO - [2025-06-14T06:59:59.907+0000] {dag.py:3823} INFO - Setting next_dagrun for example_branch_operator to 2025-06-13 00:00:00+00:00, run_after=2025-06-14 00:00:00+00:00
[2025-06-14T06:59:59.933+0000] {processor.py:183} INFO - Processing /home/airflow/.local/lib/python3.8/site-packages/airflow/example_dags/example_branch_operator.py took 0.128 seconds
