[2025-06-14T06:56:33.352+0000] {processor.py:161} INFO - Started process (PID=88) to work on /home/airflow/.local/lib/python3.8/site-packages/airflow/example_dags/example_datasets.py
[2025-06-14T06:56:33.354+0000] {processor.py:830} INFO - Processing file /home/airflow/.local/lib/python3.8/site-packages/airflow/example_dags/example_datasets.py for tasks to queue
[2025-06-14T06:56:33.361+0000] {logging_mixin.py:188} INFO - [2025-06-14T06:56:33.359+0000] {dagbag.py:538} INFO - Filling up the DagBag from /home/airflow/.local/lib/python3.8/site-packages/airflow/example_dags/example_datasets.py
[2025-06-14T06:56:33.382+0000] {processor.py:840} INFO - DAG(s) 'dataset_produces_2', 'dataset_consumes_1_and_2', 'dataset_produces_1', 'dataset_consumes_1', 'dataset_consumes_unknown_never_scheduled', 'dataset_consumes_1_never_scheduled' retrieved from /home/airflow/.local/lib/python3.8/site-packages/airflow/example_dags/example_datasets.py
[2025-06-14T06:56:33.736+0000] {logging_mixin.py:188} INFO - [2025-06-14T06:56:33.735+0000] {dag.py:3036} INFO - Sync 6 DAGs
[2025-06-14T06:56:33.779+0000] {logging_mixin.py:188} INFO - [2025-06-14T06:56:33.779+0000] {dag.py:3823} INFO - Setting next_dagrun for dataset_consumes_1 to None, run_after=None
[2025-06-14T06:56:33.787+0000] {logging_mixin.py:188} INFO - [2025-06-14T06:56:33.787+0000] {dag.py:3823} INFO - Setting next_dagrun for dataset_consumes_1_and_2 to None, run_after=None
[2025-06-14T06:56:33.791+0000] {logging_mixin.py:188} INFO - [2025-06-14T06:56:33.790+0000] {dag.py:3823} INFO - Setting next_dagrun for dataset_consumes_1_never_scheduled to None, run_after=None
[2025-06-14T06:56:33.794+0000] {logging_mixin.py:188} INFO - [2025-06-14T06:56:33.793+0000] {dag.py:3823} INFO - Setting next_dagrun for dataset_consumes_unknown_never_scheduled to None, run_after=None
[2025-06-14T06:56:33.798+0000] {logging_mixin.py:188} INFO - [2025-06-14T06:56:33.798+0000] {dag.py:3823} INFO - Setting next_dagrun for dataset_produces_1 to 2025-06-13 00:00:00+00:00, run_after=2025-06-14 00:00:00+00:00
[2025-06-14T06:56:33.801+0000] {logging_mixin.py:188} INFO - [2025-06-14T06:56:33.801+0000] {dag.py:3823} INFO - Setting next_dagrun for dataset_produces_2 to None, run_after=None
[2025-06-14T06:56:33.891+0000] {processor.py:183} INFO - Processing /home/airflow/.local/lib/python3.8/site-packages/airflow/example_dags/example_datasets.py took 0.544 seconds
[2025-06-14T06:57:04.833+0000] {processor.py:161} INFO - Started process (PID=143) to work on /home/airflow/.local/lib/python3.8/site-packages/airflow/example_dags/example_datasets.py
[2025-06-14T06:57:04.836+0000] {processor.py:830} INFO - Processing file /home/airflow/.local/lib/python3.8/site-packages/airflow/example_dags/example_datasets.py for tasks to queue
[2025-06-14T06:57:04.842+0000] {logging_mixin.py:188} INFO - [2025-06-14T06:57:04.842+0000] {dagbag.py:538} INFO - Filling up the DagBag from /home/airflow/.local/lib/python3.8/site-packages/airflow/example_dags/example_datasets.py
[2025-06-14T06:57:04.862+0000] {processor.py:840} INFO - DAG(s) 'dataset_produces_2', 'dataset_consumes_1', 'dataset_consumes_unknown_never_scheduled', 'dataset_consumes_1_never_scheduled', 'dataset_produces_1', 'dataset_consumes_1_and_2' retrieved from /home/airflow/.local/lib/python3.8/site-packages/airflow/example_dags/example_datasets.py
[2025-06-14T06:57:04.935+0000] {logging_mixin.py:188} INFO - [2025-06-14T06:57:04.934+0000] {dag.py:3036} INFO - Sync 6 DAGs
[2025-06-14T06:57:04.981+0000] {logging_mixin.py:188} INFO - [2025-06-14T06:57:04.981+0000] {dag.py:3823} INFO - Setting next_dagrun for dataset_consumes_1 to None, run_after=None
[2025-06-14T06:57:04.988+0000] {logging_mixin.py:188} INFO - [2025-06-14T06:57:04.987+0000] {dag.py:3823} INFO - Setting next_dagrun for dataset_consumes_1_and_2 to None, run_after=None
[2025-06-14T06:57:04.991+0000] {logging_mixin.py:188} INFO - [2025-06-14T06:57:04.990+0000] {dag.py:3823} INFO - Setting next_dagrun for dataset_consumes_1_never_scheduled to None, run_after=None
[2025-06-14T06:57:04.993+0000] {logging_mixin.py:188} INFO - [2025-06-14T06:57:04.993+0000] {dag.py:3823} INFO - Setting next_dagrun for dataset_consumes_unknown_never_scheduled to None, run_after=None
[2025-06-14T06:57:04.999+0000] {logging_mixin.py:188} INFO - [2025-06-14T06:57:04.999+0000] {dag.py:3823} INFO - Setting next_dagrun for dataset_produces_1 to 2025-06-13 00:00:00+00:00, run_after=2025-06-14 00:00:00+00:00
[2025-06-14T06:57:05.002+0000] {logging_mixin.py:188} INFO - [2025-06-14T06:57:05.002+0000] {dag.py:3823} INFO - Setting next_dagrun for dataset_produces_2 to None, run_after=None
[2025-06-14T06:57:05.081+0000] {processor.py:183} INFO - Processing /home/airflow/.local/lib/python3.8/site-packages/airflow/example_dags/example_datasets.py took 0.254 seconds
[2025-06-14T06:57:35.975+0000] {processor.py:161} INFO - Started process (PID=198) to work on /home/airflow/.local/lib/python3.8/site-packages/airflow/example_dags/example_datasets.py
[2025-06-14T06:57:35.977+0000] {processor.py:830} INFO - Processing file /home/airflow/.local/lib/python3.8/site-packages/airflow/example_dags/example_datasets.py for tasks to queue
[2025-06-14T06:57:35.980+0000] {logging_mixin.py:188} INFO - [2025-06-14T06:57:35.979+0000] {dagbag.py:538} INFO - Filling up the DagBag from /home/airflow/.local/lib/python3.8/site-packages/airflow/example_dags/example_datasets.py
[2025-06-14T06:57:35.992+0000] {processor.py:840} INFO - DAG(s) 'dataset_consumes_1_never_scheduled', 'dataset_consumes_1_and_2', 'dataset_produces_2', 'dataset_produces_1', 'dataset_consumes_unknown_never_scheduled', 'dataset_consumes_1' retrieved from /home/airflow/.local/lib/python3.8/site-packages/airflow/example_dags/example_datasets.py
[2025-06-14T06:57:36.054+0000] {logging_mixin.py:188} INFO - [2025-06-14T06:57:36.053+0000] {dag.py:3036} INFO - Sync 6 DAGs
[2025-06-14T06:57:36.089+0000] {logging_mixin.py:188} INFO - [2025-06-14T06:57:36.089+0000] {dag.py:3823} INFO - Setting next_dagrun for dataset_consumes_1 to None, run_after=None
[2025-06-14T06:57:36.095+0000] {logging_mixin.py:188} INFO - [2025-06-14T06:57:36.095+0000] {dag.py:3823} INFO - Setting next_dagrun for dataset_consumes_1_and_2 to None, run_after=None
[2025-06-14T06:57:36.099+0000] {logging_mixin.py:188} INFO - [2025-06-14T06:57:36.098+0000] {dag.py:3823} INFO - Setting next_dagrun for dataset_consumes_1_never_scheduled to None, run_after=None
[2025-06-14T06:57:36.104+0000] {logging_mixin.py:188} INFO - [2025-06-14T06:57:36.104+0000] {dag.py:3823} INFO - Setting next_dagrun for dataset_consumes_unknown_never_scheduled to None, run_after=None
[2025-06-14T06:57:36.110+0000] {logging_mixin.py:188} INFO - [2025-06-14T06:57:36.109+0000] {dag.py:3823} INFO - Setting next_dagrun for dataset_produces_1 to 2025-06-13 00:00:00+00:00, run_after=2025-06-14 00:00:00+00:00
[2025-06-14T06:57:36.112+0000] {logging_mixin.py:188} INFO - [2025-06-14T06:57:36.112+0000] {dag.py:3823} INFO - Setting next_dagrun for dataset_produces_2 to None, run_after=None
[2025-06-14T06:57:36.159+0000] {processor.py:183} INFO - Processing /home/airflow/.local/lib/python3.8/site-packages/airflow/example_dags/example_datasets.py took 0.187 seconds
[2025-06-14T06:58:06.263+0000] {processor.py:161} INFO - Started process (PID=253) to work on /home/airflow/.local/lib/python3.8/site-packages/airflow/example_dags/example_datasets.py
[2025-06-14T06:58:06.264+0000] {processor.py:830} INFO - Processing file /home/airflow/.local/lib/python3.8/site-packages/airflow/example_dags/example_datasets.py for tasks to queue
[2025-06-14T06:58:06.266+0000] {logging_mixin.py:188} INFO - [2025-06-14T06:58:06.266+0000] {dagbag.py:538} INFO - Filling up the DagBag from /home/airflow/.local/lib/python3.8/site-packages/airflow/example_dags/example_datasets.py
[2025-06-14T06:58:06.278+0000] {processor.py:840} INFO - DAG(s) 'dataset_produces_1', 'dataset_produces_2', 'dataset_consumes_1_and_2', 'dataset_consumes_unknown_never_scheduled', 'dataset_consumes_1', 'dataset_consumes_1_never_scheduled' retrieved from /home/airflow/.local/lib/python3.8/site-packages/airflow/example_dags/example_datasets.py
[2025-06-14T06:58:06.319+0000] {logging_mixin.py:188} INFO - [2025-06-14T06:58:06.319+0000] {dag.py:3036} INFO - Sync 6 DAGs
[2025-06-14T06:58:06.341+0000] {logging_mixin.py:188} INFO - [2025-06-14T06:58:06.341+0000] {dag.py:3823} INFO - Setting next_dagrun for dataset_consumes_1 to None, run_after=None
[2025-06-14T06:58:06.346+0000] {logging_mixin.py:188} INFO - [2025-06-14T06:58:06.345+0000] {dag.py:3823} INFO - Setting next_dagrun for dataset_consumes_1_and_2 to None, run_after=None
[2025-06-14T06:58:06.348+0000] {logging_mixin.py:188} INFO - [2025-06-14T06:58:06.348+0000] {dag.py:3823} INFO - Setting next_dagrun for dataset_consumes_1_never_scheduled to None, run_after=None
[2025-06-14T06:58:06.350+0000] {logging_mixin.py:188} INFO - [2025-06-14T06:58:06.350+0000] {dag.py:3823} INFO - Setting next_dagrun for dataset_consumes_unknown_never_scheduled to None, run_after=None
[2025-06-14T06:58:06.357+0000] {logging_mixin.py:188} INFO - [2025-06-14T06:58:06.357+0000] {dag.py:3823} INFO - Setting next_dagrun for dataset_produces_1 to 2025-06-13 00:00:00+00:00, run_after=2025-06-14 00:00:00+00:00
[2025-06-14T06:58:06.360+0000] {logging_mixin.py:188} INFO - [2025-06-14T06:58:06.360+0000] {dag.py:3823} INFO - Setting next_dagrun for dataset_produces_2 to None, run_after=None
[2025-06-14T06:58:06.416+0000] {processor.py:183} INFO - Processing /home/airflow/.local/lib/python3.8/site-packages/airflow/example_dags/example_datasets.py took 0.157 seconds
[2025-06-14T06:58:36.512+0000] {processor.py:161} INFO - Started process (PID=308) to work on /home/airflow/.local/lib/python3.8/site-packages/airflow/example_dags/example_datasets.py
[2025-06-14T06:58:36.514+0000] {processor.py:830} INFO - Processing file /home/airflow/.local/lib/python3.8/site-packages/airflow/example_dags/example_datasets.py for tasks to queue
[2025-06-14T06:58:36.518+0000] {logging_mixin.py:188} INFO - [2025-06-14T06:58:36.517+0000] {dagbag.py:538} INFO - Filling up the DagBag from /home/airflow/.local/lib/python3.8/site-packages/airflow/example_dags/example_datasets.py
[2025-06-14T06:58:36.531+0000] {processor.py:840} INFO - DAG(s) 'dataset_consumes_1', 'dataset_consumes_1_never_scheduled', 'dataset_produces_2', 'dataset_consumes_unknown_never_scheduled', 'dataset_consumes_1_and_2', 'dataset_produces_1' retrieved from /home/airflow/.local/lib/python3.8/site-packages/airflow/example_dags/example_datasets.py
[2025-06-14T06:58:36.578+0000] {logging_mixin.py:188} INFO - [2025-06-14T06:58:36.577+0000] {dag.py:3036} INFO - Sync 6 DAGs
[2025-06-14T06:58:36.605+0000] {logging_mixin.py:188} INFO - [2025-06-14T06:58:36.604+0000] {dag.py:3823} INFO - Setting next_dagrun for dataset_consumes_1 to None, run_after=None
[2025-06-14T06:58:36.613+0000] {logging_mixin.py:188} INFO - [2025-06-14T06:58:36.613+0000] {dag.py:3823} INFO - Setting next_dagrun for dataset_consumes_1_and_2 to None, run_after=None
[2025-06-14T06:58:36.616+0000] {logging_mixin.py:188} INFO - [2025-06-14T06:58:36.616+0000] {dag.py:3823} INFO - Setting next_dagrun for dataset_consumes_1_never_scheduled to None, run_after=None
[2025-06-14T06:58:36.618+0000] {logging_mixin.py:188} INFO - [2025-06-14T06:58:36.618+0000] {dag.py:3823} INFO - Setting next_dagrun for dataset_consumes_unknown_never_scheduled to None, run_after=None
[2025-06-14T06:58:36.624+0000] {logging_mixin.py:188} INFO - [2025-06-14T06:58:36.624+0000] {dag.py:3823} INFO - Setting next_dagrun for dataset_produces_1 to 2025-06-13 00:00:00+00:00, run_after=2025-06-14 00:00:00+00:00
[2025-06-14T06:58:36.626+0000] {logging_mixin.py:188} INFO - [2025-06-14T06:58:36.626+0000] {dag.py:3823} INFO - Setting next_dagrun for dataset_produces_2 to None, run_after=None
[2025-06-14T06:58:36.684+0000] {processor.py:183} INFO - Processing /home/airflow/.local/lib/python3.8/site-packages/airflow/example_dags/example_datasets.py took 0.175 seconds
[2025-06-14T06:59:06.825+0000] {processor.py:161} INFO - Started process (PID=363) to work on /home/airflow/.local/lib/python3.8/site-packages/airflow/example_dags/example_datasets.py
[2025-06-14T06:59:06.827+0000] {processor.py:830} INFO - Processing file /home/airflow/.local/lib/python3.8/site-packages/airflow/example_dags/example_datasets.py for tasks to queue
[2025-06-14T06:59:06.829+0000] {logging_mixin.py:188} INFO - [2025-06-14T06:59:06.829+0000] {dagbag.py:538} INFO - Filling up the DagBag from /home/airflow/.local/lib/python3.8/site-packages/airflow/example_dags/example_datasets.py
[2025-06-14T06:59:06.844+0000] {processor.py:840} INFO - DAG(s) 'dataset_consumes_1_and_2', 'dataset_consumes_unknown_never_scheduled', 'dataset_consumes_1_never_scheduled', 'dataset_produces_1', 'dataset_produces_2', 'dataset_consumes_1' retrieved from /home/airflow/.local/lib/python3.8/site-packages/airflow/example_dags/example_datasets.py
[2025-06-14T06:59:06.898+0000] {logging_mixin.py:188} INFO - [2025-06-14T06:59:06.898+0000] {dag.py:3036} INFO - Sync 6 DAGs
[2025-06-14T06:59:06.930+0000] {logging_mixin.py:188} INFO - [2025-06-14T06:59:06.930+0000] {dag.py:3823} INFO - Setting next_dagrun for dataset_consumes_1 to None, run_after=None
[2025-06-14T06:59:06.936+0000] {logging_mixin.py:188} INFO - [2025-06-14T06:59:06.935+0000] {dag.py:3823} INFO - Setting next_dagrun for dataset_consumes_1_and_2 to None, run_after=None
[2025-06-14T06:59:06.938+0000] {logging_mixin.py:188} INFO - [2025-06-14T06:59:06.938+0000] {dag.py:3823} INFO - Setting next_dagrun for dataset_consumes_1_never_scheduled to None, run_after=None
[2025-06-14T06:59:06.941+0000] {logging_mixin.py:188} INFO - [2025-06-14T06:59:06.940+0000] {dag.py:3823} INFO - Setting next_dagrun for dataset_consumes_unknown_never_scheduled to None, run_after=None
[2025-06-14T06:59:06.944+0000] {logging_mixin.py:188} INFO - [2025-06-14T06:59:06.944+0000] {dag.py:3823} INFO - Setting next_dagrun for dataset_produces_1 to 2025-06-13 00:00:00+00:00, run_after=2025-06-14 00:00:00+00:00
[2025-06-14T06:59:06.947+0000] {logging_mixin.py:188} INFO - [2025-06-14T06:59:06.947+0000] {dag.py:3823} INFO - Setting next_dagrun for dataset_produces_2 to None, run_after=None
[2025-06-14T06:59:06.996+0000] {processor.py:183} INFO - Processing /home/airflow/.local/lib/python3.8/site-packages/airflow/example_dags/example_datasets.py took 0.175 seconds
[2025-06-14T06:59:37.077+0000] {processor.py:161} INFO - Started process (PID=418) to work on /home/airflow/.local/lib/python3.8/site-packages/airflow/example_dags/example_datasets.py
[2025-06-14T06:59:37.078+0000] {processor.py:830} INFO - Processing file /home/airflow/.local/lib/python3.8/site-packages/airflow/example_dags/example_datasets.py for tasks to queue
[2025-06-14T06:59:37.080+0000] {logging_mixin.py:188} INFO - [2025-06-14T06:59:37.080+0000] {dagbag.py:538} INFO - Filling up the DagBag from /home/airflow/.local/lib/python3.8/site-packages/airflow/example_dags/example_datasets.py
[2025-06-14T06:59:37.089+0000] {processor.py:840} INFO - DAG(s) 'dataset_consumes_1_and_2', 'dataset_produces_1', 'dataset_consumes_1_never_scheduled', 'dataset_produces_2', 'dataset_consumes_unknown_never_scheduled', 'dataset_consumes_1' retrieved from /home/airflow/.local/lib/python3.8/site-packages/airflow/example_dags/example_datasets.py
[2025-06-14T06:59:37.127+0000] {logging_mixin.py:188} INFO - [2025-06-14T06:59:37.127+0000] {dag.py:3036} INFO - Sync 6 DAGs
[2025-06-14T06:59:37.151+0000] {logging_mixin.py:188} INFO - [2025-06-14T06:59:37.151+0000] {dag.py:3823} INFO - Setting next_dagrun for dataset_consumes_1 to None, run_after=None
[2025-06-14T06:59:37.155+0000] {logging_mixin.py:188} INFO - [2025-06-14T06:59:37.155+0000] {dag.py:3823} INFO - Setting next_dagrun for dataset_consumes_1_and_2 to None, run_after=None
[2025-06-14T06:59:37.157+0000] {logging_mixin.py:188} INFO - [2025-06-14T06:59:37.157+0000] {dag.py:3823} INFO - Setting next_dagrun for dataset_consumes_1_never_scheduled to None, run_after=None
[2025-06-14T06:59:37.159+0000] {logging_mixin.py:188} INFO - [2025-06-14T06:59:37.159+0000] {dag.py:3823} INFO - Setting next_dagrun for dataset_consumes_unknown_never_scheduled to None, run_after=None
[2025-06-14T06:59:37.163+0000] {logging_mixin.py:188} INFO - [2025-06-14T06:59:37.162+0000] {dag.py:3823} INFO - Setting next_dagrun for dataset_produces_1 to 2025-06-13 00:00:00+00:00, run_after=2025-06-14 00:00:00+00:00
[2025-06-14T06:59:37.168+0000] {logging_mixin.py:188} INFO - [2025-06-14T06:59:37.167+0000] {dag.py:3823} INFO - Setting next_dagrun for dataset_produces_2 to None, run_after=None
[2025-06-14T06:59:37.207+0000] {processor.py:183} INFO - Processing /home/airflow/.local/lib/python3.8/site-packages/airflow/example_dags/example_datasets.py took 0.133 seconds
[2025-06-14T07:00:07.379+0000] {processor.py:161} INFO - Started process (PID=474) to work on /home/airflow/.local/lib/python3.8/site-packages/airflow/example_dags/example_datasets.py
[2025-06-14T07:00:07.380+0000] {processor.py:830} INFO - Processing file /home/airflow/.local/lib/python3.8/site-packages/airflow/example_dags/example_datasets.py for tasks to queue
[2025-06-14T07:00:07.383+0000] {logging_mixin.py:188} INFO - [2025-06-14T07:00:07.383+0000] {dagbag.py:538} INFO - Filling up the DagBag from /home/airflow/.local/lib/python3.8/site-packages/airflow/example_dags/example_datasets.py
[2025-06-14T07:00:07.396+0000] {processor.py:840} INFO - DAG(s) 'dataset_consumes_1_never_scheduled', 'dataset_produces_2', 'dataset_consumes_1', 'dataset_consumes_1_and_2', 'dataset_produces_1', 'dataset_consumes_unknown_never_scheduled' retrieved from /home/airflow/.local/lib/python3.8/site-packages/airflow/example_dags/example_datasets.py
[2025-06-14T07:00:07.442+0000] {logging_mixin.py:188} INFO - [2025-06-14T07:00:07.441+0000] {dag.py:3036} INFO - Sync 6 DAGs
[2025-06-14T07:00:07.469+0000] {logging_mixin.py:188} INFO - [2025-06-14T07:00:07.469+0000] {dag.py:3823} INFO - Setting next_dagrun for dataset_consumes_1 to None, run_after=None
[2025-06-14T07:00:07.473+0000] {logging_mixin.py:188} INFO - [2025-06-14T07:00:07.473+0000] {dag.py:3823} INFO - Setting next_dagrun for dataset_consumes_1_and_2 to None, run_after=None
[2025-06-14T07:00:07.476+0000] {logging_mixin.py:188} INFO - [2025-06-14T07:00:07.475+0000] {dag.py:3823} INFO - Setting next_dagrun for dataset_consumes_1_never_scheduled to None, run_after=None
[2025-06-14T07:00:07.478+0000] {logging_mixin.py:188} INFO - [2025-06-14T07:00:07.477+0000] {dag.py:3823} INFO - Setting next_dagrun for dataset_consumes_unknown_never_scheduled to None, run_after=None
[2025-06-14T07:00:07.482+0000] {logging_mixin.py:188} INFO - [2025-06-14T07:00:07.482+0000] {dag.py:3823} INFO - Setting next_dagrun for dataset_produces_1 to 2025-06-13 00:00:00+00:00, run_after=2025-06-14 00:00:00+00:00
[2025-06-14T07:00:07.486+0000] {logging_mixin.py:188} INFO - [2025-06-14T07:00:07.486+0000] {dag.py:3823} INFO - Setting next_dagrun for dataset_produces_2 to None, run_after=None
[2025-06-14T07:00:07.525+0000] {processor.py:183} INFO - Processing /home/airflow/.local/lib/python3.8/site-packages/airflow/example_dags/example_datasets.py took 0.149 seconds
