[2025-06-14T06:56:31.874+0000] {processor.py:161} INFO - Started process (PID=83) to work on /home/airflow/.local/lib/python3.8/site-packages/airflow/example_dags/example_branch_python_dop_operator_3.py
[2025-06-14T06:56:31.877+0000] {processor.py:830} INFO - Processing file /home/airflow/.local/lib/python3.8/site-packages/airflow/example_dags/example_branch_python_dop_operator_3.py for tasks to queue
[2025-06-14T06:56:31.881+0000] {logging_mixin.py:188} INFO - [2025-06-14T06:56:31.881+0000] {dagbag.py:538} INFO - Filling up the DagBag from /home/airflow/.local/lib/python3.8/site-packages/airflow/example_dags/example_branch_python_dop_operator_3.py
[2025-06-14T06:56:31.923+0000] {processor.py:840} INFO - DAG(s) 'example_branch_dop_operator_v3' retrieved from /home/airflow/.local/lib/python3.8/site-packages/airflow/example_dags/example_branch_python_dop_operator_3.py
[2025-06-14T06:56:32.281+0000] {logging_mixin.py:188} INFO - [2025-06-14T06:56:32.281+0000] {dag.py:3036} INFO - Sync 1 DAGs
[2025-06-14T06:56:32.368+0000] {logging_mixin.py:188} INFO - [2025-06-14T06:56:32.368+0000] {dag.py:3823} INFO - Setting next_dagrun for example_branch_dop_operator_v3 to 2025-06-14 06:55:00+00:00, run_after=2025-06-14 06:56:00+00:00
[2025-06-14T06:56:32.468+0000] {processor.py:183} INFO - Processing /home/airflow/.local/lib/python3.8/site-packages/airflow/example_dags/example_branch_python_dop_operator_3.py took 0.601 seconds
[2025-06-14T06:57:03.218+0000] {processor.py:161} INFO - Started process (PID=138) to work on /home/airflow/.local/lib/python3.8/site-packages/airflow/example_dags/example_branch_python_dop_operator_3.py
[2025-06-14T06:57:03.220+0000] {processor.py:830} INFO - Processing file /home/airflow/.local/lib/python3.8/site-packages/airflow/example_dags/example_branch_python_dop_operator_3.py for tasks to queue
[2025-06-14T06:57:03.225+0000] {logging_mixin.py:188} INFO - [2025-06-14T06:57:03.223+0000] {dagbag.py:538} INFO - Filling up the DagBag from /home/airflow/.local/lib/python3.8/site-packages/airflow/example_dags/example_branch_python_dop_operator_3.py
[2025-06-14T06:57:03.237+0000] {processor.py:840} INFO - DAG(s) 'example_branch_dop_operator_v3' retrieved from /home/airflow/.local/lib/python3.8/site-packages/airflow/example_dags/example_branch_python_dop_operator_3.py
[2025-06-14T06:57:03.265+0000] {logging_mixin.py:188} INFO - [2025-06-14T06:57:03.264+0000] {dag.py:3036} INFO - Sync 1 DAGs
[2025-06-14T06:57:03.302+0000] {logging_mixin.py:188} INFO - [2025-06-14T06:57:03.302+0000] {dag.py:3823} INFO - Setting next_dagrun for example_branch_dop_operator_v3 to 2025-06-14 06:56:00+00:00, run_after=2025-06-14 06:57:00+00:00
[2025-06-14T06:57:03.342+0000] {processor.py:183} INFO - Processing /home/airflow/.local/lib/python3.8/site-packages/airflow/example_dags/example_branch_python_dop_operator_3.py took 0.129 seconds
[2025-06-14T06:57:33.548+0000] {processor.py:161} INFO - Started process (PID=193) to work on /home/airflow/.local/lib/python3.8/site-packages/airflow/example_dags/example_branch_python_dop_operator_3.py
[2025-06-14T06:57:33.550+0000] {processor.py:830} INFO - Processing file /home/airflow/.local/lib/python3.8/site-packages/airflow/example_dags/example_branch_python_dop_operator_3.py for tasks to queue
[2025-06-14T06:57:33.552+0000] {logging_mixin.py:188} INFO - [2025-06-14T06:57:33.552+0000] {dagbag.py:538} INFO - Filling up the DagBag from /home/airflow/.local/lib/python3.8/site-packages/airflow/example_dags/example_branch_python_dop_operator_3.py
[2025-06-14T06:57:33.561+0000] {processor.py:840} INFO - DAG(s) 'example_branch_dop_operator_v3' retrieved from /home/airflow/.local/lib/python3.8/site-packages/airflow/example_dags/example_branch_python_dop_operator_3.py
[2025-06-14T06:57:33.583+0000] {logging_mixin.py:188} INFO - [2025-06-14T06:57:33.583+0000] {dag.py:3036} INFO - Sync 1 DAGs
[2025-06-14T06:57:33.609+0000] {logging_mixin.py:188} INFO - [2025-06-14T06:57:33.609+0000] {dag.py:3823} INFO - Setting next_dagrun for example_branch_dop_operator_v3 to 2025-06-14 06:56:00+00:00, run_after=2025-06-14 06:57:00+00:00
[2025-06-14T06:57:33.633+0000] {processor.py:183} INFO - Processing /home/airflow/.local/lib/python3.8/site-packages/airflow/example_dags/example_branch_python_dop_operator_3.py took 0.087 seconds
[2025-06-14T06:58:03.803+0000] {processor.py:161} INFO - Started process (PID=248) to work on /home/airflow/.local/lib/python3.8/site-packages/airflow/example_dags/example_branch_python_dop_operator_3.py
[2025-06-14T06:58:03.805+0000] {processor.py:830} INFO - Processing file /home/airflow/.local/lib/python3.8/site-packages/airflow/example_dags/example_branch_python_dop_operator_3.py for tasks to queue
[2025-06-14T06:58:03.807+0000] {logging_mixin.py:188} INFO - [2025-06-14T06:58:03.807+0000] {dagbag.py:538} INFO - Filling up the DagBag from /home/airflow/.local/lib/python3.8/site-packages/airflow/example_dags/example_branch_python_dop_operator_3.py
[2025-06-14T06:58:03.815+0000] {processor.py:840} INFO - DAG(s) 'example_branch_dop_operator_v3' retrieved from /home/airflow/.local/lib/python3.8/site-packages/airflow/example_dags/example_branch_python_dop_operator_3.py
[2025-06-14T06:58:03.840+0000] {logging_mixin.py:188} INFO - [2025-06-14T06:58:03.840+0000] {dag.py:3036} INFO - Sync 1 DAGs
[2025-06-14T06:58:03.867+0000] {logging_mixin.py:188} INFO - [2025-06-14T06:58:03.867+0000] {dag.py:3823} INFO - Setting next_dagrun for example_branch_dop_operator_v3 to 2025-06-14 06:57:00+00:00, run_after=2025-06-14 06:58:00+00:00
[2025-06-14T06:58:03.898+0000] {processor.py:183} INFO - Processing /home/airflow/.local/lib/python3.8/site-packages/airflow/example_dags/example_branch_python_dop_operator_3.py took 0.099 seconds
[2025-06-14T06:58:34.047+0000] {processor.py:161} INFO - Started process (PID=303) to work on /home/airflow/.local/lib/python3.8/site-packages/airflow/example_dags/example_branch_python_dop_operator_3.py
[2025-06-14T06:58:34.049+0000] {processor.py:830} INFO - Processing file /home/airflow/.local/lib/python3.8/site-packages/airflow/example_dags/example_branch_python_dop_operator_3.py for tasks to queue
[2025-06-14T06:58:34.051+0000] {logging_mixin.py:188} INFO - [2025-06-14T06:58:34.051+0000] {dagbag.py:538} INFO - Filling up the DagBag from /home/airflow/.local/lib/python3.8/site-packages/airflow/example_dags/example_branch_python_dop_operator_3.py
[2025-06-14T06:58:34.059+0000] {processor.py:840} INFO - DAG(s) 'example_branch_dop_operator_v3' retrieved from /home/airflow/.local/lib/python3.8/site-packages/airflow/example_dags/example_branch_python_dop_operator_3.py
[2025-06-14T06:58:34.087+0000] {logging_mixin.py:188} INFO - [2025-06-14T06:58:34.086+0000] {dag.py:3036} INFO - Sync 1 DAGs
[2025-06-14T06:58:34.114+0000] {logging_mixin.py:188} INFO - [2025-06-14T06:58:34.114+0000] {dag.py:3823} INFO - Setting next_dagrun for example_branch_dop_operator_v3 to 2025-06-14 06:57:00+00:00, run_after=2025-06-14 06:58:00+00:00
[2025-06-14T06:58:34.135+0000] {processor.py:183} INFO - Processing /home/airflow/.local/lib/python3.8/site-packages/airflow/example_dags/example_branch_python_dop_operator_3.py took 0.090 seconds
[2025-06-14T06:59:04.198+0000] {processor.py:161} INFO - Started process (PID=357) to work on /home/airflow/.local/lib/python3.8/site-packages/airflow/example_dags/example_branch_python_dop_operator_3.py
[2025-06-14T06:59:04.199+0000] {processor.py:830} INFO - Processing file /home/airflow/.local/lib/python3.8/site-packages/airflow/example_dags/example_branch_python_dop_operator_3.py for tasks to queue
[2025-06-14T06:59:04.201+0000] {logging_mixin.py:188} INFO - [2025-06-14T06:59:04.201+0000] {dagbag.py:538} INFO - Filling up the DagBag from /home/airflow/.local/lib/python3.8/site-packages/airflow/example_dags/example_branch_python_dop_operator_3.py
[2025-06-14T06:59:04.209+0000] {processor.py:840} INFO - DAG(s) 'example_branch_dop_operator_v3' retrieved from /home/airflow/.local/lib/python3.8/site-packages/airflow/example_dags/example_branch_python_dop_operator_3.py
[2025-06-14T06:59:04.227+0000] {logging_mixin.py:188} INFO - [2025-06-14T06:59:04.227+0000] {dag.py:3036} INFO - Sync 1 DAGs
[2025-06-14T06:59:04.248+0000] {logging_mixin.py:188} INFO - [2025-06-14T06:59:04.248+0000] {dag.py:3823} INFO - Setting next_dagrun for example_branch_dop_operator_v3 to 2025-06-14 06:58:00+00:00, run_after=2025-06-14 06:59:00+00:00
[2025-06-14T06:59:04.267+0000] {processor.py:183} INFO - Processing /home/airflow/.local/lib/python3.8/site-packages/airflow/example_dags/example_branch_python_dop_operator_3.py took 0.072 seconds
[2025-06-14T06:59:34.385+0000] {processor.py:161} INFO - Started process (PID=412) to work on /home/airflow/.local/lib/python3.8/site-packages/airflow/example_dags/example_branch_python_dop_operator_3.py
[2025-06-14T06:59:34.386+0000] {processor.py:830} INFO - Processing file /home/airflow/.local/lib/python3.8/site-packages/airflow/example_dags/example_branch_python_dop_operator_3.py for tasks to queue
[2025-06-14T06:59:34.389+0000] {logging_mixin.py:188} INFO - [2025-06-14T06:59:34.388+0000] {dagbag.py:538} INFO - Filling up the DagBag from /home/airflow/.local/lib/python3.8/site-packages/airflow/example_dags/example_branch_python_dop_operator_3.py
[2025-06-14T06:59:34.399+0000] {processor.py:840} INFO - DAG(s) 'example_branch_dop_operator_v3' retrieved from /home/airflow/.local/lib/python3.8/site-packages/airflow/example_dags/example_branch_python_dop_operator_3.py
[2025-06-14T06:59:34.420+0000] {logging_mixin.py:188} INFO - [2025-06-14T06:59:34.420+0000] {dag.py:3036} INFO - Sync 1 DAGs
[2025-06-14T06:59:34.443+0000] {logging_mixin.py:188} INFO - [2025-06-14T06:59:34.443+0000] {dag.py:3823} INFO - Setting next_dagrun for example_branch_dop_operator_v3 to 2025-06-14 06:58:00+00:00, run_after=2025-06-14 06:59:00+00:00
[2025-06-14T06:59:34.475+0000] {processor.py:183} INFO - Processing /home/airflow/.local/lib/python3.8/site-packages/airflow/example_dags/example_branch_python_dop_operator_3.py took 0.094 seconds
[2025-06-14T07:00:04.659+0000] {processor.py:161} INFO - Started process (PID=467) to work on /home/airflow/.local/lib/python3.8/site-packages/airflow/example_dags/example_branch_python_dop_operator_3.py
[2025-06-14T07:00:04.661+0000] {processor.py:830} INFO - Processing file /home/airflow/.local/lib/python3.8/site-packages/airflow/example_dags/example_branch_python_dop_operator_3.py for tasks to queue
[2025-06-14T07:00:04.663+0000] {logging_mixin.py:188} INFO - [2025-06-14T07:00:04.662+0000] {dagbag.py:538} INFO - Filling up the DagBag from /home/airflow/.local/lib/python3.8/site-packages/airflow/example_dags/example_branch_python_dop_operator_3.py
[2025-06-14T07:00:04.674+0000] {processor.py:840} INFO - DAG(s) 'example_branch_dop_operator_v3' retrieved from /home/airflow/.local/lib/python3.8/site-packages/airflow/example_dags/example_branch_python_dop_operator_3.py
[2025-06-14T07:00:04.701+0000] {logging_mixin.py:188} INFO - [2025-06-14T07:00:04.700+0000] {dag.py:3036} INFO - Sync 1 DAGs
[2025-06-14T07:00:04.728+0000] {logging_mixin.py:188} INFO - [2025-06-14T07:00:04.728+0000] {dag.py:3823} INFO - Setting next_dagrun for example_branch_dop_operator_v3 to 2025-06-14 06:59:00+00:00, run_after=2025-06-14 07:00:00+00:00
[2025-06-14T07:00:04.756+0000] {processor.py:183} INFO - Processing /home/airflow/.local/lib/python3.8/site-packages/airflow/example_dags/example_branch_python_dop_operator_3.py took 0.102 seconds
