[2025-06-14T06:56:37.907+0000] {processor.py:161} INFO - Started process (PID=105) to work on /home/airflow/.local/lib/python3.8/site-packages/airflow/example_dags/tutorial.py
[2025-06-14T06:56:37.909+0000] {processor.py:830} INFO - Processing file /home/airflow/.local/lib/python3.8/site-packages/airflow/example_dags/tutorial.py for tasks to queue
[2025-06-14T06:56:37.914+0000] {logging_mixin.py:188} INFO - [2025-06-14T06:56:37.914+0000] {dagbag.py:538} INFO - Filling up the DagBag from /home/airflow/.local/lib/python3.8/site-packages/airflow/example_dags/tutorial.py
[2025-06-14T06:56:37.925+0000] {processor.py:840} INFO - DAG(s) 'tutorial' retrieved from /home/airflow/.local/lib/python3.8/site-packages/airflow/example_dags/tutorial.py
[2025-06-14T06:56:38.145+0000] {logging_mixin.py:188} INFO - [2025-06-14T06:56:38.144+0000] {dag.py:3036} INFO - Sync 1 DAGs
[2025-06-14T06:56:38.183+0000] {logging_mixin.py:188} INFO - [2025-06-14T06:56:38.183+0000] {dag.py:3823} INFO - Setting next_dagrun for tutorial to 2025-06-13 00:00:00+00:00, run_after=2025-06-14 00:00:00+00:00
[2025-06-14T06:56:38.228+0000] {processor.py:183} INFO - Processing /home/airflow/.local/lib/python3.8/site-packages/airflow/example_dags/tutorial.py took 0.327 seconds
[2025-06-14T06:57:08.399+0000] {processor.py:161} INFO - Started process (PID=160) to work on /home/airflow/.local/lib/python3.8/site-packages/airflow/example_dags/tutorial.py
[2025-06-14T06:57:08.401+0000] {processor.py:830} INFO - Processing file /home/airflow/.local/lib/python3.8/site-packages/airflow/example_dags/tutorial.py for tasks to queue
[2025-06-14T06:57:08.403+0000] {logging_mixin.py:188} INFO - [2025-06-14T06:57:08.402+0000] {dagbag.py:538} INFO - Filling up the DagBag from /home/airflow/.local/lib/python3.8/site-packages/airflow/example_dags/tutorial.py
[2025-06-14T06:57:08.410+0000] {processor.py:840} INFO - DAG(s) 'tutorial' retrieved from /home/airflow/.local/lib/python3.8/site-packages/airflow/example_dags/tutorial.py
[2025-06-14T06:57:08.436+0000] {logging_mixin.py:188} INFO - [2025-06-14T06:57:08.435+0000] {dag.py:3036} INFO - Sync 1 DAGs
[2025-06-14T06:57:08.467+0000] {logging_mixin.py:188} INFO - [2025-06-14T06:57:08.467+0000] {dag.py:3823} INFO - Setting next_dagrun for tutorial to 2025-06-13 00:00:00+00:00, run_after=2025-06-14 00:00:00+00:00
[2025-06-14T06:57:08.495+0000] {processor.py:183} INFO - Processing /home/airflow/.local/lib/python3.8/site-packages/airflow/example_dags/tutorial.py took 0.099 seconds
[2025-06-14T06:57:39.533+0000] {processor.py:161} INFO - Started process (PID=215) to work on /home/airflow/.local/lib/python3.8/site-packages/airflow/example_dags/tutorial.py
[2025-06-14T06:57:39.535+0000] {processor.py:830} INFO - Processing file /home/airflow/.local/lib/python3.8/site-packages/airflow/example_dags/tutorial.py for tasks to queue
[2025-06-14T06:57:39.539+0000] {logging_mixin.py:188} INFO - [2025-06-14T06:57:39.538+0000] {dagbag.py:538} INFO - Filling up the DagBag from /home/airflow/.local/lib/python3.8/site-packages/airflow/example_dags/tutorial.py
[2025-06-14T06:57:39.548+0000] {processor.py:840} INFO - DAG(s) 'tutorial' retrieved from /home/airflow/.local/lib/python3.8/site-packages/airflow/example_dags/tutorial.py
[2025-06-14T06:57:39.577+0000] {logging_mixin.py:188} INFO - [2025-06-14T06:57:39.576+0000] {dag.py:3036} INFO - Sync 1 DAGs
[2025-06-14T06:57:39.611+0000] {logging_mixin.py:188} INFO - [2025-06-14T06:57:39.611+0000] {dag.py:3823} INFO - Setting next_dagrun for tutorial to 2025-06-13 00:00:00+00:00, run_after=2025-06-14 00:00:00+00:00
[2025-06-14T06:57:39.644+0000] {processor.py:183} INFO - Processing /home/airflow/.local/lib/python3.8/site-packages/airflow/example_dags/tutorial.py took 0.116 seconds
[2025-06-14T06:58:09.727+0000] {processor.py:161} INFO - Started process (PID=270) to work on /home/airflow/.local/lib/python3.8/site-packages/airflow/example_dags/tutorial.py
[2025-06-14T06:58:09.729+0000] {processor.py:830} INFO - Processing file /home/airflow/.local/lib/python3.8/site-packages/airflow/example_dags/tutorial.py for tasks to queue
[2025-06-14T06:58:09.732+0000] {logging_mixin.py:188} INFO - [2025-06-14T06:58:09.732+0000] {dagbag.py:538} INFO - Filling up the DagBag from /home/airflow/.local/lib/python3.8/site-packages/airflow/example_dags/tutorial.py
[2025-06-14T06:58:09.740+0000] {processor.py:840} INFO - DAG(s) 'tutorial' retrieved from /home/airflow/.local/lib/python3.8/site-packages/airflow/example_dags/tutorial.py
[2025-06-14T06:58:09.766+0000] {logging_mixin.py:188} INFO - [2025-06-14T06:58:09.766+0000] {dag.py:3036} INFO - Sync 1 DAGs
[2025-06-14T06:58:09.792+0000] {logging_mixin.py:188} INFO - [2025-06-14T06:58:09.791+0000] {dag.py:3823} INFO - Setting next_dagrun for tutorial to 2025-06-13 00:00:00+00:00, run_after=2025-06-14 00:00:00+00:00
[2025-06-14T06:58:09.819+0000] {processor.py:183} INFO - Processing /home/airflow/.local/lib/python3.8/site-packages/airflow/example_dags/tutorial.py took 0.097 seconds
[2025-06-14T06:58:39.913+0000] {processor.py:161} INFO - Started process (PID=325) to work on /home/airflow/.local/lib/python3.8/site-packages/airflow/example_dags/tutorial.py
[2025-06-14T06:58:39.915+0000] {processor.py:830} INFO - Processing file /home/airflow/.local/lib/python3.8/site-packages/airflow/example_dags/tutorial.py for tasks to queue
[2025-06-14T06:58:39.917+0000] {logging_mixin.py:188} INFO - [2025-06-14T06:58:39.917+0000] {dagbag.py:538} INFO - Filling up the DagBag from /home/airflow/.local/lib/python3.8/site-packages/airflow/example_dags/tutorial.py
[2025-06-14T06:58:39.925+0000] {processor.py:840} INFO - DAG(s) 'tutorial' retrieved from /home/airflow/.local/lib/python3.8/site-packages/airflow/example_dags/tutorial.py
[2025-06-14T06:58:39.957+0000] {logging_mixin.py:188} INFO - [2025-06-14T06:58:39.957+0000] {dag.py:3036} INFO - Sync 1 DAGs
[2025-06-14T06:58:39.987+0000] {logging_mixin.py:188} INFO - [2025-06-14T06:58:39.987+0000] {dag.py:3823} INFO - Setting next_dagrun for tutorial to 2025-06-13 00:00:00+00:00, run_after=2025-06-14 00:00:00+00:00
[2025-06-14T06:58:40.019+0000] {processor.py:183} INFO - Processing /home/airflow/.local/lib/python3.8/site-packages/airflow/example_dags/tutorial.py took 0.110 seconds
[2025-06-14T06:59:10.293+0000] {processor.py:161} INFO - Started process (PID=380) to work on /home/airflow/.local/lib/python3.8/site-packages/airflow/example_dags/tutorial.py
[2025-06-14T06:59:10.294+0000] {processor.py:830} INFO - Processing file /home/airflow/.local/lib/python3.8/site-packages/airflow/example_dags/tutorial.py for tasks to queue
[2025-06-14T06:59:10.297+0000] {logging_mixin.py:188} INFO - [2025-06-14T06:59:10.296+0000] {dagbag.py:538} INFO - Filling up the DagBag from /home/airflow/.local/lib/python3.8/site-packages/airflow/example_dags/tutorial.py
[2025-06-14T06:59:10.304+0000] {processor.py:840} INFO - DAG(s) 'tutorial' retrieved from /home/airflow/.local/lib/python3.8/site-packages/airflow/example_dags/tutorial.py
[2025-06-14T06:59:10.326+0000] {logging_mixin.py:188} INFO - [2025-06-14T06:59:10.326+0000] {dag.py:3036} INFO - Sync 1 DAGs
[2025-06-14T06:59:10.349+0000] {logging_mixin.py:188} INFO - [2025-06-14T06:59:10.348+0000] {dag.py:3823} INFO - Setting next_dagrun for tutorial to 2025-06-13 00:00:00+00:00, run_after=2025-06-14 00:00:00+00:00
[2025-06-14T06:59:10.370+0000] {processor.py:183} INFO - Processing /home/airflow/.local/lib/python3.8/site-packages/airflow/example_dags/tutorial.py took 0.080 seconds
[2025-06-14T06:59:40.681+0000] {processor.py:161} INFO - Started process (PID=435) to work on /home/airflow/.local/lib/python3.8/site-packages/airflow/example_dags/tutorial.py
[2025-06-14T06:59:40.684+0000] {processor.py:830} INFO - Processing file /home/airflow/.local/lib/python3.8/site-packages/airflow/example_dags/tutorial.py for tasks to queue
[2025-06-14T06:59:40.687+0000] {logging_mixin.py:188} INFO - [2025-06-14T06:59:40.687+0000] {dagbag.py:538} INFO - Filling up the DagBag from /home/airflow/.local/lib/python3.8/site-packages/airflow/example_dags/tutorial.py
[2025-06-14T06:59:40.692+0000] {processor.py:840} INFO - DAG(s) 'tutorial' retrieved from /home/airflow/.local/lib/python3.8/site-packages/airflow/example_dags/tutorial.py
[2025-06-14T06:59:40.723+0000] {logging_mixin.py:188} INFO - [2025-06-14T06:59:40.723+0000] {dag.py:3036} INFO - Sync 1 DAGs
[2025-06-14T06:59:40.754+0000] {logging_mixin.py:188} INFO - [2025-06-14T06:59:40.753+0000] {dag.py:3823} INFO - Setting next_dagrun for tutorial to 2025-06-13 00:00:00+00:00, run_after=2025-06-14 00:00:00+00:00
[2025-06-14T06:59:40.776+0000] {processor.py:183} INFO - Processing /home/airflow/.local/lib/python3.8/site-packages/airflow/example_dags/tutorial.py took 0.098 seconds
[2025-06-14T07:00:10.831+0000] {processor.py:161} INFO - Started process (PID=490) to work on /home/airflow/.local/lib/python3.8/site-packages/airflow/example_dags/tutorial.py
[2025-06-14T07:00:10.832+0000] {processor.py:830} INFO - Processing file /home/airflow/.local/lib/python3.8/site-packages/airflow/example_dags/tutorial.py for tasks to queue
[2025-06-14T07:00:10.835+0000] {logging_mixin.py:188} INFO - [2025-06-14T07:00:10.834+0000] {dagbag.py:538} INFO - Filling up the DagBag from /home/airflow/.local/lib/python3.8/site-packages/airflow/example_dags/tutorial.py
[2025-06-14T07:00:10.843+0000] {processor.py:840} INFO - DAG(s) 'tutorial' retrieved from /home/airflow/.local/lib/python3.8/site-packages/airflow/example_dags/tutorial.py
[2025-06-14T07:00:10.875+0000] {logging_mixin.py:188} INFO - [2025-06-14T07:00:10.875+0000] {dag.py:3036} INFO - Sync 1 DAGs
[2025-06-14T07:00:10.911+0000] {logging_mixin.py:188} INFO - [2025-06-14T07:00:10.911+0000] {dag.py:3823} INFO - Setting next_dagrun for tutorial to 2025-06-13 00:00:00+00:00, run_after=2025-06-14 00:00:00+00:00
[2025-06-14T07:00:10.945+0000] {processor.py:183} INFO - Processing /home/airflow/.local/lib/python3.8/site-packages/airflow/example_dags/tutorial.py took 0.119 seconds
